2025-05-24 01:17:21,982-INFO-logger-log_info-Added Parse Panel: ID=1, Name='解析面板 1 (ID: C1)'
2025-05-24 01:17:21,986-INFO-logger-log_info-Added Send Panel: ID=1, Name='发送面板 1 (ID: CA)'
2025-05-24 01:17:22,057-INFO-logger-log_info-已从外部文件加载并应用QSS样式: E:/MY_projects/YJ_toolV4/my_custom_style.qss
2025-05-24 01:17:22,057-INFO-logger-log_info-Permanently removed parse panel ID: 1, Name: '解析面板 1 (ID: C1)'
2025-05-24 01:17:22,064-INFO-logger-log_info-Added Parse Panel: ID=1, Name='解析面板 1 (ID: C1)'
2025-05-24 01:17:22,064-INFO-logger-log_info-Permanently removed send panel ID: 1, Name: '发送面板 1 (ID: CA)'
2025-05-24 01:17:22,068-INFO-logger-log_info-Added Send Panel: ID=1, Name='发送面板 1 (ID: CA)'
2025-05-24 01:17:22,069-INFO-logger-log_info-配置已加载并应用到UI。
2025-05-24 01:17:22,078-INFO-logger-log_info-应用程序启动。
2025-05-24 01:17:32,471-INFO-logger-log_info-应用程序正在关闭。
2025-05-24 01:17:32,483-INFO-logger-log_info-配置已保存。
2025-05-24 01:17:32,483-INFO-logger-log_info-配置已在退出时自动保存。
2025-05-24 01:17:44,117-INFO-logger-log_info-Added Parse Panel: ID=1, Name='解析面板 1 (ID: C1)'
2025-05-24 01:17:44,120-INFO-logger-log_info-Added Send Panel: ID=1, Name='发送面板 1 (ID: CA)'
2025-05-24 01:17:44,167-INFO-logger-log_info-已从外部文件加载并应用QSS样式: E:/MY_projects/YJ_toolV4/my_custom_style.qss
2025-05-24 01:17:44,167-INFO-logger-log_info-Permanently removed parse panel ID: 1, Name: '解析面板 1 (ID: C1)'
2025-05-24 01:17:44,177-INFO-logger-log_info-Added Parse Panel: ID=1, Name='解析面板 1 (ID: C1)'
2025-05-24 01:17:44,177-INFO-logger-log_info-Permanently removed send panel ID: 1, Name: '发送面板 1 (ID: CA)'
2025-05-24 01:17:44,183-INFO-logger-log_info-Added Send Panel: ID=1, Name='发送面板 1 (ID: CA)'
2025-05-24 01:17:44,184-INFO-logger-log_info-配置已加载并应用到UI。
2025-05-24 01:17:44,195-INFO-logger-log_info-应用程序启动。
2025-05-24 01:17:48,950-INFO-logger-log_info-Added Parse Panel: ID=2, Name='解析面板 2 (ID: C2)'
2025-05-24 01:17:57,255-INFO-logger-log_info-Added Parse Panel: ID=3, Name='解析面板 3 (ID: C3)'
2025-05-24 01:18:02,410-INFO-logger-log_info-Added Parse Panel: ID=4, Name='解析面板 4 (ID: C4)'
2025-05-24 01:18:05,421-INFO-logger-log_info-应用程序正在关闭。
2025-05-24 01:18:05,424-INFO-logger-log_info-配置已保存。
2025-05-24 01:18:05,424-INFO-logger-log_info-配置已在退出时自动保存。
2025-05-24 01:18:17,595-INFO-logger-log_info-Added Parse Panel: ID=1, Name='解析面板 1 (ID: C1)'
2025-05-24 01:18:17,598-INFO-logger-log_info-Added Parse Panel: ID=2, Name='解析面板 2 (ID: C2)'
2025-05-24 01:18:17,600-INFO-logger-log_info-Added Parse Panel: ID=3, Name='解析面板 3 (ID: C3)'
2025-05-24 01:18:17,603-INFO-logger-log_info-Added Parse Panel: ID=4, Name='解析面板 4 (ID: C4)'
2025-05-24 01:18:17,605-INFO-logger-log_info-Added Send Panel: ID=1, Name='发送面板 1 (ID: CA)'
2025-05-24 01:18:17,655-INFO-logger-log_info-已从外部文件加载并应用QSS样式: E:/MY_projects/YJ_toolV4/my_custom_style.qss
2025-05-24 01:18:17,655-INFO-logger-log_info-Permanently removed parse panel ID: 1, Name: '解析面板 1 (ID: C1)'
2025-05-24 01:18:17,655-INFO-logger-log_info-Permanently removed parse panel ID: 2, Name: '解析面板 2 (ID: C2)'
2025-05-24 01:18:17,655-INFO-logger-log_info-Permanently removed parse panel ID: 3, Name: '解析面板 3 (ID: C3)'
2025-05-24 01:18:17,655-INFO-logger-log_info-Permanently removed parse panel ID: 4, Name: '解析面板 4 (ID: C4)'
2025-05-24 01:18:17,661-INFO-logger-log_info-Added Parse Panel: ID=1, Name='解析面板 1 (ID: C1)'
2025-05-24 01:18:17,668-INFO-logger-log_info-Added Parse Panel: ID=2, Name='解析面板 2 (ID: C2)'
2025-05-24 01:18:17,673-INFO-logger-log_info-Added Parse Panel: ID=3, Name='解析面板 3 (ID: C3)'
2025-05-24 01:18:17,679-INFO-logger-log_info-Added Parse Panel: ID=4, Name='解析面板 4 (ID: C4)'
2025-05-24 01:18:17,685-INFO-logger-log_info-Permanently removed send panel ID: 1, Name: '发送面板 1 (ID: CA)'
2025-05-24 01:18:17,689-INFO-logger-log_info-Added Send Panel: ID=1, Name='发送面板 1 (ID: CA)'
2025-05-24 01:18:17,689-INFO-logger-log_info-配置已加载并应用到UI。
2025-05-24 01:18:17,698-INFO-logger-log_info-应用程序启动。
2025-05-24 01:19:21,866-INFO-logger-log_info-Permanently removed parse panel ID: 1, Name: '解析面板 1 (ID: C)'
2025-05-24 01:19:26,676-INFO-logger-log_info-Added Send Panel: ID=2, Name='发送面板 2 (ID: CA)'
2025-05-24 01:19:52,786-INFO-logger-log_info-Permanently removed send panel ID: 2, Name: '发送面板 2 (ID: C)'
2025-05-24 01:19:53,568-INFO-logger-log_info-Permanently removed parse panel ID: 4, Name: '解析面板 4 (ID: )'
2025-05-24 01:19:54,077-INFO-logger-log_info-Permanently removed parse panel ID: 3, Name: '解析面板 3 (ID: C3)'
2025-05-24 01:19:54,467-INFO-logger-log_info-Permanently removed parse panel ID: 2, Name: '解析面板 2 (ID: C2)'
2025-05-24 01:20:23,429-INFO-logger-log_info-应用程序正在关闭。
2025-05-24 01:20:23,431-INFO-logger-log_info-配置已保存。
2025-05-24 01:20:23,431-INFO-logger-log_info-配置已在退出时自动保存。
2025-05-24 01:20:35,482-INFO-logger-log_info-Added Parse Panel: ID=1, Name='解析面板 1 (ID: C1)'
2025-05-24 01:20:35,486-INFO-logger-log_info-Added Send Panel: ID=1, Name='发送面板 1 (ID: CA)'
2025-05-24 01:20:35,542-INFO-logger-log_info-已从外部文件加载并应用QSS样式: E:/MY_projects/YJ_toolV4/my_custom_style.qss
2025-05-24 01:20:35,542-INFO-logger-log_info-Permanently removed parse panel ID: 1, Name: '解析面板 1 (ID: C1)'
2025-05-24 01:20:35,550-INFO-logger-log_info-Added Parse Panel: ID=1, Name='解析面板 1 (ID: C1)'
2025-05-24 01:20:35,550-INFO-logger-log_info-Permanently removed send panel ID: 1, Name: '发送面板 1 (ID: CA)'
2025-05-24 01:20:35,554-INFO-logger-log_info-Added Send Panel: ID=1, Name='发送面板 1 (ID: CA)'
2025-05-24 01:20:35,555-INFO-logger-log_info-配置已加载并应用到UI。
2025-05-24 01:20:35,566-INFO-logger-log_info-应用程序启动。
2025-05-24 01:20:44,448-INFO-logger-log_info-应用程序正在关闭。
2025-05-24 01:20:44,451-INFO-logger-log_info-配置已保存。
2025-05-24 01:20:44,451-INFO-logger-log_info-配置已在退出时自动保存。
2025-05-24 01:24:27,720-INFO-logger-log_info-Added Parse Panel: ID=1, Name='解析面板 1 (ID: C1)'
2025-05-24 01:24:27,723-INFO-logger-log_info-Added Send Panel: ID=1, Name='发送面板 1 (ID: CA)'
2025-05-24 01:24:27,774-INFO-logger-log_info-已从外部文件加载并应用QSS样式: E:/MY_projects/YJ_toolV4/my_custom_style.qss
2025-05-24 01:24:27,774-INFO-logger-log_info-Permanently removed parse panel ID: 1, Name: '解析面板 1 (ID: C1)'
2025-05-24 01:24:27,781-INFO-logger-log_info-Added Parse Panel: ID=1, Name='解析面板 1 (ID: C1)'
2025-05-24 01:24:27,781-INFO-logger-log_info-Permanently removed send panel ID: 1, Name: '发送面板 1 (ID: CA)'
2025-05-24 01:24:27,786-INFO-logger-log_info-Added Send Panel: ID=1, Name='发送面板 1 (ID: CA)'
2025-05-24 01:24:27,786-INFO-logger-log_info-配置已加载并应用到UI。
2025-05-24 01:24:27,796-INFO-logger-log_info-应用程序启动。
2025-05-24 01:24:36,163-INFO-logger-log_info-主题已应用: amethyst
2025-05-24 01:24:45,276-INFO-logger-log_info-主题已应用: forest
2025-05-24 01:24:51,101-INFO-logger-log_info-主题已应用: dark
2025-05-24 01:25:08,059-INFO-logger-log_info-Permanently removed parse panel ID: 1, Name: '解析面板 1 (ID: C1)'
2025-05-24 01:25:12,840-INFO-logger-log_info-Permanently removed send panel ID: 1, Name: '发送面板 1 (ID: CA)'
2025-05-24 01:25:47,992-INFO-logger-log_info-应用程序正在关闭。
2025-05-24 01:25:47,993-INFO-logger-log_info-配置已保存。
2025-05-24 01:25:47,994-INFO-logger-log_info-配置已在退出时自动保存。
2025-05-24 01:33:24,746-INFO-logger-log_info-Added Parse Panel: ID=1, Name='解析面板 1 (ID: C1)'
2025-05-24 01:33:24,750-INFO-logger-log_info-Added Send Panel: ID=1, Name='发送面板 1 (ID: C1)'
2025-05-24 01:33:24,827-INFO-logger-log_info-主题已应用: dark
2025-05-24 01:33:24,827-INFO-logger-log_info-Permanently removed parse panel ID: 1, Name: '解析面板 1 (ID: C1)'
2025-05-24 01:33:24,839-INFO-logger-log_info-Added Parse Panel: ID=1, Name='解析面板 1 (ID: C1)'
2025-05-24 01:33:24,839-INFO-logger-log_info-Permanently removed send panel ID: 1, Name: '发送面板 1 (ID: C1)'
2025-05-24 01:33:24,847-INFO-logger-log_info-Added Send Panel: ID=1, Name='发送面板 1 (ID: C1)'
2025-05-24 01:33:24,847-INFO-logger-log_info-配置已加载并应用到UI。
2025-05-24 01:33:24,858-INFO-logger-log_info-应用程序启动。
2025-05-24 01:33:39,050-INFO-logger-log_info-已从外部文件加载并应用QSS样式: E:/MY_projects/YJ_toolV4/improved_qss.qss
2025-05-24 01:37:10,842-INFO-logger-log_info-应用程序正在关闭。
2025-05-24 01:37:10,847-INFO-logger-log_info-配置已保存。
2025-05-24 01:37:10,847-INFO-logger-log_info-配置已在退出时自动保存。
2025-05-24 01:37:23,491-INFO-logger-log_info-Added Parse Panel: ID=1, Name='解析面板 1 (ID: C1)'
2025-05-24 01:37:23,494-INFO-logger-log_info-Added Send Panel: ID=1, Name='发送面板 1 (ID: C1)'
2025-05-24 01:37:24,269-INFO-logger-log_info-已从外部文件加载并应用QSS样式: E:/MY_projects/YJ_toolV4/improved_qss.qss
2025-05-24 01:37:24,270-INFO-logger-log_info-Permanently removed parse panel ID: 1, Name: '解析面板 1 (ID: C1)'
2025-05-24 01:37:24,279-INFO-logger-log_info-Added Parse Panel: ID=1, Name='解析面板 1 (ID: C1)'
2025-05-24 01:37:24,280-INFO-logger-log_info-Permanently removed send panel ID: 1, Name: '发送面板 1 (ID: C1)'
2025-05-24 01:37:24,285-INFO-logger-log_info-Added Send Panel: ID=1, Name='发送面板 1 (ID: C1)'
2025-05-24 01:37:24,285-INFO-logger-log_info-配置已加载并应用到UI。
2025-05-24 01:37:24,296-INFO-logger-log_info-应用程序启动。
2025-05-24 01:37:45,183-INFO-logger-log_info-Permanently removed plot widget ID: 1, Name: '主波形图'
2025-05-24 01:41:47,645-INFO-logger-log_info-应用程序正在关闭。
2025-05-24 01:41:47,649-INFO-logger-log_info-配置已保存。
2025-05-24 01:41:47,649-INFO-logger-log_info-配置已在退出时自动保存。
2025-05-24 01:41:59,916-INFO-logger-log_info-Added Parse Panel: ID=1, Name='解析面板 1 (ID: C1)'
2025-05-24 01:41:59,919-INFO-logger-log_info-Added Send Panel: ID=1, Name='发送面板 1 (ID: C1)'
2025-05-24 01:41:59,942-INFO-logger-log_info-添加新波形图: ID=1, Name='主波形图'
2025-05-24 01:42:00,766-INFO-logger-log_info-已从外部文件加载并应用QSS样式: E:/MY_projects/YJ_toolV4/improved_qss.qss
2025-05-24 01:42:00,766-INFO-logger-log_info-Permanently removed parse panel ID: 1, Name: '解析面板 1 (ID: C1)'
2025-05-24 01:42:00,777-INFO-logger-log_info-Added Parse Panel: ID=1, Name='解析面板 1 (ID: C1)'
2025-05-24 01:42:00,778-INFO-logger-log_info-Permanently removed send panel ID: 1, Name: '发送面板 1 (ID: C1)'
2025-05-24 01:42:00,784-INFO-logger-log_info-Added Send Panel: ID=1, Name='发送面板 1 (ID: C1)'
2025-05-24 01:42:00,784-INFO-logger-log_info-配置已加载并应用到UI。
2025-05-24 01:42:00,796-INFO-logger-log_info-应用程序启动。
2025-05-24 01:42:29,322-INFO-logger-log_info-Added Parse Panel: ID=1, Name='解析面板 1 (ID: C1)'
2025-05-24 01:42:29,325-INFO-logger-log_info-Added Send Panel: ID=1, Name='发送面板 1 (ID: C1)'
2025-05-24 01:42:29,350-INFO-logger-log_info-添加新波形图: ID=1, Name='主波形图'
2025-05-24 01:42:30,189-INFO-logger-log_info-已从外部文件加载并应用QSS样式: E:/MY_projects/YJ_toolV4/improved_qss.qss
2025-05-24 01:42:30,189-INFO-logger-log_info-Permanently removed parse panel ID: 1, Name: '解析面板 1 (ID: C1)'
2025-05-24 01:42:30,209-INFO-logger-log_info-Added Parse Panel: ID=1, Name='解析面板 1 (ID: C1)'
2025-05-24 01:42:30,209-INFO-logger-log_info-Permanently removed send panel ID: 1, Name: '发送面板 1 (ID: C1)'
2025-05-24 01:42:30,219-INFO-logger-log_info-Added Send Panel: ID=1, Name='发送面板 1 (ID: C1)'
2025-05-24 01:42:30,220-INFO-logger-log_info-配置已加载并应用到UI。
2025-05-24 01:42:30,232-INFO-logger-log_info-应用程序启动。
2025-05-24 01:43:12,154-INFO-logger-log_info-Added Parse Panel: ID=1, Name='解析面板 1 (ID: C1)'
2025-05-24 01:43:12,158-INFO-logger-log_info-Added Send Panel: ID=1, Name='发送面板 1 (ID: C1)'
2025-05-24 01:43:12,183-INFO-logger-log_info-添加新波形图: ID=1, Name='主波形图'
2025-05-24 01:43:12,941-INFO-logger-log_info-已从外部文件加载并应用QSS样式: E:/MY_projects/YJ_toolV4/improved_qss.qss
2025-05-24 01:43:12,941-INFO-logger-log_info-Permanently removed parse panel ID: 1, Name: '解析面板 1 (ID: C1)'
2025-05-24 01:43:12,950-INFO-logger-log_info-Added Parse Panel: ID=1, Name='解析面板 1 (ID: C1)'
2025-05-24 01:43:12,950-INFO-logger-log_info-Permanently removed send panel ID: 1, Name: '发送面板 1 (ID: C1)'
2025-05-24 01:43:12,955-INFO-logger-log_info-Added Send Panel: ID=1, Name='发送面板 1 (ID: C1)'
2025-05-24 01:43:12,955-INFO-logger-log_info-配置已加载并应用到UI。
2025-05-24 01:43:12,964-INFO-logger-log_info-应用程序启动。
2025-05-24 01:43:38,961-INFO-logger-log_info-Added Parse Panel: ID=1, Name='解析面板 1 (ID: C1)'
2025-05-24 01:43:38,964-INFO-logger-log_info-Added Send Panel: ID=1, Name='发送面板 1 (ID: C1)'
2025-05-24 01:43:38,992-INFO-logger-log_info-添加新波形图: ID=1, Name='主波形图'
2025-05-24 01:44:09,060-INFO-logger-log_info-已从外部文件加载并应用QSS样式: E:/MY_projects/YJ_toolV4/improved_qss.qss
2025-05-24 01:44:09,061-INFO-logger-log_info-Permanently removed parse panel ID: 1, Name: '解析面板 1 (ID: C1)'
2025-05-24 01:44:09,071-INFO-logger-log_info-Added Parse Panel: ID=1, Name='解析面板 1 (ID: C1)'
2025-05-24 01:44:09,072-INFO-logger-log_info-Permanently removed send panel ID: 1, Name: '发送面板 1 (ID: C1)'
2025-05-24 01:44:09,077-INFO-logger-log_info-Added Send Panel: ID=1, Name='发送面板 1 (ID: C1)'
2025-05-24 01:44:16,081-INFO-logger-log_info-配置已加载并应用到UI。
2025-05-24 01:44:16,093-INFO-logger-log_info-应用程序启动。
2025-05-24 01:49:03,106-INFO-logger-log_info-Added Parse Panel: ID=1, Name='解析面板 1 (ID: C1)'
2025-05-24 01:49:03,110-INFO-logger-log_info-Added Send Panel: ID=1, Name='发送面板 1 (ID: C1)'
2025-05-24 01:49:03,152-INFO-logger-log_info-添加新波形图: ID=1, Name='主波形图'
2025-05-24 01:49:03,178-INFO-logger-log_info-主题已应用: light
2025-05-24 01:49:03,178-INFO-logger-log_info-Permanently removed parse panel ID: 1, Name: '解析面板 1 (ID: C1)'
2025-05-24 01:49:03,186-INFO-logger-log_info-Added Parse Panel: ID=1, Name='解析面板 1 (ID: C1)'
2025-05-24 01:49:03,186-INFO-logger-log_info-Permanently removed send panel ID: 1, Name: '发送面板 1 (ID: C1)'
2025-05-24 01:49:03,193-INFO-logger-log_info-Added Send Panel: ID=1, Name='发送面板 1 (ID: C1)'
2025-05-24 01:49:03,193-INFO-logger-log_info-配置已加载并应用到UI。
2025-05-24 01:49:03,208-INFO-logger-log_info-应用程序启动。
2025-05-24 01:49:16,686-INFO-logger-log_info-已从外部文件加载并应用QSS样式: E:/MY_projects/YJ_toolV4/improved_qss.qss
2025-05-24 01:52:07,129-INFO-logger-log_info-Added Parse Panel: ID=2, Name='解析面板 2 (ID: C2)'
2025-05-24 01:52:22,161-INFO-logger-log_info-接收容器 1 目标波形图更改为 1
2025-05-24 01:52:22,161-INFO-logger-log_info-Parse Panel 2: Added receive container 1
2025-05-24 01:52:56,916-INFO-logger-log_info-接收容器 2 目标波形图更改为 1
2025-05-24 01:52:56,916-INFO-logger-log_info-Parse Panel 1: Added receive container 2
2025-05-24 01:52:58,309-INFO-logger-log_info-接收容器 3 目标波形图更改为 1
2025-05-24 01:52:58,309-INFO-logger-log_info-Parse Panel 1: Added receive container 3
2025-05-24 01:53:20,799-INFO-logger-log_info-接收容器 4 目标波形图更改为 1
2025-05-24 01:53:20,801-INFO-logger-log_info-Parse Panel 1: Added receive container 4
2025-05-24 01:53:30,369-INFO-logger-log_info-接收容器 5 目标波形图更改为 1
2025-05-24 01:53:30,369-INFO-logger-log_info-Parse Panel 2: Added receive container 5
2025-05-24 01:53:36,394-INFO-logger-log_info-接收容器 6 目标波形图更改为 1
2025-05-24 01:53:36,394-INFO-logger-log_info-Parse Panel 2: Added receive container 6
2025-05-24 01:55:54,366-INFO-logger-log_info-Permanently removed parse panel ID: 2, Name: '解析面板 2 (ID: C1)'
2025-05-24 01:55:55,640-INFO-logger-log_info-Permanently removed parse panel ID: 1, Name: '解析面板 1 (ID: C2)'
2025-05-24 01:56:16,265-INFO-logger-log_info-Permanently removed send panel ID: 1, Name: '发送面板 1 (ID: C1)'
2025-05-24 01:56:26,911-INFO-logger-log_info-Permanently removed plot widget ID: 1, Name: '主波形图'
2025-05-24 02:07:20,408-INFO-logger-log_info-应用程序正在关闭。
2025-05-24 02:07:20,414-INFO-logger-log_info-配置已保存。
2025-05-24 02:07:20,414-INFO-logger-log_info-配置已在退出时自动保存。
2025-05-24 02:07:44,328-INFO-logger-log_info-Added Parse Panel: ID=1, Name='解析面板 1 (ID: C1)'
2025-05-24 02:07:44,331-INFO-logger-log_info-Added Send Panel: ID=1, Name='发送面板 1 (ID: C1)'
2025-05-24 02:07:44,357-INFO-logger-log_info-添加新波形图: ID=1, Name='主波形图'
2025-05-24 02:07:45,153-INFO-logger-log_info-已从外部文件加载并应用QSS样式: E:/MY_projects/YJ_toolV4/improved_qss.qss
2025-05-24 02:07:45,153-INFO-logger-log_info-Permanently removed parse panel ID: 1, Name: '解析面板 1 (ID: C1)'
2025-05-24 02:07:45,163-INFO-logger-log_info-Added Parse Panel: ID=1, Name='解析面板 1 (ID: C1)'
2025-05-24 02:07:45,164-INFO-logger-log_info-Permanently removed send panel ID: 1, Name: '发送面板 1 (ID: C1)'
2025-05-24 02:07:45,170-INFO-logger-log_info-Added Send Panel: ID=1, Name='发送面板 1 (ID: C1)'
2025-05-24 02:07:45,170-INFO-logger-log_info-配置已加载并应用到UI。
2025-05-24 02:07:45,180-INFO-logger-log_info-应用程序启动。
2025-05-24 02:10:07,795-INFO-logger-log_info-Permanently removed parse panel ID: 1, Name: '解析面板 1 (ID: C1)'
2025-05-24 02:10:57,237-INFO-logger-log_info-应用程序正在关闭。
2025-05-24 02:10:57,238-INFO-logger-log_info-配置已保存。
2025-05-24 02:10:57,239-INFO-logger-log_info-配置已在退出时自动保存。
2025-05-24 02:11:18,028-INFO-logger-log_info-Added Parse Panel: ID=1, Name='解析面板 1 (ID: C1)'
2025-05-24 02:11:18,030-INFO-logger-log_info-Added Send Panel: ID=1, Name='发送面板 1 (ID: C1)'
2025-05-24 02:11:18,656-INFO-logger-log_info-已从外部文件加载并应用QSS样式: E:/MY_projects/YJ_toolV4/improved_qss.qss
2025-05-24 02:11:18,657-INFO-logger-log_info-Permanently removed parse panel ID: 1, Name: '解析面板 1 (ID: C1)'
2025-05-24 02:11:18,667-INFO-logger-log_info-Added Parse Panel: ID=1, Name='解析面板 1 (ID: C1)'
2025-05-24 02:11:18,668-INFO-logger-log_info-Permanently removed send panel ID: 1, Name: '发送面板 1 (ID: C1)'
2025-05-24 02:11:18,673-INFO-logger-log_info-Added Send Panel: ID=1, Name='发送面板 1 (ID: C1)'
2025-05-24 02:11:18,673-INFO-logger-log_info-配置已加载并应用到UI。
2025-05-24 02:11:18,683-INFO-logger-log_info-应用程序启动。
2025-05-24 02:11:54,439-INFO-logger-log_info-应用程序正在关闭。
2025-05-24 02:11:54,442-INFO-logger-log_info-配置已保存。
2025-05-24 02:11:54,442-INFO-logger-log_info-配置已在退出时自动保存。
2025-05-24 02:12:06,116-INFO-logger-log_info-Added Parse Panel: ID=1, Name='解析面板 1 (ID: C1)'
2025-05-24 02:12:06,119-INFO-logger-log_info-Added Send Panel: ID=1, Name='发送面板 1 (ID: C1)'
2025-05-24 02:12:06,750-INFO-logger-log_info-已从外部文件加载并应用QSS样式: E:/MY_projects/YJ_toolV4/improved_qss.qss
2025-05-24 02:12:06,750-INFO-logger-log_info-Permanently removed parse panel ID: 1, Name: '解析面板 1 (ID: C1)'
2025-05-24 02:12:06,762-INFO-logger-log_info-Added Parse Panel: ID=1, Name='解析面板 1 (ID: C1)'
2025-05-24 02:12:06,763-INFO-logger-log_info-Permanently removed send panel ID: 1, Name: '发送面板 1 (ID: C1)'
2025-05-24 02:12:06,770-INFO-logger-log_info-Added Send Panel: ID=1, Name='发送面板 1 (ID: C1)'
2025-05-24 02:12:06,771-INFO-logger-log_info-配置已加载并应用到UI。
2025-05-24 02:12:06,780-INFO-logger-log_info-应用程序启动。
2025-05-24 02:12:54,495-INFO-logger-log_info-应用程序正在关闭。
2025-05-24 02:12:54,496-INFO-logger-log_info-配置已保存。
2025-05-24 02:12:54,496-INFO-logger-log_info-配置已在退出时自动保存。
2025-05-24 15:14:54,569-INFO-logger-log_info-Added Parse Panel: ID=1, Name='解析面板 1 (ID: C1)'
2025-05-24 15:14:54,572-INFO-logger-log_info-Added Send Panel: ID=1, Name='发送面板 1 (ID: C1)'
2025-05-24 15:14:55,395-INFO-logger-log_info-已从外部文件加载并应用QSS样式: E:/MY_projects/YJ_toolV4/improved_qss.qss
2025-05-24 15:14:55,395-INFO-logger-log_info-Permanently removed parse panel ID: 1, Name: '解析面板 1 (ID: C1)'
2025-05-24 15:14:55,406-INFO-logger-log_info-Added Parse Panel: ID=1, Name='解析面板 1 (ID: C1)'
2025-05-24 15:14:55,406-INFO-logger-log_info-Permanently removed send panel ID: 1, Name: '发送面板 1 (ID: C1)'
2025-05-24 15:14:55,412-INFO-logger-log_info-Added Send Panel: ID=1, Name='发送面板 1 (ID: C1)'
2025-05-24 15:14:55,412-INFO-logger-log_info-配置已加载并应用到UI。
2025-05-24 15:14:55,438-INFO-logger-log_info-应用程序启动。
2025-05-24 15:15:59,055-INFO-logger-log_info-已从外部文件加载并应用QSS样式: E:/MY_projects/YJ_toolV4/my_custom_style.qss
2025-05-24 15:16:28,048-INFO-logger-log_info-所有波形图已清空。
2025-05-24 15:16:35,344-INFO-logger-log_info-添加新波形图: ID=2, Name='波形图 2'
2025-05-24 15:17:50,937-INFO-logger-log_info-应用程序正在关闭。
2025-05-24 15:17:50,951-INFO-logger-log_info-配置已保存。
2025-05-24 15:17:50,952-INFO-logger-log_info-配置已在退出时自动保存。
2025-05-24 15:47:14,473-INFO-logger-log_info-Added Parse Panel: ID=1, Name='解析面板 1 (ID: C1)'
2025-05-24 15:49:56,909-INFO-logger-log_info-Added Parse Panel: ID=1, Name='解析面板 1 (ID: C1)'
2025-05-24 15:49:56,913-INFO-logger-log_info-Added Send Panel: ID=1, Name='发送面板 1 (ID: C1)'
2025-05-24 15:49:56,962-INFO-logger-log_info-已从外部文件加载并应用QSS样式: E:/MY_projects/YJ_toolV4/my_custom_style.qss
2025-05-24 15:49:56,968-INFO-logger-log_info-Added Parse Panel: ID=1, Name='解析面板 1 (ID: C1)'
2025-05-24 15:52:26,775-INFO-logger-log_info-Added Parse Panel: ID=1, Name='解析面板 1 (ID: C1)'
2025-05-24 15:52:26,779-INFO-logger-log_info-Added Send Panel: ID=1, Name='发送面板 1 (ID: C1)'
2025-05-24 15:52:26,819-INFO-logger-log_info-已从外部文件加载并应用QSS样式: E:/MY_projects/YJ_toolV4/my_custom_style.qss
2025-05-24 15:52:26,835-INFO-logger-log_info-Added Parse Panel: ID=1, Name='解析面板 1 (ID: C1)'
2025-05-24 15:52:26,837-INFO-logger-log_info-Permanently removed send panel ID: 1, Name: '发送面板 1 (ID: C1)'
2025-05-24 15:52:26,842-INFO-logger-log_info-Added Send Panel: ID=1, Name='发送面板 1 (ID: C1)'
2025-05-24 15:52:26,842-INFO-logger-log_info-配置已加载并应用到UI。
2025-05-24 15:52:26,858-INFO-logger-log_info-应用程序启动。
2025-05-24 15:52:30,952-INFO-logger-log_info-应用程序正在关闭。
2025-05-24 15:52:30,954-INFO-logger-log_info-配置已保存。
2025-05-24 15:52:30,954-INFO-logger-log_info-配置已在退出时自动保存。
2025-05-24 16:01:23,130-INFO-logger-log_info-Added Parse Panel: ID=1, Name='解析面板 1 (ID: C1)'
2025-05-24 16:01:23,134-INFO-logger-log_info-Added Send Panel: ID=1, Name='发送面板 1 (ID: C1)'
2025-05-24 16:01:23,180-INFO-logger-log_info-添加波形图: ID=1, Name='主波形图'
2025-05-24 16:01:23,227-INFO-logger-log_info-已从外部文件加载并应用QSS样式: E:/MY_projects/YJ_toolV4/my_custom_style.qss
2025-05-24 16:01:23,227-INFO-logger-log_info-Removed parse panel ID: 1, Name: '解析面板 1 (ID: C1)'
2025-05-24 16:01:23,233-INFO-logger-log_info-Added Parse Panel: ID=1, Name='解析面板 1 (ID: C1)'
2025-05-24 16:01:23,233-INFO-logger-log_info-Removed send panel ID: 1, Name: '发送面板 1 (ID: C1)'
2025-05-24 16:01:23,238-INFO-logger-log_info-Added Send Panel: ID=1, Name='发送面板 1 (ID: C1)'
2025-05-24 16:01:23,238-INFO-logger-log_info-配置已加载并应用到UI。
2025-05-24 16:01:23,249-INFO-logger-log_info-应用程序启动。
2025-05-24 16:03:51,090-INFO-logger-log_info-Added Parse Panel: ID=1, Name='解析面板 1 (ID: C1)'
2025-05-24 16:03:51,094-INFO-logger-log_info-Added Send Panel: ID=1, Name='发送面板 1 (ID: C1)'
2025-05-24 16:03:51,149-INFO-logger-log_info-添加波形图: ID=1, Name='主波形图'
2025-05-24 16:03:51,197-INFO-logger-log_info-已从外部文件加载并应用QSS样式: E:/MY_projects/YJ_toolV4/my_custom_style.qss
2025-05-24 16:03:51,198-INFO-logger-log_info-Removed parse panel ID: 1, Name: '解析面板 1 (ID: C1)'
2025-05-24 16:03:51,205-INFO-logger-log_info-Added Parse Panel: ID=1, Name='解析面板 1 (ID: C1)'
2025-05-24 16:03:51,207-INFO-logger-log_info-Removed send panel ID: 1, Name: '发送面板 1 (ID: C1)'
2025-05-24 16:03:51,211-INFO-logger-log_info-Added Send Panel: ID=1, Name='发送面板 1 (ID: C1)'
2025-05-24 16:03:51,212-INFO-logger-log_info-配置已加载并应用到UI。
2025-05-24 16:03:51,222-INFO-logger-log_info-应用程序启动。
2025-05-24 16:05:26,138-INFO-logger-log_info-关闭应用程序。
2025-05-24 16:05:26,141-INFO-logger-log_info-配置已保存。
2025-05-24 16:05:26,141-INFO-logger-log_info-配置已自动保存。
2025-05-24 16:37:47,677-INFO-logger-log_info-Added Parse Panel: ID=1, Name='解析面板 1 (ID: C1)'
2025-05-24 16:37:47,682-INFO-logger-log_info-Added Send Panel: ID=1, Name='发送面板 1 (ID: C1)'
2025-05-24 16:37:47,778-INFO-logger-log_info-已从外部文件加载并应用QSS样式: E:/MY_projects/YJ_toolV4/my_custom_style.qss
2025-05-24 16:37:47,778-INFO-logger-log_info-Removed parse panel ID: 1, Name: '解析面板 1 (ID: C1)'
2025-05-24 16:37:47,787-INFO-logger-log_info-Added Parse Panel: ID=1, Name='解析面板 1 (ID: C1)'
2025-05-24 16:37:47,787-INFO-logger-log_info-Removed send panel ID: 1, Name: '发送面板 1 (ID: C1)'
2025-05-24 16:37:47,791-INFO-logger-log_info-Added Send Panel: ID=1, Name='发送面板 1 (ID: C1)'
2025-05-24 16:37:47,791-INFO-logger-log_info-配置已加载并应用到UI。
2025-05-24 16:37:47,804-INFO-logger-log_info-应用程序启动。
2025-05-24 16:37:59,410-INFO-logger-log_info-Removed parse panel ID: 1, Name: '解析面板 1 (ID: C1)'
2025-05-24 16:38:01,816-INFO-logger-log_info-Removed send panel ID: 1, Name: '发送面板 1 (ID: C1)'
2025-05-24 16:38:18,137-INFO-logger-log_info-关闭应用程序。
2025-05-24 16:38:18,141-INFO-logger-log_info-配置已保存。
2025-05-24 16:38:18,141-INFO-logger-log_info-配置已自动保存。
2025-05-24 16:47:35,383-INFO-logger-log_info-配置已从 'serial_debugger_config_v5.json' 加载。
2025-05-24 16:47:43,082-INFO-logger-log_info-Added Parse Panel: ID=1, Name='解析面板 1 (ID: C1)'
2025-05-24 16:47:43,864-INFO-logger-log_info-Added Send Panel: ID=1, Name='发送面板 1 (ID: C9)'
2025-05-24 16:47:43,958-INFO-logger-log_info-已从外部文件加载并应用QSS样式: E:/MY_projects/YJ_toolV4/my_custom_style.qss
2025-05-24 16:47:43,958-INFO-logger-log_info-Removed parse panel ID: 1, Name: '解析面板 1 (ID: C1)'
2025-05-24 16:47:43,958-INFO-logger-log_info-Removed send panel ID: 1, Name: '发送面板 1 (ID: C9)'
2025-05-24 16:47:43,958-INFO-logger-log_info-配置已加载并应用到UI。
2025-05-24 16:47:43,969-INFO-logger-log_info-应用程序启动。
2025-05-24 16:50:50,132-INFO-logger-log_info-配置文件 'serial_debugger_config_v5.json' 未找到。使用默认配置。
2025-05-24 16:51:06,871-INFO-logger-log_info-Added Parse Panel: ID=1, Name='解析面板 1 (ID: C1)'
2025-05-24 16:51:08,271-INFO-logger-log_info-Added Send Panel: ID=1, Name='发送面板 1 (ID: C9)'
2025-05-24 16:51:08,304-INFO-logger-log_info-添加波形图: ID=1, Name='主波形图'
2025-05-24 16:51:08,328-INFO-logger-log_info-主题已应用: light
2025-05-24 16:51:08,328-INFO-logger-log_info-Removed parse panel ID: 1, Name: '解析面板 1 (ID: C1)'
2025-05-24 16:51:08,328-INFO-logger-log_info-Removed send panel ID: 1, Name: '发送面板 1 (ID: C9)'
2025-05-24 16:51:08,328-INFO-logger-log_info-配置已加载并应用到UI。
2025-05-24 16:51:08,339-INFO-logger-log_info-应用程序启动。
2025-05-24 16:51:38,031-INFO-logger-log_info-关闭应用程序。
2025-05-24 16:51:38,033-INFO-logger-log_info-配置已保存到 'serial_debugger_config_v5.json'。
2025-05-24 16:51:38,033-INFO-logger-log_info-配置已自动保存。
2025-05-24 16:51:50,602-INFO-logger-log_info-配置已从 'serial_debugger_config_v5.json' 加载。
2025-05-24 16:52:08,599-INFO-logger-log_info-主题已应用: light
2025-05-24 16:52:08,599-INFO-logger-log_info-配置已加载并应用到UI。
2025-05-24 16:52:08,610-INFO-logger-log_info-应用程序启动。
2025-05-24 16:52:26,213-INFO-logger-log_info-关闭应用程序。
2025-05-24 16:52:26,214-INFO-logger-log_info-配置已保存到 'serial_debugger_config_v5.json'。
2025-05-24 16:52:26,214-INFO-logger-log_info-配置已自动保存。
2025-05-24 16:52:56,007-INFO-logger-log_info-配置已从 'serial_debugger_config_v5.json' 加载。
2025-05-24 16:53:16,110-INFO-logger-log_info-主题已应用: light
2025-05-24 16:53:16,110-INFO-logger-log_info-配置已加载并应用到UI。
2025-05-24 16:53:16,124-INFO-logger-log_info-应用程序启动。
2025-05-24 16:53:18,682-INFO-logger-log_info-关闭应用程序。
2025-05-24 16:53:18,684-INFO-logger-log_info-配置已保存到 'serial_debugger_config_v5.json'。
2025-05-24 16:53:18,684-INFO-logger-log_info-配置已自动保存。
2025-05-24 17:15:14,614-INFO-logger-log_info-配置已从 'serial_debugger_config_v5.json' 加载。
2025-05-24 17:15:14,652-INFO-logger-log_info-Added Parse Panel: ID=1, Name='解析面板 1 (ID: C1)'
2025-05-24 17:15:14,658-INFO-logger-log_info-Added Send Panel: ID=1, Name='发送面板 1 (ID: C9)'
2025-05-24 17:15:14,734-INFO-logger-log_info-主题已应用: light
2025-05-24 17:15:14,734-INFO-logger-log_info-Removed parse panel ID: 1, Name: '解析面板 1 (ID: C1)'
2025-05-24 17:15:14,734-INFO-logger-log_info-Removed send panel ID: 1, Name: '发送面板 1 (ID: C9)'
2025-05-24 17:15:14,734-INFO-logger-log_info-配置已加载并应用到UI。
2025-05-24 17:15:14,745-INFO-logger-log_info-应用程序启动。
2025-05-24 17:16:03,984-INFO-logger-log_info-主题已应用: dark
2025-05-24 17:16:11,787-INFO-logger-log_info-关闭应用程序。
2025-05-24 17:16:11,801-INFO-logger-log_info-配置已保存到 'serial_debugger_config_v5.json'。
2025-05-24 17:16:11,801-INFO-logger-log_info-配置已自动保存。
2025-05-24 17:17:09,100-INFO-logger-log_info-配置已从 'serial_debugger_config_v5.json' 加载。
2025-05-24 17:17:09,123-INFO-logger-log_info-Added Parse Panel: ID=1, Name='解析面板 1 (ID: C1)'
2025-05-24 17:17:09,125-INFO-logger-log_info-Added Send Panel: ID=1, Name='发送面板 1 (ID: C9)'
2025-05-24 17:17:09,158-INFO-logger-log_info-主题已应用: dark
2025-05-24 17:17:09,158-INFO-logger-log_info-Removed parse panel ID: 1, Name: '解析面板 1 (ID: C1)'
2025-05-24 17:17:09,159-INFO-logger-log_info-Removed send panel ID: 1, Name: '发送面板 1 (ID: C9)'
2025-05-24 17:17:09,159-INFO-logger-log_info-配置已加载并应用到UI。
2025-05-24 17:17:09,166-INFO-logger-log_info-应用程序启动。
2025-05-24 17:17:20,936-INFO-logger-log_info-已从外部文件加载并应用QSS样式: E:/MY_projects/YJ_toolV4/improved_qss.qss
2025-05-24 17:19:07,473-INFO-logger-log_info-Removed plot widget ID: 1, Name: '主波形图'
2025-05-24 17:19:24,518-INFO-logger-log_info-关闭应用程序。
2025-05-24 17:19:24,519-INFO-logger-log_info-配置已保存到 'serial_debugger_config_v5.json'。
2025-05-24 17:19:24,519-INFO-logger-log_info-配置已自动保存。
2025-05-24 17:19:44,148-INFO-logger-log_info-配置已从 'serial_debugger_config_v5.json' 加载。
2025-05-24 17:19:44,188-INFO-logger-log_info-Added Parse Panel: ID=1, Name='解析面板 1 (ID: C1)'
2025-05-24 17:19:44,190-INFO-logger-log_info-Added Send Panel: ID=1, Name='发送面板 1 (ID: C9)'
2025-05-24 17:19:44,209-INFO-logger-log_info-添加波形图: ID=1, Name='主波形图'
2025-05-24 17:19:44,899-INFO-logger-log_info-已从外部文件加载并应用QSS样式: E:/MY_projects/YJ_toolV4/improved_qss.qss
2025-05-24 17:19:44,900-INFO-logger-log_info-Removed parse panel ID: 1, Name: '解析面板 1 (ID: C1)'
2025-05-24 17:19:44,900-INFO-logger-log_info-Removed send panel ID: 1, Name: '发送面板 1 (ID: C9)'
2025-05-24 17:19:44,900-INFO-logger-log_info-配置已加载并应用到UI。
2025-05-24 17:19:44,909-INFO-logger-log_info-应用程序启动。
2025-05-24 17:20:19,664-INFO-logger-log_info-配置已从 'serial_debugger_config_v5.json' 加载。
2025-05-24 17:20:19,696-INFO-logger-log_info-Added Parse Panel: ID=1, Name='解析面板 1 (ID: C1)'
2025-05-24 17:20:19,699-INFO-logger-log_info-Added Send Panel: ID=1, Name='发送面板 1 (ID: C9)'
2025-05-24 17:20:19,723-INFO-logger-log_info-添加波形图: ID=1, Name='主波形图'
2025-05-24 17:20:20,211-INFO-logger-log_info-已从外部文件加载并应用QSS样式: E:/MY_projects/YJ_toolV4/improved_qss.qss
2025-05-24 17:20:20,212-INFO-logger-log_info-Removed parse panel ID: 1, Name: '解析面板 1 (ID: C1)'
2025-05-24 17:20:20,212-INFO-logger-log_info-Removed send panel ID: 1, Name: '发送面板 1 (ID: C9)'
2025-05-24 17:20:20,212-INFO-logger-log_info-配置已加载并应用到UI。
2025-05-24 17:20:20,221-INFO-logger-log_info-应用程序启动。
2025-05-24 17:22:10,974-INFO-logger-log_info-配置文件 'serial_debugger_config_v5.json' 未找到。使用默认配置。
2025-05-24 17:22:11,019-INFO-logger-log_info-Added Parse Panel: ID=1, Name='解析面板 1 (ID: C1)'
2025-05-24 17:22:11,023-INFO-logger-log_info-Added Send Panel: ID=1, Name='发送面板 1 (ID: C9)'
2025-05-24 17:22:11,043-INFO-logger-log_info-添加波形图: ID=1, Name='主波形图'
2025-05-24 17:22:11,062-INFO-logger-log_info-主题已应用: light
2025-05-24 17:22:11,063-INFO-logger-log_info-Removed parse panel ID: 1, Name: '解析面板 1 (ID: C1)'
2025-05-24 17:22:11,063-INFO-logger-log_info-Removed send panel ID: 1, Name: '发送面板 1 (ID: C9)'
2025-05-24 17:22:11,063-INFO-logger-log_info-配置已加载并应用到UI。
2025-05-24 17:22:11,074-INFO-logger-log_info-应用程序启动。
2025-05-24 17:23:10,385-INFO-logger-log_info-Added Send Panel: ID=1, Name='发送面板 1 (ID: C9)'
2025-05-24 17:23:23,617-INFO-logger-log_info-关闭应用程序。
2025-05-24 17:23:23,620-INFO-logger-log_info-配置已保存到 'serial_debugger_config_v5.json'。
2025-05-24 17:23:23,620-INFO-logger-log_info-配置已自动保存。
2025-05-24 17:39:33,261-INFO-logger-log_info-配置已从 'serial_debugger_config_v5.json' 加载。
2025-05-24 17:40:01,812-INFO-logger-log_info-配置已从 'serial_debugger_config_v5.json' 加载。
2025-05-24 17:40:01,837-INFO-logger-log_info-Added Parse Panel: ID=1, Name='解析面板 1 (ID: C1)'
2025-05-24 17:40:01,839-INFO-logger-log_info-Added Send Panel: ID=1, Name='发送面板 1 (ID: C9)'
2025-05-24 17:40:01,873-INFO-logger-log_info-主题已应用: light
2025-05-24 17:40:01,873-INFO-logger-log_info-Removed parse panel ID: 1, Name: '解析面板 1 (ID: C1)'
2025-05-24 17:40:01,874-INFO-logger-log_info-Removed send panel ID: 1, Name: '发送面板 1 (ID: C9)'
2025-05-24 17:40:01,878-INFO-logger-log_info-Added Send Panel: ID=1, Name='发送面板 1 (ID: C9)'
2025-05-24 17:40:01,878-INFO-logger-log_info-配置已加载并应用到UI。
2025-05-24 17:40:01,887-INFO-logger-log_info-应用程序启动。
2025-05-24 17:40:21,673-INFO-logger-log_info-关闭应用程序。
2025-05-24 17:40:21,674-INFO-logger-log_info-配置已保存到 'serial_debugger_config_v5.json'。
2025-05-24 17:40:21,674-INFO-logger-log_info-配置已自动保存。
2025-05-24 17:42:14,642-INFO-logger-log_info-配置已从 'serial_debugger_config_v5.json' 加载。
2025-05-24 17:42:14,669-INFO-logger-log_info-Added Parse Panel: ID=1, Name='解析面板 1 (ID: C1)'
2025-05-24 17:42:14,672-INFO-logger-log_info-Added Send Panel: ID=1, Name='发送面板 1 (ID: C9)'
2025-05-24 17:42:14,712-INFO-logger-log_info-主题已应用: light
2025-05-24 17:42:14,712-INFO-logger-log_info-Removed parse panel ID: 1, Name: '解析面板 1 (ID: C1)'
2025-05-24 17:42:14,712-INFO-logger-log_info-Removed send panel ID: 1, Name: '发送面板 1 (ID: C9)'
2025-05-24 17:42:14,716-INFO-logger-log_info-Added Send Panel: ID=1, Name='发送面板 1 (ID: C9)'
2025-05-24 17:42:14,716-INFO-logger-log_info-配置已加载并应用到UI。
2025-05-24 17:42:14,726-INFO-logger-log_info-应用程序启动。
2025-05-24 17:42:16,546-INFO-logger-log_info-关闭应用程序。
2025-05-24 17:42:16,548-INFO-logger-log_info-配置已保存到 'serial_debugger_config_v5.json'。
2025-05-24 17:42:16,548-INFO-logger-log_info-配置已自动保存。
2025-05-24 17:52:23,192-INFO-logger-log_info-配置已从 'serial_debugger_config_v5.json' 加载。
2025-05-24 17:52:23,259-INFO-logger-log_info-Added Parse Panel: ID=1, Name='解析面板 1 (ID: C1)'
2025-05-24 17:52:23,263-INFO-logger-log_info-Added Send Panel: ID=1, Name='发送面板 1 (ID: C9)'
2025-05-24 17:52:23,343-INFO-logger-log_info-主题已应用: light
2025-05-24 17:52:23,343-INFO-logger-log_info-Removed parse panel ID: 1, Name: '解析面板 1 (ID: C1)'
2025-05-24 17:52:23,343-INFO-logger-log_info-Removed send panel ID: 1, Name: '发送面板 1 (ID: C9)'
2025-05-24 17:52:23,348-INFO-logger-log_info-Added Send Panel: ID=1, Name='发送面板 1 (ID: C9)'
2025-05-24 17:52:23,348-INFO-logger-log_info-配置已加载并应用到UI。
2025-05-24 17:52:23,360-INFO-logger-log_info-应用程序启动。
2025-05-24 17:52:49,145-ERROR-logger-log_error-[CONNECTION] 打开串口失败: 信号灯超时时间已到
2025-05-24 17:53:04,288-INFO-logger-log_info-关闭应用程序。
2025-05-24 17:53:04,301-INFO-logger-log_info-配置已保存到 'serial_debugger_config_v5.json'。
2025-05-24 17:53:04,301-INFO-logger-log_info-配置已自动保存。
2025-05-24 17:53:16,094-INFO-logger-log_info-配置已从 'serial_debugger_config_v5.json' 加载。
2025-05-24 17:53:16,120-INFO-logger-log_info-Added Parse Panel: ID=1, Name='解析面板 1 (ID: C1)'
2025-05-24 17:53:16,123-INFO-logger-log_info-Added Send Panel: ID=1, Name='发送面板 1 (ID: C9)'
2025-05-24 17:53:16,160-INFO-logger-log_info-主题已应用: light
2025-05-24 17:53:16,160-INFO-logger-log_info-Removed parse panel ID: 1, Name: '解析面板 1 (ID: C1)'
2025-05-24 17:53:16,160-INFO-logger-log_info-Removed send panel ID: 1, Name: '发送面板 1 (ID: C9)'
2025-05-24 17:53:16,164-INFO-logger-log_info-Added Send Panel: ID=1, Name='发送面板 1 (ID: C9)'
2025-05-24 17:53:16,164-INFO-logger-log_info-配置已加载并应用到UI。
2025-05-24 17:53:16,173-INFO-logger-log_info-应用程序启动。
2025-05-24 17:53:27,493-INFO-logger-log_info-关闭应用程序。
2025-05-24 17:53:27,494-INFO-logger-log_info-配置已保存到 'serial_debugger_config_v5.json'。
2025-05-24 17:53:27,494-INFO-logger-log_info-配置已自动保存。
2025-05-24 17:59:18,788-INFO-logger-log_info-配置已从 'serial_debugger_config_v5.json' 加载。
2025-05-24 17:59:18,811-INFO-logger-log_info-Added Parse Panel: ID=1, Name='解析面板 1 (ID: C1)'
2025-05-24 17:59:18,814-INFO-logger-log_info-Added Send Panel: ID=1, Name='发送面板 1 (ID: C9)'
2025-05-24 18:01:33,120-INFO-logger-log_info-配置已从 'serial_debugger_config_v5.json' 加载。
2025-05-24 18:01:33,155-INFO-logger-log_info-Added Parse Panel: ID=1, Name='解析面板 1 (ID: C1)'
2025-05-24 18:01:33,160-INFO-logger-log_info-Added Send Panel: ID=1, Name='发送面板 1 (ID: C9)'
2025-05-24 18:01:33,226-INFO-logger-log_info-主题已应用: light
2025-05-24 18:01:33,226-INFO-logger-log_info-Removed parse panel ID: 1, Name: '解析面板 1 (ID: C1)'
2025-05-24 18:01:33,233-INFO-logger-log_info-Added Parse Panel: ID=1, Name='解析面板 1 (ID: C1)'
2025-05-24 18:01:33,233-INFO-logger-log_info-Removed send panel ID: 1, Name: '发送面板 1 (ID: C9)'
2025-05-24 18:01:33,238-INFO-logger-log_info-Added Send Panel: ID=1, Name='发送面板 1 (ID: C9)'
2025-05-24 18:01:33,238-INFO-logger-log_info-配置已加载并应用到UI。
2025-05-24 18:01:33,248-INFO-logger-log_info-应用程序启动。
2025-05-24 18:02:13,011-INFO-logger-log_info-关闭应用程序。
2025-05-24 18:02:13,023-INFO-logger-log_info-配置已保存到 'serial_debugger_config_v5.json'。
2025-05-24 18:02:13,024-INFO-logger-log_info-配置已自动保存。
2025-05-24 18:02:25,736-INFO-logger-log_info-配置已从 'serial_debugger_config_v5.json' 加载。
2025-05-24 18:02:25,761-INFO-logger-log_info-Added Parse Panel: ID=1, Name='解析面板 1 (ID: C1)'
2025-05-24 18:02:25,764-INFO-logger-log_info-Added Send Panel: ID=1, Name='发送面板 1 (ID: C9)'
2025-05-24 18:02:25,797-INFO-logger-log_info-主题已应用: light
2025-05-24 18:02:25,797-INFO-logger-log_info-Removed parse panel ID: 1, Name: '解析面板 1 (ID: C1)'
2025-05-24 18:02:25,804-INFO-logger-log_info-Added Parse Panel: ID=1, Name='解析面板 1 (ID: C1)'
2025-05-24 18:02:25,804-INFO-logger-log_info-Removed send panel ID: 1, Name: '发送面板 1 (ID: C9)'
2025-05-24 18:02:25,807-INFO-logger-log_info-Added Send Panel: ID=1, Name='发送面板 1 (ID: C9)'
2025-05-24 18:02:25,807-INFO-logger-log_info-配置已加载并应用到UI。
2025-05-24 18:02:25,816-INFO-logger-log_info-应用程序启动。
2025-05-24 18:02:32,755-INFO-logger-log_info-主题已应用: light
2025-05-24 18:02:36,106-INFO-logger-log_info-主题已应用: ocean
2025-05-24 18:02:40,707-INFO-logger-log_info-主题已应用: midnight
2025-05-24 18:03:29,148-INFO-logger-log_info-接收容器 1 目标图更改为 1
2025-05-24 18:03:29,149-INFO-logger-log_info-Parse Panel 1: Added receive container 1
2025-05-24 18:08:46,107-INFO-logger-log_info-关闭应用程序。
2025-05-24 18:08:46,109-INFO-logger-log_info-配置已保存到 'serial_debugger_config_v5.json'。
2025-05-24 18:08:46,109-INFO-logger-log_info-配置已自动保存。
2025-05-24 18:09:00,842-INFO-logger-log_info-配置已从 'serial_debugger_config_v5.json' 加载。
2025-05-24 18:09:00,860-INFO-logger-log_info-Added Parse Panel: ID=1, Name='解析面板 1 (ID: C1)'
2025-05-24 18:09:00,863-INFO-logger-log_info-Added Send Panel: ID=1, Name='发送面板 1 (ID: C9)'
2025-05-24 18:09:00,881-INFO-logger-log_info-接收容器 1 目标图更改为 1
2025-05-24 18:09:00,897-INFO-logger-log_info-主题已应用: midnight
2025-05-24 18:09:00,897-INFO-logger-log_info-Removed parse panel ID: 1, Name: '解析面板 1 (ID: C1)'
2025-05-24 18:09:00,903-INFO-logger-log_info-接收容器 1 目标图更改为 1
2025-05-24 18:09:00,910-INFO-logger-log_info-接收容器 1 目标图更改为 1
2025-05-24 18:09:00,911-INFO-logger-log_info-Added Parse Panel: ID=1, Name='解析面板 1 (ID: C1)'
2025-05-24 18:09:00,911-INFO-logger-log_info-Removed send panel ID: 1, Name: '发送面板 1 (ID: C9)'
2025-05-24 18:09:00,914-INFO-logger-log_info-Added Send Panel: ID=1, Name='发送面板 1 (ID: C9)'
2025-05-24 18:09:00,915-INFO-logger-log_info-接收容器 1 目标图更改为 1
2025-05-24 18:09:00,915-INFO-logger-log_info-配置已加载并应用到UI。
2025-05-24 18:09:00,925-INFO-logger-log_info-接收容器 1 目标图更改为 1
2025-05-24 18:09:00,925-INFO-logger-log_info-应用程序启动。
2025-05-24 18:09:09,551-INFO-logger-log_info-关闭应用程序。
2025-05-24 18:09:09,553-INFO-logger-log_info-配置已保存到 'serial_debugger_config_v5.json'。
2025-05-24 18:09:09,553-INFO-logger-log_info-配置已自动保存。
2025-05-24 18:10:00,754-INFO-logger-log_info-配置已从 'serial_debugger_config_v5.json' 加载。
2025-05-24 18:10:00,772-INFO-logger-log_info-Added Parse Panel: ID=1, Name='解析面板 1 (ID: C1)'
2025-05-24 18:10:00,775-INFO-logger-log_info-Added Send Panel: ID=1, Name='发送面板 1 (ID: C9)'
2025-05-24 18:10:00,794-INFO-logger-log_info-接收容器 1 目标图更改为 1
2025-05-24 18:10:00,810-INFO-logger-log_info-主题已应用: midnight
2025-05-24 18:10:00,810-INFO-logger-log_info-Removed parse panel ID: 1, Name: '解析面板 1 (ID: C1)'
2025-05-24 18:10:00,817-INFO-logger-log_info-接收容器 1 目标图更改为 1
2025-05-24 18:10:00,823-INFO-logger-log_info-接收容器 1 目标图更改为 1
2025-05-24 18:10:00,824-INFO-logger-log_info-Added Parse Panel: ID=1, Name='解析面板 1 (ID: C1)'
2025-05-24 18:10:00,824-INFO-logger-log_info-Removed send panel ID: 1, Name: '发送面板 1 (ID: C9)'
2025-05-24 18:10:00,827-INFO-logger-log_info-Added Send Panel: ID=1, Name='发送面板 1 (ID: C9)'
2025-05-24 18:10:00,827-INFO-logger-log_info-接收容器 1 目标图更改为 1
2025-05-24 18:10:00,827-INFO-logger-log_info-配置已加载并应用到UI。
2025-05-24 18:10:00,836-INFO-logger-log_info-接收容器 1 目标图更改为 1
2025-05-24 18:10:00,836-INFO-logger-log_info-应用程序启动。
2025-05-24 18:10:06,660-INFO-logger-log_info-关闭应用程序。
2025-05-24 18:10:06,662-INFO-logger-log_info-配置已保存到 'serial_debugger_config_v5.json'。
2025-05-24 18:10:06,662-INFO-logger-log_info-配置已自动保存。
2025-05-24 18:19:50,084-INFO-logger-log_info-配置已从 'serial_debugger_config_v5.json' 加载。
2025-05-24 18:19:50,156-INFO-logger-log_info-Added Parse Panel: ID=1, Name='解析面板 1 (ID: C1)'
2025-05-24 18:19:50,160-INFO-logger-log_info-Added Send Panel: ID=1, Name='发送面板 1 (ID: C9)'
2025-05-24 18:19:50,202-INFO-logger-log_info-接收容器 1 目标图更改为 1
2025-05-24 18:19:50,223-INFO-logger-log_info-主题已应用: midnight
2025-05-24 18:19:50,223-INFO-logger-log_info-Removed parse panel ID: 1, Name: '解析面板 1 (ID: C1)'
2025-05-24 18:19:50,229-INFO-logger-log_info-接收容器 1 目标图更改为 1
2025-05-24 18:19:50,235-INFO-logger-log_info-接收容器 1 目标图更改为 1
2025-05-24 18:19:50,236-INFO-logger-log_info-Added Parse Panel: ID=1, Name='解析面板 1 (ID: C1)'
2025-05-24 18:19:50,236-INFO-logger-log_info-Removed send panel ID: 1, Name: '发送面板 1 (ID: C9)'
2025-05-24 18:19:50,240-INFO-logger-log_info-Added Send Panel: ID=1, Name='发送面板 1 (ID: C9)'
2025-05-24 18:19:50,240-INFO-logger-log_info-接收容器 1 目标图更改为 1
2025-05-24 18:19:50,240-INFO-logger-log_info-配置已加载并应用到UI。
2025-05-24 18:19:50,251-INFO-logger-log_info-接收容器 1 目标图更改为 1
2025-05-24 18:19:50,251-INFO-logger-log_info-应用程序启动。
2025-05-24 18:19:53,486-INFO-logger-log_info-关闭应用程序。
2025-05-24 18:19:53,488-INFO-logger-log_info-配置已保存到 'serial_debugger_config_v5.json'。
2025-05-24 18:19:53,488-INFO-logger-log_info-配置已自动保存。
2025-05-24 18:24:17,201-INFO-logger-log_info-配置已从 'serial_debugger_config_v5.json' 加载。
2025-05-24 18:24:17,238-INFO-logger-log_info-Added Parse Panel: ID=1, Name='解析面板 1 (ID: C1)'
2025-05-24 18:24:17,243-INFO-logger-log_info-Added Send Panel: ID=1, Name='发送面板 1 (ID: C9)'
2025-05-24 18:24:17,309-INFO-logger-log_info-接收容器 1 目标图更改为 1
2025-05-24 18:24:17,379-INFO-logger-log_info-主题已应用: midnight
2025-05-24 18:24:17,380-INFO-logger-log_info-Removed parse panel ID: 1, Name: '解析面板 1 (ID: C1)'
2025-05-24 18:24:17,412-INFO-logger-log_info-接收容器 1 目标图更改为 1
2025-05-24 18:24:17,438-INFO-logger-log_info-接收容器 1 目标图更改为 1
2025-05-24 18:24:17,443-INFO-logger-log_info-Added Parse Panel: ID=1, Name='解析面板 1 (ID: C1)'
2025-05-24 18:24:17,444-INFO-logger-log_info-Removed send panel ID: 1, Name: '发送面板 1 (ID: C9)'
2025-05-24 18:24:17,462-INFO-logger-log_info-Added Send Panel: ID=1, Name='发送面板 1 (ID: C9)'
2025-05-24 18:24:17,463-INFO-logger-log_info-接收容器 1 目标图更改为 1
2025-05-24 18:24:17,464-INFO-logger-log_info-配置已加载并应用到UI。
2025-05-24 18:24:17,505-INFO-logger-log_info-接收容器 1 目标图更改为 1
2025-05-24 18:24:17,506-INFO-logger-log_info-应用程序启动。
2025-05-24 18:24:36,017-INFO-logger-log_info-关闭应用程序。
2025-05-24 18:24:36,018-INFO-logger-log_info-配置已保存到 'serial_debugger_config_v5.json'。
2025-05-24 18:24:36,018-INFO-logger-log_info-配置已自动保存。
2025-05-24 18:29:05,622-INFO-logger-log_info-配置已从 'serial_debugger_config_v5.json' 加载。
2025-05-24 18:29:05,684-INFO-logger-log_info-Added Parse Panel: ID=1, Name='解析面板 1 (ID: C1)'
2025-05-24 18:29:05,688-INFO-logger-log_info-Added Send Panel: ID=1, Name='发送面板 1 (ID: C9)'
2025-05-24 18:29:05,731-INFO-logger-log_info-接收容器 1 目标图更改为 1
2025-05-24 18:29:05,754-INFO-logger-log_info-主题已应用: midnight
2025-05-24 18:29:05,756-INFO-logger-log_info-Removed parse panel ID: 1, Name: '解析面板 1 (ID: C1)'
2025-05-24 18:29:05,762-INFO-logger-log_info-接收容器 1 目标图更改为 1
2025-05-24 18:29:05,768-INFO-logger-log_info-接收容器 1 目标图更改为 1
2025-05-24 18:29:05,769-INFO-logger-log_info-Added Parse Panel: ID=1, Name='解析面板 1 (ID: C1)'
2025-05-24 18:29:05,769-INFO-logger-log_info-Removed send panel ID: 1, Name: '发送面板 1 (ID: C9)'
2025-05-24 18:29:05,772-INFO-logger-log_info-Added Send Panel: ID=1, Name='发送面板 1 (ID: C9)'
2025-05-24 18:29:05,773-INFO-logger-log_info-接收容器 1 目标图更改为 1
2025-05-24 18:29:05,773-INFO-logger-log_info-配置已加载并应用到UI。
2025-05-24 18:29:05,784-INFO-logger-log_info-接收容器 1 目标图更改为 1
2025-05-24 18:29:05,784-INFO-logger-log_info-应用程序启动。
2025-05-24 18:29:13,386-INFO-logger-log_info-Removed parse panel ID: 1, Name: '解析面板 1 (ID: C1)'
2025-05-24 18:29:15,713-INFO-logger-log_info-Removed send panel ID: 1, Name: '发送面板 1 (ID: C9)'
2025-05-24 18:29:21,746-INFO-logger-log_info-Added Parse Panel: ID=2, Name='解析面板 2 (ID: C2)'
2025-05-24 18:29:30,510-INFO-logger-log_info-Added Send Panel: ID=2, Name='发送面板 2 (ID: CA)'
2025-05-24 18:29:57,277-INFO-logger-log_info-关闭应用程序。
2025-05-24 18:29:57,289-INFO-logger-log_info-配置已保存到 'serial_debugger_config_v5.json'。
2025-05-24 18:29:57,289-INFO-logger-log_info-配置已自动保存。
2025-05-24 18:32:16,833-INFO-logger-log_info-配置已从 'serial_debugger_config_v5.json' 加载。
2025-05-24 18:32:16,854-INFO-logger-log_info-Added Parse Panel: ID=1, Name='解析面板 1 (ID: C2)'
2025-05-24 18:32:16,860-INFO-logger-log_info-Added Send Panel: ID=1, Name='发送面板 1 (ID: CA)'
2025-05-24 18:32:16,923-INFO-logger-log_info-主题已应用: midnight
2025-05-24 18:32:16,923-INFO-logger-log_info-Removed parse panel ID: 1, Name: '解析面板 1 (ID: C2)'
2025-05-24 18:32:16,941-INFO-logger-log_info-Added Parse Panel: ID=1, Name='解析面板 1 (ID: C2)'
2025-05-24 18:32:16,941-INFO-logger-log_info-Removed send panel ID: 1, Name: '发送面板 1 (ID: CA)'
2025-05-24 18:32:16,947-INFO-logger-log_info-Added Send Panel: ID=1, Name='发送面板 1 (ID: CA)'
2025-05-24 18:32:16,948-INFO-logger-log_info-配置已加载并应用到UI。
2025-05-24 18:32:16,957-INFO-logger-log_info-应用程序启动。
2025-05-24 18:32:37,907-INFO-logger-log_info-关闭应用程序。
2025-05-24 18:32:37,909-INFO-logger-log_info-配置已保存到 'serial_debugger_config_v5.json'。
2025-05-24 18:32:37,909-INFO-logger-log_info-配置已自动保存。
2025-05-24 18:40:17,657-INFO-logger-log_info-配置已从 'serial_debugger_config_v5.json' 加载。
2025-05-24 18:40:17,707-INFO-logger-log_info-Added Parse Panel: ID=1, Name='解析面板 1 (ID: C2)'
2025-05-24 18:40:17,709-INFO-logger-log_info-Added Send Panel: ID=1, Name='发送面板 1 (ID: CA)'
2025-05-24 18:40:17,767-INFO-logger-log_info-主题已应用: midnight
2025-05-24 18:40:17,768-INFO-logger-log_info-Removed parse panel ID: 1, Name: '解析面板 1 (ID: C2)'
2025-05-24 18:40:17,777-INFO-logger-log_info-Added Parse Panel: ID=1, Name='解析面板 1 (ID: C2)'
2025-05-24 18:40:17,777-INFO-logger-log_info-Removed send panel ID: 1, Name: '发送面板 1 (ID: CA)'
2025-05-24 18:40:17,780-INFO-logger-log_info-Added Send Panel: ID=1, Name='发送面板 1 (ID: CA)'
2025-05-24 18:40:17,780-INFO-logger-log_info-配置已加载并应用到UI。
2025-05-24 18:40:17,792-INFO-logger-log_info-应用程序启动。
2025-05-24 18:40:27,030-INFO-logger-log_info-关闭应用程序。
2025-05-24 18:40:27,043-INFO-logger-log_info-配置已保存到 'serial_debugger_config_v5.json'。
2025-05-24 18:40:27,043-INFO-logger-log_info-配置已自动保存。
2025-05-24 18:41:09,560-INFO-logger-log_info-配置已从 'serial_debugger_config_v5.json' 加载。
2025-05-24 18:41:09,584-INFO-logger-log_info-Added Parse Panel: ID=1, Name='解析面板 1 (ID: C2)'
2025-05-24 18:41:09,587-INFO-logger-log_info-Added Send Panel: ID=1, Name='发送面板 1 (ID: CA)'
2025-05-24 18:41:09,628-INFO-logger-log_info-主题已应用: midnight
2025-05-24 18:41:09,628-INFO-logger-log_info-Removed parse panel ID: 1, Name: '解析面板 1 (ID: C2)'
2025-05-24 18:41:09,639-INFO-logger-log_info-Added Parse Panel: ID=1, Name='解析面板 1 (ID: C2)'
2025-05-24 18:41:09,639-INFO-logger-log_info-Removed send panel ID: 1, Name: '发送面板 1 (ID: CA)'
2025-05-24 18:41:09,644-INFO-logger-log_info-Added Send Panel: ID=1, Name='发送面板 1 (ID: CA)'
2025-05-24 18:41:09,644-INFO-logger-log_info-配置已加载并应用到UI。
2025-05-24 18:41:09,656-INFO-logger-log_info-应用程序启动。
2025-05-24 18:41:37,573-INFO-logger-log_info-关闭应用程序。
2025-05-24 18:41:37,575-INFO-logger-log_info-配置已保存到 'serial_debugger_config_v5.json'。
2025-05-24 18:41:37,575-INFO-logger-log_info-配置已自动保存。
2025-05-24 18:43:44,442-INFO-logger-log_info-配置已从 'serial_debugger_config_v5.json' 加载。
2025-05-24 18:43:44,458-INFO-logger-log_info-Added Parse Panel: ID=1, Name='解析面板 1 (ID: C2)'
2025-05-24 18:43:44,462-INFO-logger-log_info-Added Send Panel: ID=1, Name='发送面板 1 (ID: CA)'
2025-05-24 18:43:44,494-INFO-logger-log_info-主题已应用: midnight
2025-05-24 18:43:44,494-INFO-logger-log_info-Removed parse panel ID: 1, Name: '解析面板 1 (ID: C2)'
2025-05-24 18:43:44,501-INFO-logger-log_info-Added Parse Panel: ID=1, Name='解析面板 1 (ID: C2)'
2025-05-24 18:43:44,501-INFO-logger-log_info-Removed send panel ID: 1, Name: '发送面板 1 (ID: CA)'
2025-05-24 18:43:44,505-INFO-logger-log_info-Added Send Panel: ID=1, Name='发送面板 1 (ID: CA)'
2025-05-24 18:43:44,506-INFO-logger-log_info-配置已加载并应用到UI。
2025-05-24 18:43:44,514-INFO-logger-log_info-应用程序启动。
2025-05-24 18:52:53,814-INFO-logger-log_info-关闭应用程序。
2025-05-24 18:52:53,824-INFO-logger-log_info-配置已保存到 'serial_debugger_config_v5.json'。
2025-05-24 18:52:53,824-INFO-logger-log_info-配置已自动保存。
2025-05-24 18:54:46,603-INFO-logger-log_info-配置已从 'serial_debugger_config_v5.json' 加载。
2025-05-24 18:54:46,631-INFO-logger-log_info-Added Parse Panel: ID=1, Name='解析面板 1 (ID: C2)'
2025-05-24 18:54:46,634-INFO-logger-log_info-Added Send Panel: ID=1, Name='发送面板 1 (ID: CA)'
2025-05-24 18:54:46,674-INFO-logger-log_info-主题已应用: midnight
2025-05-24 18:54:46,674-INFO-logger-log_info-Removed parse panel ID: 1, Name: '解析面板 1 (ID: C2)'
2025-05-24 18:54:46,687-INFO-logger-log_info-Added Parse Panel: ID=1, Name='解析面板 1 (ID: C2)'
2025-05-24 18:54:46,687-INFO-logger-log_info-Removed send panel ID: 1, Name: '发送面板 1 (ID: CA)'
2025-05-24 18:54:46,692-INFO-logger-log_info-Added Send Panel: ID=1, Name='发送面板 1 (ID: CA)'
2025-05-24 18:54:46,692-INFO-logger-log_info-配置已加载并应用到UI。
2025-05-24 18:54:46,703-INFO-logger-log_info-应用程序启动。
2025-05-24 18:55:24,747-INFO-logger-log_info-已从外部文件加载并应用QSS样式: E:/MY_projects/YJ_toolV4/my_custom_style.qss
2025-05-24 18:58:16,243-INFO-logger-log_info-关闭应用程序。
2025-05-24 18:58:16,245-INFO-logger-log_info-配置已保存到 'serial_debugger_config_v5.json'。
2025-05-24 18:58:16,246-INFO-logger-log_info-配置已自动保存。
2025-05-24 23:27:49,851-INFO-logger-log_info-配置已从 'serial_debugger_config_v5.json' 加载。
2025-05-24 23:27:49,921-INFO-logger-log_info-Added Parse Panel: ID=1, Name='解析面板 1 (ID: C2)'
2025-05-24 23:27:49,924-INFO-logger-log_info-Added Send Panel: ID=1, Name='发送面板 1 (ID: CA)'
2025-05-24 23:27:50,000-INFO-logger-log_info-已从外部文件加载并应用QSS样式: E:/MY_projects/YJ_toolV4/my_custom_style.qss
2025-05-24 23:27:50,000-INFO-logger-log_info-Removed parse panel ID: 1, Name: '解析面板 1 (ID: C2)'
2025-05-24 23:27:50,007-INFO-logger-log_info-Added Parse Panel: ID=1, Name='解析面板 1 (ID: C2)'
2025-05-24 23:27:50,007-INFO-logger-log_info-Removed send panel ID: 1, Name: '发送面板 1 (ID: CA)'
2025-05-24 23:27:50,010-INFO-logger-log_info-Added Send Panel: ID=1, Name='发送面板 1 (ID: CA)'
2025-05-24 23:27:50,010-INFO-logger-log_info-配置已加载并应用到UI。
2025-05-24 23:27:50,021-INFO-logger-log_info-应用程序启动。
2025-05-24 23:29:01,707-INFO-logger-log_info-关闭应用程序。
2025-05-24 23:29:01,709-INFO-logger-log_info-配置已保存到 'serial_debugger_config_v5.json'。
2025-05-24 23:29:01,709-INFO-logger-log_info-配置已自动保存。
2025-05-24 23:35:38,948-INFO-logger-log_info-配置已从 'serial_debugger_config_v5.json' 加载。
2025-05-24 23:37:13,127-INFO-logger-log_info-配置已从 'serial_debugger_config_v5.json' 加载。
2025-05-24 23:37:13,156-INFO-logger-log_info-Added Parse Panel: ID=1, Name='解析面板 1 (ID: C2)'
2025-05-24 23:37:13,159-INFO-logger-log_info-Added Send Panel: ID=1, Name='发送面板 1 (ID: CA)'
2025-05-24 23:37:13,204-INFO-logger-log_info-已从外部文件加载并应用QSS样式: E:/MY_projects/YJ_toolV4/my_custom_style.qss
2025-05-24 23:37:13,204-INFO-logger-log_info-Removed parse panel ID: 1, Name: '解析面板 1 (ID: C2)'
2025-05-24 23:37:13,210-INFO-logger-log_info-Added Parse Panel: ID=1, Name='解析面板 1 (ID: C2)'
2025-05-24 23:37:13,211-INFO-logger-log_info-Removed send panel ID: 1, Name: '发送面板 1 (ID: CA)'
2025-05-24 23:37:13,213-INFO-logger-log_info-Added Send Panel: ID=1, Name='发送面板 1 (ID: CA)'
2025-05-24 23:37:13,214-INFO-logger-log_info-配置已加载并应用到UI。
2025-05-24 23:37:13,223-INFO-logger-log_info-应用程序启动。
2025-05-24 23:37:51,036-INFO-logger-log_info-主题已应用: light
2025-05-24 23:39:21,389-INFO-logger-log_info-关闭应用程序。
2025-05-24 23:39:21,392-INFO-logger-log_info-配置已保存到 'serial_debugger_config_v5.json'。
2025-05-24 23:39:21,392-INFO-logger-log_info-配置已自动保存。
2025-05-24 23:40:06,542-INFO-logger-log_info-配置已从 'serial_debugger_config_v5.json' 加载。
2025-05-24 23:40:06,561-INFO-logger-log_info-Added Parse Panel: ID=1, Name='解析面板 1 (ID: C2)'
2025-05-24 23:40:06,564-INFO-logger-log_info-Added Send Panel: ID=1, Name='发送面板 1 (ID: CA)'
2025-05-24 23:40:06,597-INFO-logger-log_info-主题已应用: light
2025-05-24 23:40:06,597-INFO-logger-log_info-Removed parse panel ID: 1, Name: '解析面板 1 (ID: C2)'
2025-05-24 23:40:06,603-INFO-logger-log_info-Added Parse Panel: ID=1, Name='解析面板 1 (ID: C2)'
2025-05-24 23:40:06,604-INFO-logger-log_info-Removed send panel ID: 1, Name: '发送面板 1 (ID: CA)'
2025-05-24 23:40:06,607-INFO-logger-log_info-Added Send Panel: ID=1, Name='发送面板 1 (ID: CA)'
2025-05-24 23:40:06,607-INFO-logger-log_info-配置已加载并应用到UI。
2025-05-24 23:40:06,616-INFO-logger-log_info-应用程序启动。
2025-05-24 23:46:53,923-INFO-logger-log_info-关闭应用程序。
2025-05-24 23:46:53,927-INFO-logger-log_info-配置已保存到 'serial_debugger_config_v5.json'。
2025-05-24 23:46:53,927-INFO-logger-log_info-配置已自动保存。
2025-05-24 23:48:49,923-INFO-logger-log_info-配置已从 'serial_debugger_config_v5.json' 加载。
2025-05-24 23:48:49,954-INFO-logger-log_info-Added Parse Panel: ID=1, Name='解析面板 1 (ID: C2)'
2025-05-24 23:48:49,956-INFO-logger-log_info-Added Send Panel: ID=1, Name='发送面板 1 (ID: CA)'
2025-05-24 23:48:49,991-INFO-logger-log_info-主题已应用: light
2025-05-24 23:48:49,991-INFO-logger-log_info-Removed parse panel ID: 1, Name: '解析面板 1 (ID: C2)'
2025-05-24 23:48:49,998-INFO-logger-log_info-Added Parse Panel: ID=1, Name='解析面板 1 (ID: C2)'
2025-05-24 23:48:49,998-INFO-logger-log_info-Removed send panel ID: 1, Name: '发送面板 1 (ID: CA)'
2025-05-24 23:48:50,001-INFO-logger-log_info-Added Send Panel: ID=1, Name='发送面板 1 (ID: CA)'
2025-05-24 23:48:50,001-INFO-logger-log_info-配置已加载并应用到UI。
2025-05-24 23:48:50,010-INFO-logger-log_info-应用程序启动。
2025-05-24 23:49:35,797-INFO-logger-log_info-关闭应用程序。
2025-05-24 23:49:35,799-INFO-logger-log_info-配置已保存到 'serial_debugger_config_v5.json'。
2025-05-24 23:49:35,799-INFO-logger-log_info-配置已自动保存。
2025-05-24 23:49:54,749-INFO-logger-log_info-配置已从 'serial_debugger_config_v5.json' 加载。
2025-05-24 23:49:54,765-INFO-logger-log_info-Added Parse Panel: ID=1, Name='解析面板 1 (ID: C2)'
2025-05-24 23:49:54,768-INFO-logger-log_info-Added Send Panel: ID=1, Name='发送面板 1 (ID: CA)'
2025-05-24 23:49:54,802-INFO-logger-log_info-主题已应用: light
2025-05-24 23:49:54,802-INFO-logger-log_info-Removed parse panel ID: 1, Name: '解析面板 1 (ID: C2)'
2025-05-24 23:49:54,808-INFO-logger-log_info-Added Parse Panel: ID=1, Name='解析面板 1 (ID: C2)'
2025-05-24 23:49:54,808-INFO-logger-log_info-Removed send panel ID: 1, Name: '发送面板 1 (ID: CA)'
2025-05-24 23:49:54,811-INFO-logger-log_info-Added Send Panel: ID=1, Name='发送面板 1 (ID: CA)'
2025-05-24 23:49:54,811-INFO-logger-log_info-配置已加载并应用到UI。
2025-05-24 23:49:54,822-INFO-logger-log_info-应用程序启动。
2025-05-24 23:50:06,871-INFO-logger-log_info-关闭应用程序。
2025-05-24 23:50:06,872-INFO-logger-log_info-配置已保存到 'serial_debugger_config_v5.json'。
2025-05-24 23:50:06,873-INFO-logger-log_info-配置已自动保存。
2025-05-24 23:50:46,097-INFO-logger-log_info-配置已从 'serial_debugger_config_v5.json' 加载。
2025-05-24 23:50:46,115-INFO-logger-log_info-Added Parse Panel: ID=1, Name='解析面板 1 (ID: C2)'
2025-05-24 23:50:46,117-INFO-logger-log_info-Added Send Panel: ID=1, Name='发送面板 1 (ID: CA)'
2025-05-24 23:50:46,153-INFO-logger-log_info-主题已应用: light
2025-05-24 23:50:46,153-INFO-logger-log_info-Removed parse panel ID: 1, Name: '解析面板 1 (ID: C2)'
2025-05-24 23:50:46,159-INFO-logger-log_info-Added Parse Panel: ID=1, Name='解析面板 1 (ID: C2)'
2025-05-24 23:50:46,159-INFO-logger-log_info-Removed send panel ID: 1, Name: '发送面板 1 (ID: CA)'
2025-05-24 23:50:46,163-INFO-logger-log_info-Added Send Panel: ID=1, Name='发送面板 1 (ID: CA)'
2025-05-24 23:50:46,163-INFO-logger-log_info-配置已加载并应用到UI。
2025-05-24 23:50:46,172-INFO-logger-log_info-应用程序启动。
2025-05-24 23:50:52,717-INFO-logger-log_info-关闭应用程序。
2025-05-24 23:50:52,718-INFO-logger-log_info-配置已保存到 'serial_debugger_config_v5.json'。
2025-05-24 23:50:52,719-INFO-logger-log_info-配置已自动保存。
2025-05-24 23:51:11,324-INFO-logger-log_info-配置已从 'serial_debugger_config_v5.json' 加载。
2025-05-24 23:51:11,340-INFO-logger-log_info-Added Parse Panel: ID=1, Name='解析面板 1 (ID: C2)'
2025-05-24 23:51:11,344-INFO-logger-log_info-Added Send Panel: ID=1, Name='发送面板 1 (ID: CA)'
2025-05-24 23:51:11,377-INFO-logger-log_info-主题已应用: light
2025-05-24 23:51:11,377-INFO-logger-log_info-Removed parse panel ID: 1, Name: '解析面板 1 (ID: C2)'
2025-05-24 23:51:11,383-INFO-logger-log_info-Added Parse Panel: ID=1, Name='解析面板 1 (ID: C2)'
2025-05-24 23:51:11,383-INFO-logger-log_info-Removed send panel ID: 1, Name: '发送面板 1 (ID: CA)'
2025-05-24 23:51:11,387-INFO-logger-log_info-Added Send Panel: ID=1, Name='发送面板 1 (ID: CA)'
2025-05-24 23:51:11,387-INFO-logger-log_info-配置已加载并应用到UI。
2025-05-24 23:51:11,396-INFO-logger-log_info-应用程序启动。
2025-05-24 23:51:19,133-INFO-logger-log_info-关闭应用程序。
2025-05-24 23:51:19,135-INFO-logger-log_info-配置已保存到 'serial_debugger_config_v5.json'。
2025-05-24 23:51:19,135-INFO-logger-log_info-配置已自动保存。
2025-05-24 23:51:44,074-INFO-logger-log_info-配置已从 'serial_debugger_config_v5.json' 加载。
2025-05-24 23:51:44,091-INFO-logger-log_info-Added Parse Panel: ID=1, Name='解析面板 1 (ID: C2)'
2025-05-24 23:51:44,094-INFO-logger-log_info-Added Send Panel: ID=1, Name='发送面板 1 (ID: CA)'
2025-05-24 23:51:44,126-INFO-logger-log_info-主题已应用: light
2025-05-24 23:51:44,126-INFO-logger-log_info-Removed parse panel ID: 1, Name: '解析面板 1 (ID: C2)'
2025-05-24 23:51:44,131-INFO-logger-log_info-Added Parse Panel: ID=1, Name='解析面板 1 (ID: C2)'
2025-05-24 23:51:44,132-INFO-logger-log_info-Removed send panel ID: 1, Name: '发送面板 1 (ID: CA)'
2025-05-24 23:51:44,135-INFO-logger-log_info-Added Send Panel: ID=1, Name='发送面板 1 (ID: CA)'
2025-05-24 23:51:44,135-INFO-logger-log_info-配置已加载并应用到UI。
2025-05-24 23:51:44,144-INFO-logger-log_info-应用程序启动。
2025-05-24 23:51:49,642-INFO-logger-log_info-关闭应用程序。
2025-05-24 23:51:49,645-INFO-logger-log_info-配置已保存到 'serial_debugger_config_v5.json'。
2025-05-24 23:51:49,645-INFO-logger-log_info-配置已自动保存。
2025-05-24 23:52:10,861-INFO-logger-log_info-配置已从 'serial_debugger_config_v5.json' 加载。
2025-05-24 23:52:10,889-INFO-logger-log_info-Added Parse Panel: ID=1, Name='解析面板 1 (ID: C2)'
2025-05-24 23:52:10,892-INFO-logger-log_info-Added Send Panel: ID=1, Name='发送面板 1 (ID: CA)'
2025-05-24 23:52:10,925-INFO-logger-log_info-主题已应用: light
2025-05-24 23:52:10,926-INFO-logger-log_info-Removed parse panel ID: 1, Name: '解析面板 1 (ID: C2)'
2025-05-24 23:52:10,932-INFO-logger-log_info-Added Parse Panel: ID=1, Name='解析面板 1 (ID: C2)'
2025-05-24 23:52:10,932-INFO-logger-log_info-Removed send panel ID: 1, Name: '发送面板 1 (ID: CA)'
2025-05-24 23:52:10,936-INFO-logger-log_info-Added Send Panel: ID=1, Name='发送面板 1 (ID: CA)'
2025-05-24 23:52:10,936-INFO-logger-log_info-配置已加载并应用到UI。
2025-05-24 23:52:10,945-INFO-logger-log_info-应用程序启动。
2025-05-24 23:52:38,242-INFO-logger-log_info-关闭应用程序。
2025-05-24 23:52:38,244-INFO-logger-log_info-配置已保存到 'serial_debugger_config_v5.json'。
2025-05-24 23:52:38,244-INFO-logger-log_info-配置已自动保存。
2025-05-24 23:53:57,795-INFO-logger-log_info-配置已从 'serial_debugger_config_v5.json' 加载。
2025-05-24 23:53:57,814-INFO-logger-log_info-Added Parse Panel: ID=1, Name='解析面板 1 (ID: C2)'
2025-05-24 23:53:57,817-INFO-logger-log_info-Added Send Panel: ID=1, Name='发送面板 1 (ID: CA)'
2025-05-24 23:53:57,849-INFO-logger-log_info-主题已应用: light
2025-05-24 23:53:57,849-INFO-logger-log_info-Removed parse panel ID: 1, Name: '解析面板 1 (ID: C2)'
2025-05-24 23:53:57,856-INFO-logger-log_info-Added Parse Panel: ID=1, Name='解析面板 1 (ID: C2)'
2025-05-24 23:53:57,856-INFO-logger-log_info-Removed send panel ID: 1, Name: '发送面板 1 (ID: CA)'
2025-05-24 23:53:57,859-INFO-logger-log_info-Added Send Panel: ID=1, Name='发送面板 1 (ID: CA)'
2025-05-24 23:53:57,859-INFO-logger-log_info-配置已加载并应用到UI。
2025-05-24 23:53:57,868-INFO-logger-log_info-应用程序启动。
2025-05-24 23:54:13,517-INFO-logger-log_info-关闭应用程序。
2025-05-24 23:54:13,519-INFO-logger-log_info-配置已保存到 'serial_debugger_config_v5.json'。
2025-05-24 23:54:13,519-INFO-logger-log_info-配置已自动保存。
2025-05-24 23:54:31,933-INFO-logger-log_info-配置已从 'serial_debugger_config_v5.json' 加载。
2025-05-24 23:54:31,962-INFO-logger-log_info-Added Parse Panel: ID=1, Name='解析面板 1 (ID: C2)'
2025-05-24 23:54:31,964-INFO-logger-log_info-Added Send Panel: ID=1, Name='发送面板 1 (ID: CA)'
2025-05-24 23:54:31,997-INFO-logger-log_info-主题已应用: light
2025-05-24 23:54:31,997-INFO-logger-log_info-Removed parse panel ID: 1, Name: '解析面板 1 (ID: C2)'
2025-05-24 23:54:32,003-INFO-logger-log_info-Added Parse Panel: ID=1, Name='解析面板 1 (ID: C2)'
2025-05-24 23:54:32,003-INFO-logger-log_info-Removed send panel ID: 1, Name: '发送面板 1 (ID: CA)'
2025-05-24 23:54:32,006-INFO-logger-log_info-Added Send Panel: ID=1, Name='发送面板 1 (ID: CA)'
2025-05-24 23:54:32,006-INFO-logger-log_info-配置已加载并应用到UI。
2025-05-24 23:54:32,016-INFO-logger-log_info-应用程序启动。
2025-05-24 23:54:36,792-INFO-logger-log_info-关闭应用程序。
2025-05-24 23:54:36,794-INFO-logger-log_info-配置已保存到 'serial_debugger_config_v5.json'。
2025-05-24 23:54:36,794-INFO-logger-log_info-配置已自动保存。
2025-05-24 23:55:00,956-INFO-logger-log_info-配置已从 'serial_debugger_config_v5.json' 加载。
2025-05-24 23:55:00,985-INFO-logger-log_info-Added Parse Panel: ID=1, Name='解析面板 1 (ID: C2)'
2025-05-24 23:55:00,988-INFO-logger-log_info-Added Send Panel: ID=1, Name='发送面板 1 (ID: CA)'
2025-05-24 23:55:01,020-INFO-logger-log_info-主题已应用: light
2025-05-24 23:55:01,020-INFO-logger-log_info-Removed parse panel ID: 1, Name: '解析面板 1 (ID: C2)'
2025-05-24 23:55:01,027-INFO-logger-log_info-Added Parse Panel: ID=1, Name='解析面板 1 (ID: C2)'
2025-05-24 23:55:01,027-INFO-logger-log_info-Removed send panel ID: 1, Name: '发送面板 1 (ID: CA)'
2025-05-24 23:55:01,031-INFO-logger-log_info-Added Send Panel: ID=1, Name='发送面板 1 (ID: CA)'
2025-05-24 23:55:01,031-INFO-logger-log_info-配置已加载并应用到UI。
2025-05-24 23:55:01,039-INFO-logger-log_info-应用程序启动。
2025-05-24 23:55:09,952-INFO-logger-log_info-关闭应用程序。
2025-05-24 23:55:09,953-INFO-logger-log_info-配置已保存到 'serial_debugger_config_v5.json'。
2025-05-24 23:55:09,953-INFO-logger-log_info-配置已自动保存。
2025-05-24 23:55:53,067-INFO-logger-log_info-配置已从 'serial_debugger_config_v5.json' 加载。
2025-05-24 23:55:53,087-INFO-logger-log_info-Added Parse Panel: ID=1, Name='解析面板 1 (ID: C2)'
2025-05-24 23:55:53,090-INFO-logger-log_info-Added Send Panel: ID=1, Name='发送面板 1 (ID: CA)'
2025-05-24 23:55:53,126-INFO-logger-log_info-主题已应用: light
2025-05-24 23:55:53,127-INFO-logger-log_info-Removed parse panel ID: 1, Name: '解析面板 1 (ID: C2)'
2025-05-24 23:55:53,134-INFO-logger-log_info-Added Parse Panel: ID=1, Name='解析面板 1 (ID: C2)'
2025-05-24 23:55:53,134-INFO-logger-log_info-Removed send panel ID: 1, Name: '发送面板 1 (ID: CA)'
2025-05-24 23:55:53,137-INFO-logger-log_info-Added Send Panel: ID=1, Name='发送面板 1 (ID: CA)'
2025-05-24 23:55:53,137-INFO-logger-log_info-配置已加载并应用到UI。
2025-05-24 23:55:53,146-INFO-logger-log_info-应用程序启动。
2025-05-24 23:57:07,566-INFO-logger-log_info-关闭应用程序。
2025-05-24 23:57:07,568-INFO-logger-log_info-配置已保存到 'serial_debugger_config_v5.json'。
2025-05-24 23:57:07,568-INFO-logger-log_info-配置已自动保存。
2025-05-24 23:57:39,308-INFO-logger-log_info-配置已从 'serial_debugger_config_v5.json' 加载。
2025-05-24 23:57:39,324-INFO-logger-log_info-Added Parse Panel: ID=1, Name='解析面板 1 (ID: C2)'
2025-05-24 23:57:39,327-INFO-logger-log_info-Added Send Panel: ID=1, Name='发送面板 1 (ID: CA)'
2025-05-24 23:57:39,362-INFO-logger-log_info-主题已应用: light
2025-05-24 23:57:39,362-INFO-logger-log_info-Removed parse panel ID: 1, Name: '解析面板 1 (ID: C2)'
2025-05-24 23:57:39,367-INFO-logger-log_info-Added Parse Panel: ID=1, Name='解析面板 1 (ID: C2)'
2025-05-24 23:57:39,367-INFO-logger-log_info-Removed send panel ID: 1, Name: '发送面板 1 (ID: CA)'
2025-05-24 23:57:39,372-INFO-logger-log_info-Added Send Panel: ID=1, Name='发送面板 1 (ID: CA)'
2025-05-24 23:57:39,372-INFO-logger-log_info-配置已加载并应用到UI。
2025-05-24 23:57:39,379-INFO-logger-log_info-应用程序启动。
2025-05-24 23:58:06,701-INFO-logger-log_info-关闭应用程序。
2025-05-24 23:58:06,703-INFO-logger-log_info-配置已保存到 'serial_debugger_config_v5.json'。
2025-05-24 23:58:06,703-INFO-logger-log_info-配置已自动保存。
2025-05-24 23:58:22,084-INFO-logger-log_info-配置已从 'serial_debugger_config_v5.json' 加载。
2025-05-24 23:58:22,100-INFO-logger-log_info-Added Parse Panel: ID=1, Name='解析面板 1 (ID: C2)'
2025-05-24 23:58:22,103-INFO-logger-log_info-Added Send Panel: ID=1, Name='发送面板 1 (ID: CA)'
2025-05-24 23:58:22,136-INFO-logger-log_info-主题已应用: light
2025-05-24 23:58:22,136-INFO-logger-log_info-Removed parse panel ID: 1, Name: '解析面板 1 (ID: C2)'
2025-05-24 23:58:22,143-INFO-logger-log_info-Added Parse Panel: ID=1, Name='解析面板 1 (ID: C2)'
2025-05-24 23:58:22,143-INFO-logger-log_info-Removed send panel ID: 1, Name: '发送面板 1 (ID: CA)'
2025-05-24 23:58:22,146-INFO-logger-log_info-Added Send Panel: ID=1, Name='发送面板 1 (ID: CA)'
2025-05-24 23:58:22,146-INFO-logger-log_info-配置已加载并应用到UI。
2025-05-24 23:58:22,154-INFO-logger-log_info-应用程序启动。
2025-05-24 23:58:43,095-INFO-logger-log_info-关闭应用程序。
2025-05-24 23:58:43,097-INFO-logger-log_info-配置已保存到 'serial_debugger_config_v5.json'。
2025-05-24 23:58:43,097-INFO-logger-log_info-配置已自动保存。
2025-05-24 23:58:56,807-INFO-logger-log_info-配置已从 'serial_debugger_config_v5.json' 加载。
2025-05-24 23:58:56,835-INFO-logger-log_info-Added Parse Panel: ID=1, Name='解析面板 1 (ID: C2)'
2025-05-24 23:58:56,838-INFO-logger-log_info-Added Send Panel: ID=1, Name='发送面板 1 (ID: CA)'
2025-05-24 23:58:56,871-INFO-logger-log_info-主题已应用: light
2025-05-24 23:58:56,871-INFO-logger-log_info-Removed parse panel ID: 1, Name: '解析面板 1 (ID: C2)'
2025-05-24 23:58:56,877-INFO-logger-log_info-Added Parse Panel: ID=1, Name='解析面板 1 (ID: C2)'
2025-05-24 23:58:56,877-INFO-logger-log_info-Removed send panel ID: 1, Name: '发送面板 1 (ID: CA)'
2025-05-24 23:58:56,881-INFO-logger-log_info-Added Send Panel: ID=1, Name='发送面板 1 (ID: CA)'
2025-05-24 23:58:56,881-INFO-logger-log_info-配置已加载并应用到UI。
2025-05-24 23:58:56,890-INFO-logger-log_info-应用程序启动。
2025-05-24 23:59:07,857-INFO-logger-log_info-关闭应用程序。
2025-05-24 23:59:07,858-INFO-logger-log_info-配置已保存到 'serial_debugger_config_v5.json'。
2025-05-24 23:59:07,858-INFO-logger-log_info-配置已自动保存。
