2025-05-26 00:04:17,187-INFO-logger-log_info-Registered panel type: 'core_parse_panel' (数据解析面板) from class AdaptedParsePanelWidget
2025-05-26 00:04:17,187-INFO-logger-log_info-Registered panel type: 'core_send_panel' (数据发送面板) from class AdaptedSendPanelWidget
2025-05-26 00:04:17,187-INFO-logger-log_info-Registered panel type: 'core_plot_widget_panel' (波形图面板) from class AdaptedPlotWidgetPanel
2025-05-26 00:04:17,188-INFO-logger-log_info-Plugin directory 'E:\MY_projects\panel_plugins' not found. No external panels will be loaded.
2025-05-26 00:04:17,255-INFO-logger-log_info-配置已从 'serial_debugger_config.json' 加载。
2025-05-26 00:04:17,963-INFO-logger-log_info-已从外部文件加载并应用QSS样式: E:/MY_projects/YJ_toolV4/improved_qss.qss
2025-05-26 00:04:18,059-INFO-logger-log_info-接收容器 1 的绘图目标已更改为 Plot Panel ID: 8
2025-05-26 00:04:18,059-INFO-logger-log_info-接收容器 2 的绘图目标已更改为 Plot Panel ID: 8
2025-05-26 00:04:18,174-INFO-logger-log_info-[CONFIG] 配置已加载并应用到UI。
2025-05-26 00:04:18,174-INFO-logger-log_info-接收容器 1 的绘图目标已更改为 Plot Panel ID: 8
2025-05-26 00:04:18,174-INFO-logger-log_info-接收容器 2 的绘图目标已更改为 Plot Panel ID: 8
2025-05-26 00:04:18,187-INFO-logger-log_info-应用程序启动 (插件架构)。
2025-05-26 00:06:14,307-INFO-logger-log_info-关闭应用程序，正在停止后台线程...
2025-05-26 00:06:14,345-INFO-logger-log_info-配置已保存到 'serial_debugger_config.json'。
2025-05-26 00:06:14,347-INFO-logger-log_info-配置已自动保存。应用程序退出。
2025-05-26 00:06:28,929-INFO-logger-log_info-Registered panel type: 'core_parse_panel' (数据解析面板) from class AdaptedParsePanelWidget
2025-05-26 00:06:28,930-INFO-logger-log_info-Registered panel type: 'core_send_panel' (数据发送面板) from class AdaptedSendPanelWidget
2025-05-26 00:06:28,930-INFO-logger-log_info-Registered panel type: 'core_plot_widget_panel' (波形图面板) from class AdaptedPlotWidgetPanel
2025-05-26 00:06:28,930-INFO-logger-log_info-Plugin directory 'E:\MY_projects\panel_plugins' not found. No external panels will be loaded.
2025-05-26 00:06:28,958-INFO-logger-log_info-配置已从 'serial_debugger_config.json' 加载。
2025-05-26 00:06:29,693-INFO-logger-log_info-已从外部文件加载并应用QSS样式: E:/MY_projects/YJ_toolV4/improved_qss.qss
2025-05-26 00:06:29,762-INFO-logger-log_info-接收容器 1 的绘图目标已更改为 Plot Panel ID: 8
2025-05-26 00:06:29,762-INFO-logger-log_info-接收容器 2 的绘图目标已更改为 Plot Panel ID: 8
2025-05-26 00:06:29,863-INFO-logger-log_info-[CONFIG] 配置已加载并应用到UI。
2025-05-26 00:06:29,863-INFO-logger-log_info-接收容器 1 的绘图目标已更改为 Plot Panel ID: 8
2025-05-26 00:06:29,863-INFO-logger-log_info-接收容器 2 的绘图目标已更改为 Plot Panel ID: 8
2025-05-26 00:06:29,873-INFO-logger-log_info-应用程序启动 (插件架构)。
2025-05-26 00:06:32,264-INFO-logger-log_info-关闭应用程序，正在停止后台线程...
2025-05-26 00:06:32,319-INFO-logger-log_info-配置已保存到 'serial_debugger_config.json'。
2025-05-26 00:06:32,320-INFO-logger-log_info-配置已自动保存。应用程序退出。
2025-05-26 00:20:45,661-INFO-logger-log_info-Registered panel type: 'core_parse_panel' (数据解析面板) from class AdaptedParsePanelWidget
2025-05-26 00:20:45,662-INFO-logger-log_info-Registered panel type: 'core_send_panel' (数据发送面板) from class AdaptedSendPanelWidget
2025-05-26 00:20:45,662-INFO-logger-log_info-Registered panel type: 'core_plot_widget_panel' (波形图面板) from class AdaptedPlotWidgetPanel
2025-05-26 00:20:45,662-INFO-logger-log_info-Plugin directory 'E:\MY_projects\panel_plugins' not found. No external panels will be loaded.
2025-05-26 00:20:45,690-INFO-logger-log_info-DataProcessor thread started.
2025-05-26 00:20:45,727-INFO-logger-log_info-配置已从 'serial_debugger_config.json' 加载。
2025-05-26 00:20:46,523-INFO-logger-log_info-已从外部文件加载并应用QSS样式: E:/MY_projects/YJ_toolV4/improved_qss.qss
2025-05-26 00:20:46,624-INFO-logger-log_info-接收容器 1 的绘图目标已更改为 Plot Panel ID: 8
2025-05-26 00:20:46,624-INFO-logger-log_info-接收容器 2 的绘图目标已更改为 Plot Panel ID: 8
2025-05-26 00:20:46,751-INFO-logger-log_info-[CONFIG] 配置已加载并应用到UI。
2025-05-26 00:20:46,751-INFO-logger-log_info-接收容器 1 的绘图目标已更改为 Plot Panel ID: 8
2025-05-26 00:20:46,752-INFO-logger-log_info-接收容器 2 的绘图目标已更改为 Plot Panel ID: 8
2025-05-26 00:20:46,766-INFO-logger-log_info-应用程序启动 (插件架构)。
2025-05-26 00:20:50,385-INFO-logger-log_info-脚本执行完毕. 成功: True. 时间: 0.0007s
2025-05-26 00:22:57,829-INFO-logger-log_info-脚本执行完毕. 成功: True. 时间: 0.0003s
2025-05-26 00:23:19,011-INFO-logger-log_info-脚本执行完毕. 成功: True. 时间: 0.0003s
2025-05-26 00:23:35,983-INFO-logger-log_info-脚本执行完毕. 成功: True. 时间: 0.0003s
2025-05-26 00:23:57,595-INFO-logger-log_info-脚本执行完毕. 成功: True. 时间: 0.0004s
2025-05-26 00:24:09,370-INFO-logger-log_info-脚本执行完毕. 成功: True. 时间: 0.0003s
2025-05-26 00:24:19,828-INFO-logger-log_info-脚本执行完毕. 成功: False. 时间: 0.0004s
2025-05-26 00:25:07,807-INFO-logger-log_info-脚本执行完毕. 成功: True. 时间: 0.0006s
2025-05-26 00:25:18,925-INFO-logger-log_info-脚本执行完毕. 成功: False. 时间: 0.0110s
2025-05-26 00:29:21,197-INFO-logger-log_info-关闭应用程序，正在停止后台线程...
2025-05-26 00:29:21,197-INFO-logger-log_info-DataProcessor: Stop requested.
2025-05-26 00:29:21,243-INFO-logger-log_info-DataProcessor thread stopped. Processed: 0, Errors: 0.
2025-05-26 00:29:21,247-INFO-logger-log_info-配置已保存到 'serial_debugger_config.json'。
2025-05-26 00:29:21,249-INFO-logger-log_info-配置已自动保存。应用程序退出。
2025-05-26 00:42:25,971-INFO-logger-log_info-Registered panel type: 'core_parse_panel' (数据解析面板) from class AdaptedParsePanelWidget
2025-05-26 00:42:25,971-INFO-logger-log_info-Registered panel type: 'core_send_panel' (数据发送面板) from class AdaptedSendPanelWidget
2025-05-26 00:42:25,971-INFO-logger-log_info-Registered panel type: 'core_plot_widget_panel' (波形图面板) from class AdaptedPlotWidgetPanel
2025-05-26 00:42:25,971-INFO-logger-log_info-Plugin directory 'E:\MY_projects\panel_plugins' not found. No external panels will be loaded.
2025-05-26 00:42:25,984-INFO-logger-log_info-DataProcessor thread started.
2025-05-26 00:42:25,999-INFO-logger-log_info-配置已从 'serial_debugger_config.json' 加载。
2025-05-26 00:42:26,755-INFO-logger-log_info-已从外部文件加载并应用QSS样式: E:/MY_projects/YJ_toolV4/improved_qss.qss
2025-05-26 00:42:26,845-INFO-logger-log_info-接收容器 1 的绘图目标已更改为 Plot Panel ID: 8
2025-05-26 00:42:26,845-INFO-logger-log_info-接收容器 2 的绘图目标已更改为 Plot Panel ID: 8
2025-05-26 00:42:26,956-INFO-logger-log_info-[CONFIG] 配置已加载并应用到UI。
2025-05-26 00:42:26,957-INFO-logger-log_info-接收容器 1 的绘图目标已更改为 Plot Panel ID: 8
2025-05-26 00:42:26,957-INFO-logger-log_info-接收容器 2 的绘图目标已更改为 Plot Panel ID: 8
2025-05-26 00:42:26,969-INFO-logger-log_info-应用程序启动 (插件架构)。
2025-05-26 00:42:29,663-INFO-logger-log_info-脚本执行完毕. 成功: True. 时间: 0.0004s
2025-05-26 00:43:07,182-INFO-logger-log_info-脚本执行完毕. 成功: True. 时间: 0.0003s
2025-05-26 00:43:58,577-INFO-logger-log_info-脚本执行完毕. 成功: False. 时间: 0.0003s
2025-05-26 00:44:23,627-INFO-logger-log_info-脚本执行完毕. 成功: True. 时间: 7.1753s
2025-05-26 00:44:30,927-INFO-logger-log_info-脚本执行完毕. 成功: True. 时间: 7.2140s
2025-05-26 00:44:38,094-INFO-logger-log_info-脚本执行完毕. 成功: True. 时间: 7.1499s
2025-05-26 00:44:45,245-INFO-logger-log_info-脚本执行完毕. 成功: True. 时间: 7.0959s
2025-05-26 00:47:52,889-INFO-logger-log_info-Registered panel type: 'core_parse_panel' (数据解析面板) from class AdaptedParsePanelWidget
2025-05-26 00:47:52,889-INFO-logger-log_info-Registered panel type: 'core_send_panel' (数据发送面板) from class AdaptedSendPanelWidget
2025-05-26 00:47:52,889-INFO-logger-log_info-Registered panel type: 'core_plot_widget_panel' (波形图面板) from class AdaptedPlotWidgetPanel
2025-05-26 00:47:52,889-INFO-logger-log_info-Plugin directory 'E:\MY_projects\panel_plugins' not found. No external panels will be loaded.
2025-05-26 00:47:52,907-INFO-logger-log_info-DataProcessor thread started.
2025-05-26 00:47:52,921-INFO-logger-log_info-配置已从 'serial_debugger_config.json' 加载。
2025-05-26 00:47:53,684-INFO-logger-log_info-已从外部文件加载并应用QSS样式: E:/MY_projects/YJ_toolV4/improved_qss.qss
2025-05-26 00:47:53,761-INFO-logger-log_info-接收容器 1 的绘图目标已更改为 Plot Panel ID: 8
2025-05-26 00:47:53,762-INFO-logger-log_info-接收容器 2 的绘图目标已更改为 Plot Panel ID: 8
2025-05-26 00:47:53,867-INFO-logger-log_info-[CONFIG] 配置已加载并应用到UI。
2025-05-26 00:47:53,868-INFO-logger-log_info-接收容器 1 的绘图目标已更改为 Plot Panel ID: 8
2025-05-26 00:47:53,868-INFO-logger-log_info-接收容器 2 的绘图目标已更改为 Plot Panel ID: 8
2025-05-26 00:47:53,878-INFO-logger-log_info-应用程序启动 (插件架构)。
2025-05-26 00:48:40,463-INFO-logger-log_info-脚本执行完毕. 成功: True. 时间: 7.4356s
2025-05-26 00:52:16,604-INFO-logger-log_info-脚本执行完毕. 成功: True. 时间: 0.0003s
2025-05-26 00:54:25,537-INFO-logger-log_info-关闭应用程序，正在停止后台线程...
2025-05-26 00:54:25,537-INFO-logger-log_info-DataProcessor: Stop requested.
2025-05-26 00:54:25,562-INFO-logger-log_info-DataProcessor thread stopped. Processed: 0, Errors: 0.
2025-05-26 00:54:25,571-INFO-logger-log_info-配置已保存到 'serial_debugger_config.json'。
2025-05-26 00:54:25,574-INFO-logger-log_info-配置已自动保存。应用程序退出。
2025-05-26 00:54:41,765-INFO-logger-log_info-Registered panel type: 'core_parse_panel' (数据解析面板) from class AdaptedParsePanelWidget
2025-05-26 00:54:41,766-INFO-logger-log_info-Registered panel type: 'core_send_panel' (数据发送面板) from class AdaptedSendPanelWidget
2025-05-26 00:54:41,766-INFO-logger-log_info-Registered panel type: 'core_plot_widget_panel' (波形图面板) from class AdaptedPlotWidgetPanel
2025-05-26 00:54:41,766-INFO-logger-log_info-Plugin directory 'E:\MY_projects\panel_plugins' not found. No external panels will be loaded.
2025-05-26 00:54:41,787-INFO-logger-log_info-DataProcessor thread started.
2025-05-26 00:54:41,801-INFO-logger-log_info-配置已从 'serial_debugger_config.json' 加载。
2025-05-26 00:54:42,581-INFO-logger-log_info-已从外部文件加载并应用QSS样式: E:/MY_projects/YJ_toolV4/improved_qss.qss
2025-05-26 00:54:42,653-INFO-logger-log_info-接收容器 1 的绘图目标已更改为 Plot Panel ID: 8
2025-05-26 00:54:42,653-INFO-logger-log_info-接收容器 2 的绘图目标已更改为 Plot Panel ID: 8
2025-05-26 00:54:42,770-INFO-logger-log_info-[CONFIG] 配置已加载并应用到UI。
2025-05-26 00:54:42,770-INFO-logger-log_info-接收容器 1 的绘图目标已更改为 Plot Panel ID: 8
2025-05-26 00:54:42,770-INFO-logger-log_info-接收容器 2 的绘图目标已更改为 Plot Panel ID: 8
2025-05-26 00:54:42,781-INFO-logger-log_info-应用程序启动 (插件架构)。
2025-05-26 00:54:58,875-INFO-logger-log_info-脚本执行完毕. 成功: False. 时间: 0.0004s
2025-05-26 00:56:48,595-INFO-logger-log_info-关闭应用程序，正在停止后台线程...
2025-05-26 00:56:48,595-INFO-logger-log_info-DataProcessor: Stop requested.
2025-05-26 00:56:48,640-INFO-logger-log_info-DataProcessor thread stopped. Processed: 0, Errors: 0.
2025-05-26 00:56:48,643-INFO-logger-log_info-配置已保存到 'serial_debugger_config.json'。
2025-05-26 00:56:48,643-INFO-logger-log_info-配置已自动保存。应用程序退出。
2025-05-26 01:04:11,193-INFO-logger-log_info-Registered panel type: 'core_parse_panel' (数据解析面板) from class AdaptedParsePanelWidget
2025-05-26 01:04:11,194-INFO-logger-log_info-Registered panel type: 'core_send_panel' (数据发送面板) from class AdaptedSendPanelWidget
2025-05-26 01:04:11,194-INFO-logger-log_info-Registered panel type: 'core_plot_widget_panel' (波形图面板) from class AdaptedPlotWidgetPanel
2025-05-26 01:04:11,194-INFO-logger-log_info-Plugin directory 'E:\MY_projects\panel_plugins' not found. No external panels will be loaded.
2025-05-26 01:04:11,217-INFO-logger-log_info-DataProcessor thread started.
2025-05-26 01:04:11,253-INFO-logger-log_info-配置已从 'serial_debugger_config.json' 加载。
2025-05-26 01:04:12,048-INFO-logger-log_info-已从外部文件加载并应用QSS样式: E:/MY_projects/YJ_toolV4/improved_qss.qss
2025-05-26 01:04:12,140-INFO-logger-log_info-接收容器 1 的绘图目标已更改为 Plot Panel ID: 8
2025-05-26 01:04:12,140-INFO-logger-log_info-接收容器 2 的绘图目标已更改为 Plot Panel ID: 8
2025-05-26 01:04:12,247-INFO-logger-log_info-[CONFIG] 配置已加载并应用到UI。
2025-05-26 01:04:12,247-INFO-logger-log_info-接收容器 1 的绘图目标已更改为 Plot Panel ID: 8
2025-05-26 01:04:12,247-INFO-logger-log_info-接收容器 2 的绘图目标已更改为 Plot Panel ID: 8
2025-05-26 01:04:12,258-INFO-logger-log_info-应用程序启动 (插件架构)。
2025-05-26 01:04:14,902-INFO-logger-log_info-脚本执行完毕. 成功: True. 时间: 0.0299s
2025-05-26 01:06:54,999-INFO-logger-log_info-脚本执行完毕. 成功: True. 时间: 0.0007s
2025-05-26 01:07:07,442-INFO-logger-log_info-脚本执行完毕. 成功: True. 时间: 0.0005s
2025-05-26 01:08:58,930-INFO-logger-log_info-关闭应用程序，正在停止后台线程...
2025-05-26 01:08:58,931-INFO-logger-log_info-DataProcessor: Stop requested.
2025-05-26 01:08:58,939-INFO-logger-log_info-DataProcessor thread stopped. Processed: 0, Errors: 0.
2025-05-26 01:08:58,942-INFO-logger-log_info-配置已保存到 'serial_debugger_config.json'。
2025-05-26 01:08:58,944-INFO-logger-log_info-配置已自动保存。应用程序退出。
2025-05-26 01:09:12,176-INFO-logger-log_info-Registered panel type: 'core_parse_panel' (数据解析面板) from class AdaptedParsePanelWidget
2025-05-26 01:09:12,177-INFO-logger-log_info-Registered panel type: 'core_send_panel' (数据发送面板) from class AdaptedSendPanelWidget
2025-05-26 01:09:12,177-INFO-logger-log_info-Registered panel type: 'core_plot_widget_panel' (波形图面板) from class AdaptedPlotWidgetPanel
2025-05-26 01:09:12,177-INFO-logger-log_info-Plugin directory 'E:\MY_projects\panel_plugins' not found. No external panels will be loaded.
2025-05-26 01:09:12,189-INFO-logger-log_info-DataProcessor thread started.
2025-05-26 01:09:12,202-INFO-logger-log_info-配置已从 'serial_debugger_config.json' 加载。
2025-05-26 01:09:13,030-INFO-logger-log_info-已从外部文件加载并应用QSS样式: E:/MY_projects/YJ_toolV4/improved_qss.qss
2025-05-26 01:09:13,106-INFO-logger-log_info-接收容器 1 的绘图目标已更改为 Plot Panel ID: 8
2025-05-26 01:09:13,107-INFO-logger-log_info-接收容器 2 的绘图目标已更改为 Plot Panel ID: 8
2025-05-26 01:09:13,213-INFO-logger-log_info-[CONFIG] 配置已加载并应用到UI。
2025-05-26 01:09:13,213-INFO-logger-log_info-接收容器 1 的绘图目标已更改为 Plot Panel ID: 8
2025-05-26 01:09:13,213-INFO-logger-log_info-接收容器 2 的绘图目标已更改为 Plot Panel ID: 8
2025-05-26 01:09:13,224-INFO-logger-log_info-应用程序启动 (插件架构)。
2025-05-26 01:09:33,901-INFO-logger-log_info-脚本执行完毕. 成功: True. 时间: 0.4398s
2025-05-26 01:10:22,421-INFO-logger-log_info-脚本执行完毕. 成功: True. 时间: 0.0674s
2025-05-26 01:10:26,181-INFO-logger-log_info-脚本执行完毕. 成功: True. 时间: 0.0675s
2025-05-26 01:10:30,717-INFO-logger-log_info-脚本执行完毕. 成功: True. 时间: 0.0641s
2025-05-26 01:11:06,231-INFO-logger-log_info-脚本执行完毕. 成功: True. 时间: 21.5691s
2025-05-26 01:11:57,845-INFO-logger-log_info-脚本执行完毕. 成功: True. 时间: 0.0181s
2025-05-26 01:12:00,586-INFO-logger-log_info-脚本执行完毕. 成功: True. 时间: 0.0069s
2025-05-26 01:12:01,080-INFO-logger-log_info-脚本执行完毕. 成功: True. 时间: 0.0067s
2025-05-26 01:12:01,582-INFO-logger-log_info-脚本执行完毕. 成功: True. 时间: 0.0061s
2025-05-26 01:12:02,188-INFO-logger-log_info-脚本执行完毕. 成功: True. 时间: 0.0064s
2025-05-26 01:12:05,479-INFO-logger-log_info-脚本执行完毕. 成功: True. 时间: 0.0064s
2025-05-26 01:12:21,407-INFO-logger-log_info-脚本执行完毕. 成功: True. 时间: 0.0059s
2025-05-26 01:12:21,889-INFO-logger-log_info-脚本执行完毕. 成功: True. 时间: 0.0061s
2025-05-26 01:12:22,142-INFO-logger-log_info-脚本执行完毕. 成功: True. 时间: 0.0061s
2025-05-26 01:12:22,406-INFO-logger-log_info-脚本执行完毕. 成功: True. 时间: 0.0066s
2025-05-26 01:12:33,031-INFO-logger-log_info-脚本执行完毕. 成功: True. 时间: 0.1546s
2025-05-26 01:12:38,290-INFO-logger-log_info-脚本执行完毕. 成功: True. 时间: 0.1610s
2025-05-26 01:12:38,836-INFO-logger-log_info-脚本执行完毕. 成功: True. 时间: 0.1933s
2025-05-26 01:12:39,150-INFO-logger-log_info-脚本执行完毕. 成功: True. 时间: 0.1444s
2025-05-26 01:12:39,398-INFO-logger-log_info-脚本执行完毕. 成功: True. 时间: 0.1491s
2025-05-26 01:12:39,653-INFO-logger-log_info-脚本执行完毕. 成功: True. 时间: 0.1528s
2025-05-26 01:12:40,070-INFO-logger-log_info-脚本执行完毕. 成功: True. 时间: 0.1543s
2025-05-26 01:14:03,084-INFO-logger-log_info-脚本执行完毕. 成功: True. 时间: 0.0005s
2025-05-26 01:14:35,907-INFO-logger-log_info-脚本执行完毕. 成功: True. 时间: 0.0365s
2025-05-26 01:14:47,761-INFO-logger-log_info-脚本执行完毕. 成功: True. 时间: 0.0003s
2025-05-26 01:14:58,666-INFO-logger-log_info-脚本执行完毕. 成功: True. 时间: 2.0345s
2025-05-26 01:17:56,069-INFO-logger-log_info-脚本执行完毕. 成功: False. 时间: 153.9350s
2025-05-26 01:20:57,347-INFO-logger-log_info-关闭应用程序，正在停止后台线程...
2025-05-26 01:20:57,347-INFO-logger-log_info-DataProcessor: Stop requested.
2025-05-26 01:20:57,373-INFO-logger-log_info-DataProcessor thread stopped. Processed: 0, Errors: 0.
2025-05-26 01:20:57,397-INFO-logger-log_info-配置已保存到 'serial_debugger_config.json'。
2025-05-26 01:20:57,406-INFO-logger-log_info-配置已自动保存。应用程序退出。
2025-05-26 01:22:33,398-INFO-logger-log_info-Registered panel type: 'core_parse_panel' (数据解析面板) from class AdaptedParsePanelWidget
2025-05-26 01:22:33,399-INFO-logger-log_info-Registered panel type: 'core_send_panel' (数据发送面板) from class AdaptedSendPanelWidget
2025-05-26 01:22:33,399-INFO-logger-log_info-Registered panel type: 'core_plot_widget_panel' (波形图面板) from class AdaptedPlotWidgetPanel
2025-05-26 01:22:33,399-INFO-logger-log_info-Plugin directory 'E:\MY_projects\panel_plugins' not found. No external panels will be loaded.
2025-05-26 01:22:33,414-INFO-logger-log_info-DataProcessor thread started.
2025-05-26 01:22:33,451-INFO-logger-log_info-配置已从 'serial_debugger_config.json' 加载。
2025-05-26 01:22:34,342-INFO-logger-log_info-已从外部文件加载并应用QSS样式: E:/MY_projects/YJ_toolV4/improved_qss.qss
2025-05-26 01:22:34,495-INFO-logger-log_info-接收容器 1 的绘图目标已更改为 Plot Panel ID: 8
2025-05-26 01:22:34,496-INFO-logger-log_info-接收容器 2 的绘图目标已更改为 Plot Panel ID: 8
2025-05-26 01:22:34,627-INFO-logger-log_info-[CONFIG] 配置已加载并应用到UI。
2025-05-26 01:22:34,627-INFO-logger-log_info-接收容器 1 的绘图目标已更改为 Plot Panel ID: 8
2025-05-26 01:22:34,627-INFO-logger-log_info-接收容器 2 的绘图目标已更改为 Plot Panel ID: 8
2025-05-26 01:22:34,642-INFO-logger-log_info-应用程序启动 (插件架构)。
2025-05-26 01:23:25,802-INFO-logger-log_info-脚本执行完毕. 成功: True. 时间: 0.2248s
2025-05-26 01:24:32,975-INFO-logger-log_info-脚本执行完毕. 成功: True. 时间: 0.0184s
2025-05-26 01:25:03,704-INFO-logger-log_info-脚本执行完毕. 成功: True. 时间: 19.1073s
2025-05-26 01:25:24,599-INFO-logger-log_info-脚本执行完毕. 成功: True. 时间: 20.8813s
2025-05-26 01:26:08,696-INFO-logger-log_info-脚本执行完毕. 成功: True. 时间: 17.9796s
2025-05-26 01:26:40,860-INFO-logger-log_info-脚本执行完毕. 成功: True. 时间: 0.0086s
2025-05-26 01:26:52,778-INFO-logger-log_info-脚本执行完毕. 成功: True. 时间: 2.5672s
2025-05-26 01:27:10,693-INFO-logger-log_info-关闭应用程序，正在停止后台线程...
2025-05-26 01:27:10,693-INFO-logger-log_info-DataProcessor: Stop requested.
2025-05-26 01:27:10,720-INFO-logger-log_info-DataProcessor thread stopped. Processed: 0, Errors: 0.
2025-05-26 01:27:10,724-INFO-logger-log_info-配置已保存到 'serial_debugger_config.json'。
2025-05-26 01:27:10,726-INFO-logger-log_info-配置已自动保存。应用程序退出。
2025-05-26 08:27:39,945-INFO-logger-log_info-Registered panel type: 'core_parse_panel' (数据解析面板) from class AdaptedParsePanelWidget
2025-05-26 08:27:39,946-INFO-logger-log_info-Registered panel type: 'core_send_panel' (数据发送面板) from class AdaptedSendPanelWidget
2025-05-26 08:27:39,946-INFO-logger-log_info-Registered panel type: 'core_plot_widget_panel' (波形图面板) from class AdaptedPlotWidgetPanel
2025-05-26 08:27:39,946-INFO-logger-log_info-Plugin directory 'E:\MY_projects\panel_plugins' not found. No external panels will be loaded.
2025-05-26 08:27:39,964-INFO-logger-log_info-DataProcessor thread started.
2025-05-26 08:27:40,012-INFO-logger-log_info-配置已从 'serial_debugger_config.json' 加载。
2025-05-26 08:27:43,837-INFO-logger-log_info-已从外部文件加载并应用QSS样式: E:/MY_projects/YJ_toolV4/improved_qss.qss
2025-05-26 08:27:44,004-INFO-logger-log_info-接收容器 1 的绘图目标已更改为 Plot Panel ID: 8
2025-05-26 08:27:44,004-INFO-logger-log_info-接收容器 2 的绘图目标已更改为 Plot Panel ID: 8
2025-05-26 08:27:44,010-INFO-logger-log_info-[CONFIG] 配置已加载并应用到UI。
2025-05-26 08:27:44,011-INFO-logger-log_info-接收容器 1 的绘图目标已更改为 Plot Panel ID: 8
2025-05-26 08:27:44,011-INFO-logger-log_info-接收容器 2 的绘图目标已更改为 Plot Panel ID: 8
2025-05-26 08:27:44,036-INFO-logger-log_info-应用程序启动 (插件架构)。
2025-05-26 08:27:51,368-INFO-logger-log_info-关闭应用程序，正在停止后台线程...
2025-05-26 08:27:51,368-INFO-logger-log_info-DataProcessor: Stop requested.
2025-05-26 08:27:51,386-INFO-logger-log_info-DataProcessor thread stopped. Processed: 0, Errors: 0.
2025-05-26 08:27:51,390-INFO-logger-log_info-配置已保存到 'serial_debugger_config.json'。
2025-05-26 08:27:51,391-INFO-logger-log_info-配置已自动保存。应用程序退出。
2025-05-26 08:31:00,920-INFO-logger-log_info-Registered panel type: 'core_parse_panel' (数据解析面板) from class AdaptedParsePanelWidget
2025-05-26 08:31:00,921-INFO-logger-log_info-Registered panel type: 'core_send_panel' (数据发送面板) from class AdaptedSendPanelWidget
2025-05-26 08:31:00,921-INFO-logger-log_info-Registered panel type: 'core_plot_widget_panel' (波形图面板) from class AdaptedPlotWidgetPanel
2025-05-26 08:31:00,921-INFO-logger-log_info-Plugin directory 'E:\MY_projects\panel_plugins' not found. No external panels will be loaded.
2025-05-26 08:31:00,936-INFO-logger-log_info-DataProcessor thread started.
2025-05-26 08:31:00,950-INFO-logger-log_info-配置已从 'serial_debugger_config.json' 加载。
2025-05-26 08:31:01,765-INFO-logger-log_info-已从外部文件加载并应用QSS样式: E:/MY_projects/YJ_toolV4/improved_qss.qss
2025-05-26 08:31:01,846-INFO-logger-log_info-接收容器 1 的绘图目标已更改为 Plot Panel ID: 8
2025-05-26 08:31:01,846-INFO-logger-log_info-接收容器 2 的绘图目标已更改为 Plot Panel ID: 8
2025-05-26 08:31:01,851-INFO-logger-log_info-[CONFIG] 配置已加载并应用到UI。
2025-05-26 08:31:01,851-INFO-logger-log_info-接收容器 1 的绘图目标已更改为 Plot Panel ID: 8
2025-05-26 08:31:01,851-INFO-logger-log_info-接收容器 2 的绘图目标已更改为 Plot Panel ID: 8
2025-05-26 08:31:01,861-INFO-logger-log_info-应用程序启动 (插件架构)。
2025-05-26 08:31:09,568-INFO-logger-log_info-主题已应用: midnight
2025-05-26 08:31:19,353-INFO-logger-log_info-脚本执行完毕. 成功: True. 时间: 0.3079s
2025-05-26 08:31:34,085-INFO-logger-log_info-脚本执行完毕. 成功: True. 时间: 0.0304s
2025-05-26 08:31:36,212-INFO-logger-log_info-脚本执行完毕. 成功: True. 时间: 0.0294s
2025-05-26 08:31:36,943-INFO-logger-log_info-脚本执行完毕. 成功: True. 时间: 0.0308s
2025-05-26 08:34:15,076-INFO-logger-log_info-关闭应用程序，正在停止后台线程...
2025-05-26 08:34:15,076-INFO-logger-log_info-DataProcessor: Stop requested.
2025-05-26 08:34:15,107-INFO-logger-log_info-DataProcessor thread stopped. Processed: 0, Errors: 0.
2025-05-26 08:34:15,115-INFO-logger-log_info-配置已保存到 'serial_debugger_config.json'。
2025-05-26 08:34:15,116-INFO-logger-log_info-配置已自动保存。应用程序退出。
2025-05-26 09:00:35,473-INFO-logger-log_info-Registered panel type: 'core_parse_panel' (数据解析面板) from class AdaptedParsePanelWidget in module __main__
2025-05-26 09:00:35,473-INFO-logger-log_info-Registered panel type: 'core_send_panel' (数据发送面板) from class AdaptedSendPanelWidget in module __main__
2025-05-26 09:00:35,473-INFO-logger-log_info-Registered panel type: 'core_plot_widget_panel' (波形图面板) from class AdaptedPlotWidgetPanel in module __main__
2025-05-26 09:00:35,474-INFO-logger-log_info-Plugin directory 'E:\MY_projects\panel_plugins' not found. No external panels will be loaded/reloaded.
2025-05-26 09:00:35,497-INFO-logger-log_info-DataProcessor thread started.
2025-05-26 09:00:35,552-INFO-logger-log_info-配置已从 'serial_debugger_config.json' 加载。
2025-05-26 09:00:35,566-INFO-logger-log_info-主题已应用: midnight
2025-05-26 09:00:35,579-INFO-logger-log_info-Created instance of panel 'core_parse_panel' (ID: 7) from module __main__
2025-05-26 09:00:35,651-INFO-logger-log_info-Created instance of panel 'core_plot_widget_panel' (ID: 8) from module __main__
2025-05-26 09:00:35,653-INFO-logger-log_info-接收容器 1 的绘图目标已更改为 Plot Panel ID: 8
2025-05-26 09:00:35,653-INFO-logger-log_info-接收容器 2 的绘图目标已更改为 Plot Panel ID: 8
2025-05-26 09:00:35,655-INFO-logger-log_info-[CONFIG] 配置已加载并应用到UI。
2025-05-26 09:00:35,655-INFO-logger-log_info-接收容器 1 的绘图目标已更改为 Plot Panel ID: 8
2025-05-26 09:00:35,655-INFO-logger-log_info-接收容器 2 的绘图目标已更改为 Plot Panel ID: 8
2025-05-26 09:00:35,668-INFO-logger-log_info-应用程序启动 (插件架构)。
2025-05-26 09:01:11,017-INFO-logger-log_info-关闭应用程序，正在停止后台线程...
2025-05-26 09:01:11,017-INFO-logger-log_info-DataProcessor: Stop requested.
2025-05-26 09:01:11,037-INFO-logger-log_info-DataProcessor thread stopped. Processed: 0, Errors: 0.
2025-05-26 09:01:11,043-INFO-logger-log_info-配置已保存到 'serial_debugger_config.json'。
2025-05-26 09:01:11,044-INFO-logger-log_info-配置已自动保存。应用程序退出。
2025-05-26 09:01:34,311-INFO-logger-log_info-Registered panel type: 'core_parse_panel' (数据解析面板) from class AdaptedParsePanelWidget in module __main__
2025-05-26 09:01:34,312-INFO-logger-log_info-Registered panel type: 'core_send_panel' (数据发送面板) from class AdaptedSendPanelWidget in module __main__
2025-05-26 09:01:34,312-INFO-logger-log_info-Registered panel type: 'core_plot_widget_panel' (波形图面板) from class AdaptedPlotWidgetPanel in module __main__
2025-05-26 09:01:34,312-INFO-logger-log_info-Plugin directory 'E:\MY_projects\panel_plugins' not found. No external panels will be loaded/reloaded.
2025-05-26 09:01:34,326-INFO-logger-log_info-DataProcessor thread started.
2025-05-26 09:01:34,344-INFO-logger-log_info-配置已从 'serial_debugger_config.json' 加载。
2025-05-26 09:01:34,358-INFO-logger-log_info-主题已应用: midnight
2025-05-26 09:01:34,377-INFO-logger-log_info-Created instance of panel 'core_parse_panel' (ID: 7) from module __main__
2025-05-26 09:01:34,434-INFO-logger-log_info-Created instance of panel 'core_plot_widget_panel' (ID: 8) from module __main__
2025-05-26 09:01:34,437-INFO-logger-log_info-接收容器 1 的绘图目标已更改为 Plot Panel ID: 8
2025-05-26 09:01:34,438-INFO-logger-log_info-接收容器 2 的绘图目标已更改为 Plot Panel ID: 8
2025-05-26 09:01:34,444-INFO-logger-log_info-[CONFIG] 配置已加载并应用到UI。
2025-05-26 09:01:34,444-INFO-logger-log_info-接收容器 1 的绘图目标已更改为 Plot Panel ID: 8
2025-05-26 09:01:34,445-INFO-logger-log_info-接收容器 2 的绘图目标已更改为 Plot Panel ID: 8
2025-05-26 09:01:34,457-INFO-logger-log_info-应用程序启动 (插件架构)。
2025-05-26 09:01:40,203-INFO-logger-log_info-关闭应用程序，正在停止后台线程...
2025-05-26 09:01:40,203-INFO-logger-log_info-DataProcessor: Stop requested.
2025-05-26 09:01:40,225-INFO-logger-log_info-DataProcessor thread stopped. Processed: 0, Errors: 0.
2025-05-26 09:01:40,228-INFO-logger-log_info-配置已保存到 'serial_debugger_config.json'。
2025-05-26 09:01:40,230-INFO-logger-log_info-配置已自动保存。应用程序退出。
2025-05-26 09:02:50,820-INFO-logger-log_info-Registered panel type: 'core_parse_panel' (数据解析面板) from class AdaptedParsePanelWidget in module __main__
2025-05-26 09:02:50,820-INFO-logger-log_info-Registered panel type: 'core_send_panel' (数据发送面板) from class AdaptedSendPanelWidget in module __main__
2025-05-26 09:02:50,820-INFO-logger-log_info-Registered panel type: 'core_plot_widget_panel' (波形图面板) from class AdaptedPlotWidgetPanel in module __main__
2025-05-26 09:02:50,820-INFO-logger-log_info-Plugin directory 'E:\MY_projects\panel_plugins' not found. No external panels will be loaded/reloaded.
2025-05-26 09:02:50,830-INFO-logger-log_info-DataProcessor thread started.
2025-05-26 09:02:50,843-INFO-logger-log_info-配置已从 'serial_debugger_config.json' 加载。
2025-05-26 09:02:50,852-INFO-logger-log_info-主题已应用: midnight
2025-05-26 09:02:50,861-INFO-logger-log_info-Created instance of panel 'core_parse_panel' (ID: 7) from module __main__
2025-05-26 09:02:50,902-INFO-logger-log_info-Created instance of panel 'core_plot_widget_panel' (ID: 8) from module __main__
2025-05-26 09:02:50,905-INFO-logger-log_info-接收容器 1 的绘图目标已更改为 Plot Panel ID: 8
2025-05-26 09:02:50,905-INFO-logger-log_info-接收容器 2 的绘图目标已更改为 Plot Panel ID: 8
2025-05-26 09:02:50,909-INFO-logger-log_info-[CONFIG] 配置已加载并应用到UI。
2025-05-26 09:02:50,909-INFO-logger-log_info-接收容器 1 的绘图目标已更改为 Plot Panel ID: 8
2025-05-26 09:02:50,909-INFO-logger-log_info-接收容器 2 的绘图目标已更改为 Plot Panel ID: 8
2025-05-26 09:02:50,919-INFO-logger-log_info-应用程序启动 (插件架构)。
2025-05-26 09:03:06,291-INFO-logger-log_info-开始插件热重载流程...
2025-05-26 09:03:12,394-INFO-logger-log_info-关闭应用程序，正在停止后台线程...
2025-05-26 09:03:12,394-INFO-logger-log_info-DataProcessor: Stop requested.
2025-05-26 09:03:12,424-INFO-logger-log_info-DataProcessor thread stopped. Processed: 0, Errors: 0.
2025-05-26 09:03:12,426-INFO-logger-log_info-配置已保存到 'serial_debugger_config.json'。
2025-05-26 09:03:12,427-INFO-logger-log_info-配置已自动保存。应用程序退出。
2025-05-26 09:03:57,226-INFO-logger-log_info-Registered panel type: 'core_parse_panel' (数据解析面板) from class AdaptedParsePanelWidget in module __main__
2025-05-26 09:03:57,226-INFO-logger-log_info-Registered panel type: 'core_send_panel' (数据发送面板) from class AdaptedSendPanelWidget in module __main__
2025-05-26 09:03:57,226-INFO-logger-log_info-Registered panel type: 'core_plot_widget_panel' (波形图面板) from class AdaptedPlotWidgetPanel in module __main__
2025-05-26 09:03:57,226-INFO-logger-log_info-Plugin directory 'E:\MY_projects\panel_plugins' not found. No external panels will be loaded/reloaded.
2025-05-26 09:03:57,236-INFO-logger-log_info-DataProcessor thread started.
2025-05-26 09:03:57,249-INFO-logger-log_info-配置已从 'serial_debugger_config.json' 加载。
2025-05-26 09:03:57,257-INFO-logger-log_info-主题已应用: midnight
2025-05-26 09:03:57,270-INFO-logger-log_info-Created instance of panel 'core_parse_panel' (ID: 7) from module __main__
2025-05-26 09:03:57,309-INFO-logger-log_info-Created instance of panel 'core_plot_widget_panel' (ID: 8) from module __main__
2025-05-26 09:03:57,311-INFO-logger-log_info-接收容器 1 的绘图目标已更改为 Plot Panel ID: 8
2025-05-26 09:03:57,311-INFO-logger-log_info-接收容器 2 的绘图目标已更改为 Plot Panel ID: 8
2025-05-26 09:03:57,315-INFO-logger-log_info-[CONFIG] 配置已加载并应用到UI。
2025-05-26 09:03:57,315-INFO-logger-log_info-接收容器 1 的绘图目标已更改为 Plot Panel ID: 8
2025-05-26 09:03:57,315-INFO-logger-log_info-接收容器 2 的绘图目标已更改为 Plot Panel ID: 8
2025-05-26 09:03:57,326-INFO-logger-log_info-应用程序启动 (插件架构)。
2025-05-26 09:04:10,395-INFO-logger-log_info-开始插件热重载流程...
2025-05-26 09:04:10,395-INFO-logger-log_info-Stored configs for 2 active panels before reload.
2025-05-26 09:04:10,395-INFO-logger-log_info-将要移除 2 个活动面板实例...
2025-05-26 09:04:10,395-INFO-logger-log_info-Parse Panel 7 removed. Cleaned up associated plot curves.
2025-05-26 09:04:10,407-INFO-logger-log_info-[UI_ACTION] 已移除动态面板 ID: 7, 名称: '数据解析面板 7 (ID: C7)'
2025-05-26 09:04:10,407-INFO-logger-log_info-Plot panel 8 removed. Updating parse panels.
2025-05-26 09:04:10,408-INFO-logger-log_info-Plot Panel 8 ('波形图 8') removed.
2025-05-26 09:04:10,408-INFO-logger-log_info-[UI_ACTION] 已移除动态面板 ID: 8, 名称: '波形图 8'
2025-05-26 09:04:27,430-INFO-logger-log_info-关闭应用程序，正在停止后台线程...
2025-05-26 09:04:27,430-INFO-logger-log_info-DataProcessor: Stop requested.
2025-05-26 09:04:27,438-INFO-logger-log_info-DataProcessor thread stopped. Processed: 0, Errors: 0.
2025-05-26 09:04:27,440-INFO-logger-log_info-配置已保存到 'serial_debugger_config.json'。
2025-05-26 09:04:27,441-INFO-logger-log_info-配置已自动保存。应用程序退出。
2025-05-26 09:07:44,034-INFO-logger-log_info-Registered panel type: 'core_parse_panel' (数据解析面板) from class AdaptedParsePanelWidget in module __main__
2025-05-26 09:07:44,035-INFO-logger-log_info-Registered panel type: 'core_send_panel' (数据发送面板) from class AdaptedSendPanelWidget in module __main__
2025-05-26 09:07:44,035-INFO-logger-log_info-Registered panel type: 'core_plot_widget_panel' (波形图面板) from class AdaptedPlotWidgetPanel in module __main__
2025-05-26 09:07:44,035-INFO-logger-log_info-Plugin directory 'E:\MY_projects\panel_plugins' not found. No external panels will be loaded/reloaded.
2025-05-26 09:07:44,046-INFO-logger-log_info-DataProcessor thread started.
2025-05-26 09:07:44,064-INFO-logger-log_info-配置已从 'serial_debugger_config.json' 加载。
2025-05-26 09:07:44,075-INFO-logger-log_info-主题已应用: midnight
2025-05-26 09:07:44,082-INFO-logger-log_info-[CONFIG] 配置已加载并应用到UI。
2025-05-26 09:07:44,094-INFO-logger-log_info-应用程序启动 (插件架构)。
2025-05-26 09:07:47,486-INFO-logger-log_info-开始插件热重载流程...
2025-05-26 09:07:47,486-INFO-logger-log_info-Stored configs for 0 active panels before reload.
2025-05-26 09:07:47,486-INFO-logger-log_info-将要移除 0 个活动面板实例...
2025-05-26 09:07:47,487-INFO-logger-log_info-正在重新扫描和加载插件模块...
2025-05-26 09:07:47,487-INFO-logger-log_info-Plugin directory 'E:\MY_projects\panel_plugins' not found. No external panels will be loaded/reloaded.
2025-05-26 09:07:47,488-INFO-logger-log_info-插件模块扫描/重载完毕。发现/重载的类型: []
2025-05-26 09:07:47,488-INFO-logger-log_info-“添加面板”菜单已更新。
2025-05-26 09:07:47,488-INFO-logger-log_info-正在尝试恢复之前活动的面板...
2025-05-26 09:07:47,488-INFO-logger-log_info-插件热重载流程完毕。成功恢复 0 个面板实例。
2025-05-26 09:08:25,637-INFO-logger-log_info-脚本执行完毕. 成功: True. 时间: 0.0680s
2025-05-26 09:08:39,653-INFO-logger-log_info-关闭应用程序，正在停止后台线程...
2025-05-26 09:08:39,653-INFO-logger-log_info-DataProcessor: Stop requested.
2025-05-26 09:08:39,714-INFO-logger-log_info-DataProcessor thread stopped. Processed: 0, Errors: 0.
2025-05-26 09:08:39,717-INFO-logger-log_info-配置已保存到 'serial_debugger_config.json'。
2025-05-26 09:08:39,717-INFO-logger-log_info-配置已自动保存。应用程序退出。
2025-05-26 09:32:05,346-INFO-logger-log_info-Registered panel type: 'core_parse_panel' (数据解析面板) from class AdaptedParsePanelWidget in module __main__
2025-05-26 09:32:05,346-INFO-logger-log_info-Registered panel type: 'core_send_panel' (数据发送面板) from class AdaptedSendPanelWidget in module __main__
2025-05-26 09:32:05,346-INFO-logger-log_info-Registered panel type: 'core_plot_widget_panel' (波形图面板) from class AdaptedPlotWidgetPanel in module __main__
2025-05-26 09:32:05,362-INFO-logger-log_info-DataProcessor thread started.
2025-05-26 09:32:05,404-INFO-logger-log_info-配置文件 'serial_debugger_config_v2.json' 未找到。使用默认配置。
2025-05-26 09:32:05,411-INFO-logger-log_info-主题已应用: light
2025-05-26 09:32:55,401-INFO-logger-log_info-Registered panel type: 'core_parse_panel' (数据解析面板) from class AdaptedParsePanelWidget in module __main__
2025-05-26 09:32:55,401-INFO-logger-log_info-Registered panel type: 'core_send_panel' (数据发送面板) from class AdaptedSendPanelWidget in module __main__
2025-05-26 09:32:55,401-INFO-logger-log_info-Registered panel type: 'core_plot_widget_panel' (波形图面板) from class AdaptedPlotWidgetPanel in module __main__
2025-05-26 09:32:55,404-INFO-logger-log_info-DataProcessor thread started.
2025-05-26 09:32:55,417-INFO-logger-log_info-配置文件 'serial_debugger_config_v2.json' 未找到。使用默认配置。
2025-05-26 09:32:55,420-INFO-logger-log_info-主题已应用: light
2025-05-26 09:33:41,739-INFO-logger-log_info-Registered panel type: 'core_parse_panel' (数据解析面板) from class AdaptedParsePanelWidget in module __main__
2025-05-26 09:33:41,739-INFO-logger-log_info-Registered panel type: 'core_send_panel' (数据发送面板) from class AdaptedSendPanelWidget in module __main__
2025-05-26 09:33:41,739-INFO-logger-log_info-Registered panel type: 'core_plot_widget_panel' (波形图面板) from class AdaptedPlotWidgetPanel in module __main__
2025-05-26 09:33:41,741-INFO-logger-log_info-DataProcessor thread started.
2025-05-26 09:33:41,755-INFO-logger-log_info-配置文件 'serial_debugger_config_v2.json' 未找到。使用默认配置。
2025-05-26 09:33:41,759-INFO-logger-log_info-主题已应用: light
2025-05-26 09:33:41,759-INFO-logger-log_info-PluginManager: Enabled plugins list updated: set()
2025-05-26 09:33:41,761-INFO-logger-log_info-[CONFIG] 配置已加载并应用到UI。
2025-05-26 09:33:41,761-INFO-logger-log_info-PluginManager: Enabled plugins list updated: set()
2025-05-26 09:33:41,762-INFO-logger-log_info-插件目录 'E:\MY_projects\panel_plugins' 未找到。
2025-05-26 09:33:41,775-INFO-logger-log_info-应用程序启动 (插件管理增强)。
2025-05-26 09:34:13,908-INFO-logger-log_info-关闭应用程序，正在停止后台线程...
2025-05-26 09:34:13,909-INFO-logger-log_info-DataProcessor: Stop requested.
2025-05-26 09:34:13,968-INFO-logger-log_info-DataProcessor thread stopped. Processed: 0, Errors: 0.
2025-05-26 09:34:13,972-INFO-logger-log_info-配置已保存到 'serial_debugger_config_v2.json'。
2025-05-26 09:34:13,973-INFO-logger-log_info-配置已自动保存。应用程序退出。
2025-05-26 09:35:17,418-INFO-logger-log_info-Registered panel type: 'core_parse_panel' (数据解析面板) from class AdaptedParsePanelWidget in module __main__
2025-05-26 09:35:17,418-INFO-logger-log_info-Registered panel type: 'core_send_panel' (数据发送面板) from class AdaptedSendPanelWidget in module __main__
2025-05-26 09:35:17,418-INFO-logger-log_info-Registered panel type: 'core_plot_widget_panel' (波形图面板) from class AdaptedPlotWidgetPanel in module __main__
2025-05-26 09:35:17,421-INFO-logger-log_info-DataProcessor thread started.
2025-05-26 09:35:17,432-INFO-logger-log_info-配置已从 'serial_debugger_config_v2.json' 加载。
2025-05-26 09:35:17,436-INFO-logger-log_info-主题已应用: light
2025-05-26 09:35:17,436-INFO-logger-log_info-PluginManager: Enabled plugins list updated: set()
2025-05-26 09:35:17,548-INFO-logger-log_info-[CONFIG] 配置已加载并应用到UI。
2025-05-26 09:35:17,548-INFO-logger-log_info-PluginManager: Enabled plugins list updated: set()
2025-05-26 09:35:17,549-INFO-logger-log_info-插件目录 'E:\MY_projects\panel_plugins' 未找到。
2025-05-26 09:35:17,559-INFO-logger-log_info-应用程序启动 (插件管理增强)。
2025-05-26 09:43:31,610-INFO-logger-log_info-关闭应用程序，正在停止后台线程...
2025-05-26 09:43:31,610-INFO-logger-log_info-DataProcessor: Stop requested.
2025-05-26 09:43:31,675-INFO-logger-log_info-DataProcessor thread stopped. Processed: 0, Errors: 0.
2025-05-26 09:43:31,678-INFO-logger-log_info-配置已保存到 'serial_debugger_config_v2.json'。
2025-05-26 09:43:31,680-INFO-logger-log_info-配置已自动保存。应用程序退出。
2025-05-26 09:44:54,614-INFO-logger-log_info-Registered panel type: 'core_parse_panel' (数据解析面板) from class AdaptedParsePanelWidget in module __main__
2025-05-26 09:44:54,614-INFO-logger-log_info-Registered panel type: 'core_send_panel' (数据发送面板) from class AdaptedSendPanelWidget in module __main__
2025-05-26 09:44:54,614-INFO-logger-log_info-Registered panel type: 'core_plot_widget_panel' (波形图面板) from class AdaptedPlotWidgetPanel in module __main__
2025-05-26 09:44:54,626-INFO-logger-log_info-DataProcessor thread started.
2025-05-26 09:44:54,660-INFO-logger-log_info-配置已从 'serial_debugger_config_v2.json' 加载。
2025-05-26 09:47:02,255-INFO-logger-log_info-Registered panel type: 'core_parse_panel' (数据解析面板) from class AdaptedParsePanelWidget in module __main__
2025-05-26 09:47:02,255-INFO-logger-log_info-Registered panel type: 'core_send_panel' (数据发送面板) from class AdaptedSendPanelWidget in module __main__
2025-05-26 09:47:02,255-INFO-logger-log_info-Registered panel type: 'core_plot_widget_panel' (波形图面板) from class AdaptedPlotWidgetPanel in module __main__
2025-05-26 09:47:02,265-INFO-logger-log_info-DataProcessor thread started.
2025-05-26 09:47:02,283-INFO-logger-log_info-配置已从 'serial_debugger_config_v2.json' 加载。
2025-05-26 09:47:02,304-INFO-logger-log_info-主题已应用: light
2025-05-26 09:47:02,436-INFO-logger-log_info-[CONFIG] 配置已加载并应用到UI。
2025-05-26 09:47:02,436-INFO-logger-log_info-PluginManager: Enabled plugins list updated: set()
2025-05-26 09:47:02,437-INFO-logger-log_info-插件目录 'E:\MY_projects\panel_plugins' 未找到。
2025-05-26 09:48:11,748-INFO-logger-log_info-Registered panel type: 'core_parse_panel' (数据解析面板) from class AdaptedParsePanelWidget in module __main__
2025-05-26 09:48:11,749-INFO-logger-log_info-Registered panel type: 'core_send_panel' (数据发送面板) from class AdaptedSendPanelWidget in module __main__
2025-05-26 09:48:11,749-INFO-logger-log_info-Registered panel type: 'core_plot_widget_panel' (波形图面板) from class AdaptedPlotWidgetPanel in module __main__
2025-05-26 09:48:11,758-INFO-logger-log_info-DataProcessor thread started.
2025-05-26 09:48:11,778-INFO-logger-log_info-配置已从 'serial_debugger_config_v2.json' 加载。
2025-05-26 09:48:11,788-INFO-logger-log_info-主题已应用: light
2025-05-26 09:48:11,914-INFO-logger-log_info-[CONFIG] 配置已加载并应用到UI。
2025-05-26 09:48:11,915-INFO-logger-log_info-PluginManager: Enabled plugins list updated: set()
2025-05-26 09:48:11,915-INFO-logger-log_info-插件目录 'E:\MY_projects\panel_plugins' 未找到。
2025-05-26 09:48:11,926-INFO-logger-log_info-应用程序启动 (插件管理增强)。
2025-05-26 09:48:46,817-INFO-logger-log_info-Created instance of panel 'core_parse_panel' (ID: 1) from module __main__
2025-05-26 09:48:48,443-INFO-logger-log_info-[UI_ACTION] 已添加动态面板: 类型='core_parse_panel', ID=1, 名称='数据解析面板 1 (ID: C1)'
2025-05-26 09:48:59,142-INFO-logger-log_info-关闭应用程序，正在停止后台线程...
2025-05-26 09:48:59,142-INFO-logger-log_info-DataProcessor: Stop requested.
2025-05-26 09:48:59,175-INFO-logger-log_info-DataProcessor thread stopped. Processed: 0, Errors: 0.
2025-05-26 09:55:10,982-INFO-logger-log_info-Registered panel type: 'core_parse_panel' (数据解析面板) from class AdaptedParsePanelWidget in module __main__
2025-05-26 09:55:10,983-INFO-logger-log_info-Registered panel type: 'core_send_panel' (数据发送面板) from class AdaptedSendPanelWidget in module __main__
2025-05-26 09:55:10,983-INFO-logger-log_info-Registered panel type: 'core_plot_widget_panel' (波形图面板) from class AdaptedPlotWidgetPanel in module __main__
2025-05-26 09:55:11,007-INFO-logger-log_info-DataProcessor thread started.
2025-05-26 09:55:11,028-INFO-logger-log_info-配置已从 'serial_debugger_config_v2.json' 加载。
2025-05-26 09:55:11,036-INFO-logger-log_info-主题已应用: light
2025-05-26 09:55:11,153-INFO-logger-log_info-[CONFIG] 配置已加载并应用到UI。
2025-05-26 09:55:11,153-INFO-logger-log_info-PluginManager: Enabled plugins list updated: set()
2025-05-26 09:55:11,155-INFO-logger-log_info-插件目录 'E:\MY_projects\panel_plugins' 未找到。
2025-05-26 09:55:11,165-INFO-logger-log_info-应用程序启动 (插件管理增强)。
2025-05-26 09:55:21,168-INFO-logger-log_info-Created instance of panel 'core_parse_panel' (ID: 1) from module __main__
2025-05-26 09:55:22,610-INFO-logger-log_info-[UI_ACTION] 已添加动态面板: 类型='core_parse_panel', ID=1, 名称='数据解析面板 1 (ID: C1)'
2025-05-26 09:55:34,474-INFO-logger-log_info-关闭应用程序，正在停止后台线程...
2025-05-26 09:55:34,474-INFO-logger-log_info-DataProcessor: Stop requested.
2025-05-26 09:55:34,498-INFO-logger-log_info-DataProcessor thread stopped. Processed: 0, Errors: 0.
2025-05-26 09:55:34,501-INFO-logger-log_info-配置已保存到 'serial_debugger_config_v2.json'。
2025-05-26 09:55:34,502-INFO-logger-log_info-配置已自动保存。应用程序退出。
2025-05-26 10:05:36,564-INFO-logger-log_info-Registered panel type: 'core_parse_panel' (数据解析面板) from class AdaptedParsePanelWidget in module __main__
2025-05-26 10:05:36,564-INFO-logger-log_info-Registered panel type: 'core_send_panel' (数据发送面板) from class AdaptedSendPanelWidget in module __main__
2025-05-26 10:05:36,566-INFO-logger-log_info-Registered panel type: 'core_plot_widget_panel' (波形图面板) from class AdaptedPlotWidgetPanel in module __main__
2025-05-26 10:05:36,592-INFO-logger-log_info-DataProcessor thread started.
2025-05-26 10:05:36,648-INFO-logger-log_info-配置已从 'serial_debugger_config_v2.json' 加载。
2025-05-26 10:16:02,265-INFO-logger-log_info-Registered panel type: 'core_parse_panel' (数据解析面板) from class AdaptedParsePanelWidget in module __main__
2025-05-26 10:16:02,265-INFO-logger-log_info-Registered panel type: 'core_send_panel' (数据发送面板) from class AdaptedSendPanelWidget in module __main__
2025-05-26 10:16:02,265-INFO-logger-log_info-Registered panel type: 'core_plot_widget_panel' (波形图面板) from class AdaptedPlotWidgetPanel in module __main__
2025-05-26 10:16:02,287-INFO-logger-log_info-DataProcessor thread started.
2025-05-26 10:16:02,336-INFO-logger-log_info-配置已从 'serial_debugger_config_v2.json' 加载。
2025-05-26 10:16:02,348-INFO-logger-log_info-主题已应用: light
2025-05-26 10:16:02,352-INFO-logger-log_info-Created instance of panel 'core_parse_panel' (ID: 1) from module __main__
2025-05-26 10:16:02,370-INFO-logger-log_info-[CONFIG] 配置已加载并应用到UI。
2025-05-26 10:16:02,370-INFO-logger-log_info-PluginManager: Enabled plugins list updated: set()
2025-05-26 10:16:02,371-INFO-logger-log_info-插件目录 'E:\MY_projects\panel_plugins' 未找到。
2025-05-26 10:16:02,383-INFO-logger-log_info-应用程序启动 (插件管理增强)。
2025-05-26 10:16:05,860-INFO-logger-log_info-Parse Panel 1: Added receive container 3
2025-05-26 10:16:06,505-INFO-logger-log_info-Parse Panel 1: Added receive container 4
2025-05-26 10:16:06,865-INFO-logger-log_info-Parse Panel 1: Added receive container 5
2025-05-26 10:16:36,332-INFO-logger-log_info-Created instance of panel 'core_plot_widget_panel' (ID: 2) from module __main__
2025-05-26 10:16:38,249-INFO-logger-log_info-接收容器 3 的绘图目标已更改为 Plot Panel ID: 2
2025-05-26 10:16:38,249-INFO-logger-log_info-接收容器 4 的绘图目标已更改为 Plot Panel ID: 2
2025-05-26 10:16:38,249-INFO-logger-log_info-接收容器 5 的绘图目标已更改为 Plot Panel ID: 2
2025-05-26 10:16:38,249-INFO-logger-log_info-[UI_ACTION] 已添加动态面板: 类型='core_plot_widget_panel', ID=2, 名称='波形图 2'
2025-05-26 10:17:03,012-INFO-logger-log_info-脚本执行完毕. 成功: True. 时间: 0.0542s
2025-05-26 10:17:11,523-INFO-logger-log_info-脚本执行完毕. 成功: True. 时间: 2.6258s
2025-05-26 10:17:35,053-WARNING-logger-log_warning-无效的波特率输入: '115200', 使用默认值 115200
2025-05-26 10:17:35,053-WARNING-logger-log_warning-无效的停止位输入: '1'，使用默认值 1
2025-05-26 10:18:11,169-INFO-logger-log_info-Plot panel 2 removed. Updating parse panels.
2025-05-26 10:18:11,180-INFO-logger-log_info-Plot Panel 2 ('波形图 2') removed.
2025-05-26 10:18:11,181-INFO-logger-log_info-[UI_ACTION] 已移除动态面板 ID: 2, 名称: '波形图 2'
2025-05-26 10:18:15,584-INFO-logger-log_info-Parse Panel 1 removed. Cleaned up associated plot curves.
2025-05-26 10:18:15,584-INFO-logger-log_info-[UI_ACTION] 已移除动态面板 ID: 1, 名称: '数据解析面板 1 (ID: C1)'
2025-05-26 10:18:30,504-INFO-logger-log_info-Created instance of panel 'core_parse_panel' (ID: 3) from module __main__
2025-05-26 10:18:31,978-INFO-logger-log_info-[UI_ACTION] 已添加动态面板: 类型='core_parse_panel', ID=3, 名称='数据解析面板 3 (ID: C3)'
2025-05-26 10:18:44,876-INFO-logger-log_info-Parse Panel 3 removed. Cleaned up associated plot curves.
2025-05-26 10:18:44,877-INFO-logger-log_info-[UI_ACTION] 已移除动态面板 ID: 3, 名称: '数据解析面板 3 (ID: C3)'
2025-05-26 10:18:56,468-INFO-logger-log_info-关闭应用程序，正在停止后台线程...
2025-05-26 10:18:56,468-INFO-logger-log_info-DataProcessor: Stop requested.
2025-05-26 10:18:56,489-INFO-logger-log_info-DataProcessor thread stopped. Processed: 0, Errors: 0.
2025-05-26 10:18:56,492-WARNING-logger-log_warning-无效的波特率输入: '115200', 使用默认值 115200
2025-05-26 10:18:56,492-WARNING-logger-log_warning-无效的停止位输入: '1'，使用默认值 1
2025-05-26 10:18:56,493-INFO-logger-log_info-配置已保存到 'serial_debugger_config_v2.json'。
2025-05-26 10:18:56,494-INFO-logger-log_info-配置已自动保存。应用程序退出。
2025-05-26 10:57:44,660-INFO-logger-log_info-Registered panel type: 'core_parse_panel' (数据解析面板) from class AdaptedParsePanelWidget in module __main__
2025-05-26 10:57:44,661-INFO-logger-log_info-Registered panel type: 'core_send_panel' (数据发送面板) from class AdaptedSendPanelWidget in module __main__
2025-05-26 10:57:44,661-INFO-logger-log_info-Registered panel type: 'core_plot_widget_panel' (波形图面板) from class AdaptedPlotWidgetPanel in module __main__
2025-05-26 10:57:44,686-INFO-logger-log_info-DataProcessor thread started.
2025-05-26 10:57:44,740-INFO-logger-log_info-配置已从 'serial_debugger_config_v2.json' 加载。
2025-05-26 10:57:44,754-INFO-logger-log_info-主题已应用: light
2025-05-26 10:57:44,762-INFO-logger-log_info-[CONFIG] 配置已加载并应用到UI。
2025-05-26 10:57:44,762-INFO-logger-log_info-PluginManager: Enabled plugins list updated: set()
2025-05-26 10:57:44,762-INFO-logger-log_info-插件目录 'E:\MY_projects\panel_plugins' 未找到。
2025-05-26 10:57:44,780-INFO-logger-log_info-应用程序启动 (插件管理增强)。
2025-05-26 10:58:09,228-INFO-logger-log_info-Created instance of panel 'core_parse_panel' (ID: 4) from module __main__
2025-05-26 10:58:10,838-INFO-logger-log_info-[UI_ACTION] 已添加动态面板: 类型='core_parse_panel', ID=4, 名称='数据解析面板 4 (ID: C4)'
2025-05-26 10:58:24,122-INFO-logger-log_info-主题已应用: pink
2025-05-26 10:58:27,849-INFO-logger-log_info-主题已应用: amethyst
2025-05-26 10:58:32,779-INFO-logger-log_info-关闭应用程序，正在停止后台线程...
2025-05-26 10:58:32,779-INFO-logger-log_info-DataProcessor: Stop requested.
2025-05-26 10:58:32,820-INFO-logger-log_info-DataProcessor thread stopped. Processed: 0, Errors: 0.
2025-05-26 10:58:32,821-WARNING-logger-log_warning-无效的波特率输入: '115200', 使用默认值 115200
2025-05-26 10:58:32,821-WARNING-logger-log_warning-无效的停止位输入: '1'，使用默认值 1
2025-05-26 10:58:32,824-INFO-logger-log_info-配置已保存到 'serial_debugger_config_v2.json'。
2025-05-26 10:58:32,826-INFO-logger-log_info-配置已自动保存。应用程序退出。
2025-05-26 11:03:42,418-INFO-logger-log_info-Registered panel type: 'core_parse_panel' (数据解析面板) from class AdaptedParsePanelWidget in module __main__
2025-05-26 11:03:42,418-INFO-logger-log_info-Registered panel type: 'core_send_panel' (数据发送面板) from class AdaptedSendPanelWidget in module __main__
2025-05-26 11:03:42,418-INFO-logger-log_info-Registered panel type: 'core_plot_widget_panel' (波形图面板) from class AdaptedPlotWidgetPanel in module __main__
2025-05-26 11:03:42,438-INFO-logger-log_info-DataProcessor thread started.
2025-05-26 11:03:42,493-INFO-logger-log_info-配置已从 'serial_debugger_config_v2.json' 加载。
2025-05-26 11:03:42,505-INFO-logger-log_info-主题已应用: amethyst
2025-05-26 11:03:42,510-INFO-logger-log_info-Created instance of panel 'core_parse_panel' (ID: 4) from module __main__
2025-05-26 11:03:42,526-INFO-logger-log_info-[CONFIG] 配置已加载并应用到UI。
2025-05-26 11:03:42,527-INFO-logger-log_info-PluginManager: Enabled plugins list updated: set()
2025-05-26 11:03:42,527-INFO-logger-log_info-插件目录 'E:\MY_projects\panel_plugins' 未找到。
2025-05-26 11:03:42,540-INFO-logger-log_info-应用程序启动 (插件管理增强)。
2025-05-26 11:03:58,428-INFO-logger-log_info-关闭应用程序，正在停止后台线程...
2025-05-26 11:03:58,428-INFO-logger-log_info-DataProcessor: Stop requested.
2025-05-26 11:03:58,446-INFO-logger-log_info-DataProcessor thread stopped. Processed: 0, Errors: 0.
2025-05-26 11:03:58,449-WARNING-logger-log_warning-无效的波特率输入: '115200', 使用默认值 115200
2025-05-26 11:03:58,449-WARNING-logger-log_warning-无效的停止位输入: '1'，使用默认值 1
2025-05-26 11:03:58,450-INFO-logger-log_info-配置已保存到 'serial_debugger_config_v2.json'。
2025-05-26 11:03:58,451-INFO-logger-log_info-配置已自动保存。应用程序退出。
2025-05-26 22:47:58,145-INFO-logger-log_info-Registered panel type: 'core_parse_panel' (数据解析面板) from class AdaptedParsePanelWidget in module __main__
2025-05-26 22:47:58,145-INFO-logger-log_info-Registered panel type: 'core_send_panel' (数据发送面板) from class AdaptedSendPanelWidget in module __main__
2025-05-26 22:47:58,145-INFO-logger-log_info-Registered panel type: 'core_plot_widget_panel' (波形图面板) from class AdaptedPlotWidgetPanel in module __main__
2025-05-26 22:47:58,166-INFO-logger-log_info-DataProcessor thread started.
2025-05-26 22:47:58,220-INFO-logger-log_info-配置已从 'serial_debugger_config_v2.json' 加载。
2025-05-26 22:47:58,235-INFO-logger-log_info-主题已应用: amethyst
2025-05-26 22:47:58,240-INFO-logger-log_info-Created instance of panel 'core_parse_panel' (ID: 4) from module __main__
2025-05-26 22:47:58,261-INFO-logger-log_info-[CONFIG] 配置已加载并应用到UI。
2025-05-26 22:47:58,262-INFO-logger-log_info-PluginManager: Enabled plugins list updated: set()
2025-05-26 22:47:58,262-INFO-logger-log_info-插件目录 'E:\MY_projects\panel_plugins' 未找到。
2025-05-26 22:47:58,276-INFO-logger-log_info-应用程序启动 (插件管理增强)。
2025-05-26 22:48:08,456-INFO-logger-log_info-关闭应用程序，正在停止后台线程...
2025-05-26 22:48:08,456-INFO-logger-log_info-DataProcessor: Stop requested.
2025-05-26 22:48:08,479-INFO-logger-log_info-DataProcessor thread stopped. Processed: 0, Errors: 0.
2025-05-26 22:48:08,480-WARNING-logger-log_warning-无效的波特率输入: '115200', 使用默认值 115200
2025-05-26 22:48:08,480-WARNING-logger-log_warning-无效的停止位输入: '1'，使用默认值 1
2025-05-26 22:48:08,482-INFO-logger-log_info-配置已保存到 'serial_debugger_config_v2.json'。
2025-05-26 22:48:08,484-INFO-logger-log_info-配置已自动保存。应用程序退出。
2025-05-26 22:55:03,467-INFO-logger-log_info-Registered panel type: 'core_parse_panel' (数据解析面板) from class AdaptedParsePanelWidget in module __main__
2025-05-26 22:55:03,468-INFO-logger-log_info-Registered panel type: 'core_send_panel' (数据发送面板) from class AdaptedSendPanelWidget in module __main__
2025-05-26 22:55:03,468-INFO-logger-log_info-Registered panel type: 'core_plot_widget_panel' (波形图面板) from class AdaptedPlotWidgetPanel in module __main__
2025-05-26 22:55:03,488-INFO-logger-log_info-DataProcessor thread started.
2025-05-26 22:55:03,541-INFO-logger-log_info-配置已从 'serial_debugger_config_v2.json' 加载。
2025-05-26 22:55:03,554-INFO-logger-log_info-主题已应用: amethyst
2025-05-26 22:55:03,559-INFO-logger-log_info-Created instance of panel 'core_parse_panel' (ID: 4) from module __main__
2025-05-26 22:55:03,577-INFO-logger-log_info-[CONFIG] 配置已加载并应用到UI。
2025-05-26 22:55:03,578-INFO-logger-log_info-PluginManager: Enabled plugins list updated: set()
2025-05-26 22:55:03,578-INFO-logger-log_info-插件目录 'E:\MY_projects\panel_plugins' 未找到。
2025-05-26 22:55:03,590-INFO-logger-log_info-应用程序启动 (插件管理增强)。
2025-05-26 22:55:38,696-INFO-logger-log_info-关闭应用程序，正在停止后台线程...
2025-05-26 22:55:38,697-INFO-logger-log_info-DataProcessor: Stop requested.
2025-05-26 22:55:38,744-INFO-logger-log_info-DataProcessor thread stopped. Processed: 0, Errors: 0.
2025-05-26 22:55:38,748-WARNING-logger-log_warning-无效的波特率输入: '115200', 使用默认值 115200
2025-05-26 22:55:38,748-WARNING-logger-log_warning-无效的停止位输入: '1'，使用默认值 1
2025-05-26 22:55:38,751-INFO-logger-log_info-配置已保存到 'serial_debugger_config_v2.json'。
2025-05-26 22:55:38,753-INFO-logger-log_info-配置已自动保存。应用程序退出。
2025-05-26 22:56:01,014-INFO-logger-log_info-Registered panel type: 'core_parse_panel' (数据解析面板) from class AdaptedParsePanelWidget in module __main__
2025-05-26 22:56:01,014-INFO-logger-log_info-Registered panel type: 'core_send_panel' (数据发送面板) from class AdaptedSendPanelWidget in module __main__
2025-05-26 22:56:01,014-INFO-logger-log_info-Registered panel type: 'core_plot_widget_panel' (波形图面板) from class AdaptedPlotWidgetPanel in module __main__
2025-05-26 22:56:01,023-INFO-logger-log_info-DataProcessor thread started.
2025-05-26 22:56:01,038-INFO-logger-log_info-配置已从 'serial_debugger_config_v2.json' 加载。
2025-05-26 22:56:01,049-INFO-logger-log_info-主题已应用: amethyst
2025-05-26 22:56:01,052-INFO-logger-log_info-Created instance of panel 'core_parse_panel' (ID: 4) from module __main__
2025-05-26 22:56:01,066-INFO-logger-log_info-[CONFIG] 配置已加载并应用到UI。
2025-05-26 22:56:01,066-INFO-logger-log_info-PluginManager: Enabled plugins list updated: set()
2025-05-26 22:56:01,067-INFO-logger-log_info-插件目录 'E:\MY_projects\panel_plugins' 未找到。
2025-05-26 22:56:01,081-INFO-logger-log_info-应用程序启动 (插件管理增强)。
2025-05-26 22:56:04,365-INFO-logger-log_info-开始插件热重载流程...
2025-05-26 22:56:40,128-INFO-logger-log_info-关闭应用程序，正在停止后台线程...
2025-05-26 22:56:40,129-INFO-logger-log_info-DataProcessor: Stop requested.
2025-05-26 22:56:40,192-INFO-logger-log_info-DataProcessor thread stopped. Processed: 0, Errors: 0.
2025-05-26 22:56:40,195-WARNING-logger-log_warning-无效的波特率输入: '115200', 使用默认值 115200
2025-05-26 22:56:40,195-WARNING-logger-log_warning-无效的停止位输入: '1'，使用默认值 1
2025-05-26 22:56:40,199-INFO-logger-log_info-配置已保存到 'serial_debugger_config_v2.json'。
2025-05-26 22:56:40,199-INFO-logger-log_info-配置已自动保存。应用程序退出。
2025-05-26 22:56:58,494-INFO-logger-log_info-Registered panel type: 'core_parse_panel' (数据解析面板) from class AdaptedParsePanelWidget in module __main__
2025-05-26 22:56:58,494-INFO-logger-log_info-Registered panel type: 'core_send_panel' (数据发送面板) from class AdaptedSendPanelWidget in module __main__
2025-05-26 22:56:58,494-INFO-logger-log_info-Registered panel type: 'core_plot_widget_panel' (波形图面板) from class AdaptedPlotWidgetPanel in module __main__
2025-05-26 22:56:58,513-INFO-logger-log_info-DataProcessor thread started.
2025-05-26 22:56:58,528-INFO-logger-log_info-配置已从 'serial_debugger_config_v2.json' 加载。
2025-05-26 22:56:58,536-INFO-logger-log_info-主题已应用: amethyst
2025-05-26 22:56:58,539-INFO-logger-log_info-Created instance of panel 'core_parse_panel' (ID: 4) from module __main__
2025-05-26 22:56:58,551-INFO-logger-log_info-[CONFIG] 配置已加载并应用到UI。
2025-05-26 22:56:58,552-INFO-logger-log_info-PluginManager: Enabled plugins list updated: set()
2025-05-26 22:56:58,552-INFO-logger-log_info-插件目录 'E:\MY_projects\panel_plugins' 未找到。
2025-05-26 22:56:58,564-INFO-logger-log_info-应用程序启动 (插件管理增强)。
2025-05-26 22:57:02,955-INFO-logger-log_info-开始插件热重载流程...
2025-05-26 22:57:22,822-INFO-logger-log_info-关闭应用程序，正在停止后台线程...
2025-05-26 22:57:22,822-INFO-logger-log_info-DataProcessor: Stop requested.
2025-05-26 22:57:22,856-INFO-logger-log_info-DataProcessor thread stopped. Processed: 0, Errors: 0.
2025-05-26 22:57:22,859-WARNING-logger-log_warning-无效的波特率输入: '115200', 使用默认值 115200
2025-05-26 22:57:22,860-WARNING-logger-log_warning-无效的停止位输入: '1'，使用默认值 1
2025-05-26 22:57:22,863-INFO-logger-log_info-配置已保存到 'serial_debugger_config_v2.json'。
2025-05-26 22:57:22,864-INFO-logger-log_info-配置已自动保存。应用程序退出。
2025-05-26 22:57:39,613-INFO-logger-log_info-Registered panel type: 'core_parse_panel' (数据解析面板) from class AdaptedParsePanelWidget in module __main__
2025-05-26 22:57:39,613-INFO-logger-log_info-Registered panel type: 'core_send_panel' (数据发送面板) from class AdaptedSendPanelWidget in module __main__
2025-05-26 22:57:39,613-INFO-logger-log_info-Registered panel type: 'core_plot_widget_panel' (波形图面板) from class AdaptedPlotWidgetPanel in module __main__
2025-05-26 22:57:39,622-INFO-logger-log_info-DataProcessor thread started.
2025-05-26 22:57:39,638-INFO-logger-log_info-配置已从 'serial_debugger_config_v2.json' 加载。
2025-05-26 22:57:39,646-INFO-logger-log_info-主题已应用: amethyst
2025-05-26 22:57:39,650-INFO-logger-log_info-Created instance of panel 'core_parse_panel' (ID: 4) from module __main__
2025-05-26 22:57:39,662-INFO-logger-log_info-[CONFIG] 配置已加载并应用到UI。
2025-05-26 22:57:39,663-INFO-logger-log_info-PluginManager: Enabled plugins list updated: set()
2025-05-26 22:57:39,663-INFO-logger-log_info-插件目录 'E:\MY_projects\panel_plugins' 未找到。
2025-05-26 22:57:39,673-INFO-logger-log_info-应用程序启动 (插件管理增强)。
2025-05-26 22:57:43,384-INFO-logger-log_info-开始插件热重载流程...
2025-05-26 22:57:43,384-INFO-logger-log_info-将要移除 1 个活动面板实例...
2025-05-26 22:57:43,384-INFO-logger-log_info-Parse Panel 4 removed. Cleaned up associated plot curves.
2025-05-26 22:57:43,386-INFO-logger-log_info-[UI_ACTION] 已移除动态面板 ID: 4, 名称: '数据解析面板 4 (ID: C4)'
2025-05-26 22:57:43,386-INFO-logger-log_info-PluginManager: Enabled plugins list updated: set()
2025-05-26 22:57:43,386-INFO-logger-log_info-正在重新扫描和加载插件模块...
2025-05-26 22:57:43,386-INFO-logger-log_info-插件目录 'E:\MY_projects\panel_plugins' 未找到。
2025-05-26 22:57:43,386-INFO-logger-log_info-插件模块扫描/重载完毕。活动类型: ['core_parse_panel', 'core_send_panel', 'core_plot_widget_panel']
2025-05-26 22:57:43,387-INFO-logger-log_info-“添加面板”菜单已更新。
2025-05-26 22:57:43,387-INFO-logger-log_info-插件热重载流程完毕。成功恢复 0 个面板实例。
2025-05-26 22:57:47,618-INFO-logger-log_info-关闭应用程序，正在停止后台线程...
2025-05-26 22:57:47,618-INFO-logger-log_info-DataProcessor: Stop requested.
2025-05-26 22:57:47,667-INFO-logger-log_info-DataProcessor thread stopped. Processed: 0, Errors: 0.
2025-05-26 22:57:47,669-WARNING-logger-log_warning-无效的波特率输入: '115200', 使用默认值 115200
2025-05-26 22:57:47,669-WARNING-logger-log_warning-无效的停止位输入: '1'，使用默认值 1
2025-05-26 22:57:47,671-INFO-logger-log_info-配置已保存到 'serial_debugger_config_v2.json'。
2025-05-26 22:57:47,671-INFO-logger-log_info-配置已自动保存。应用程序退出。
2025-05-26 23:07:42,813-INFO-logger-log_info-[GENERAL] Registered panel type: 'core_parse_panel' (数据解析面板) from class AdaptedParsePanelWidget in module __main__
2025-05-26 23:07:42,813-INFO-logger-log_info-[GENERAL] Registered panel type: 'core_send_panel' (数据发送面板) from class AdaptedSendPanelWidget in module __main__
2025-05-26 23:07:42,814-INFO-logger-log_info-[GENERAL] Registered panel type: 'core_plot_widget_panel' (波形图面板) from class AdaptedPlotWidgetPanel in module __main__
2025-05-26 23:07:42,836-INFO-logger-log_info-[GENERAL] DataProcessor thread started.
2025-05-26 23:07:42,884-INFO-logger-log_info-[GENERAL] 配置已从 'serial_debugger_config_v2.json' 加载。
2025-05-26 23:07:42,897-INFO-logger-log_info-[GENERAL] 主题已应用: amethyst
2025-05-26 23:07:42,905-INFO-logger-log_info-[GENERAL] [CONFIG] 配置已加载并应用到UI。
2025-05-26 23:07:42,905-INFO-logger-log_info-[GENERAL] PluginManager: Enabled plugins list updated: set()
2025-05-26 23:07:42,906-INFO-logger-log_info-[GENERAL] 插件目录 'E:\MY_projects\panel_plugins' 未找到。
2025-05-26 23:07:42,919-INFO-logger-log_info-[GENERAL] 应用程序启动 (插件管理增强)。
2025-05-26 23:08:30,777-INFO-logger-log_info-[GENERAL] 关闭应用程序，正在停止后台线程...
2025-05-26 23:08:30,777-INFO-logger-log_info-[GENERAL] DataProcessor: Stop requested.
2025-05-26 23:08:30,844-INFO-logger-log_info-[GENERAL] DataProcessor thread stopped. Processed: 0, Errors: 0.
2025-05-26 23:08:30,845-WARNING-logger-log_warning-[WARNING] 无效的波特率输入: '115200', 使用默认值 115200
2025-05-26 23:08:30,847-WARNING-logger-log_warning-[WARNING] 无效的停止位输入: '1'，使用默认值 1
2025-05-26 23:08:30,849-INFO-logger-log_info-[GENERAL] 配置已保存到 'serial_debugger_config_v2.json'。
2025-05-26 23:08:30,850-INFO-logger-log_info-[GENERAL] 配置已自动保存。应用程序退出。
2025-05-26 23:08:54,537-INFO-logger-log_info-[GENERAL] Registered panel type: 'core_parse_panel' (数据解析面板) from class AdaptedParsePanelWidget in module __main__
2025-05-26 23:08:54,537-INFO-logger-log_info-[GENERAL] Registered panel type: 'core_send_panel' (数据发送面板) from class AdaptedSendPanelWidget in module __main__
2025-05-26 23:08:54,537-INFO-logger-log_info-[GENERAL] Registered panel type: 'core_plot_widget_panel' (波形图面板) from class AdaptedPlotWidgetPanel in module __main__
2025-05-26 23:08:54,545-INFO-logger-log_info-[GENERAL] DataProcessor thread started.
2025-05-26 23:08:54,561-INFO-logger-log_info-[GENERAL] 配置文件 'serial_debugger_config_v2.json' 未找到。使用默认配置。
2025-05-26 23:08:54,571-INFO-logger-log_info-[GENERAL] 主题已应用: light
2025-05-26 23:08:54,577-INFO-logger-log_info-[GENERAL] [CONFIG] 配置已加载并应用到UI。
2025-05-26 23:08:54,577-INFO-logger-log_info-[GENERAL] PluginManager: Enabled plugins list updated: set()
2025-05-26 23:08:54,577-INFO-logger-log_info-[GENERAL] 插件目录 'E:\MY_projects\panel_plugins' 未找到。
2025-05-26 23:10:35,057-INFO-logger-log_info-[GENERAL] Registered panel type: 'core_parse_panel' (数据解析面板) from class AdaptedParsePanelWidget in module __main__
2025-05-26 23:10:35,058-INFO-logger-log_info-[GENERAL] Registered panel type: 'core_send_panel' (数据发送面板) from class AdaptedSendPanelWidget in module __main__
2025-05-26 23:10:35,058-INFO-logger-log_info-[GENERAL] Registered panel type: 'core_plot_widget_panel' (波形图面板) from class AdaptedPlotWidgetPanel in module __main__
2025-05-26 23:10:35,067-INFO-logger-log_info-[GENERAL] DataProcessor thread started.
2025-05-26 23:10:35,088-INFO-logger-log_info-[GENERAL] 配置文件 'serial_debugger_config_v2.json' 未找到。使用默认配置。
2025-05-26 23:10:35,100-INFO-logger-log_info-[GENERAL] 主题已应用: light
2025-05-26 23:10:35,108-INFO-logger-log_info-[GENERAL] [CONFIG] 配置已加载并应用到UI。
2025-05-26 23:10:35,109-INFO-logger-log_info-[GENERAL] PluginManager: Enabled plugins list updated: set()
2025-05-26 23:10:35,109-INFO-logger-log_info-[GENERAL] 插件目录 'E:\MY_projects\panel_plugins' 未找到。
2025-05-26 23:10:35,124-INFO-logger-log_info-[GENERAL] 应用程序启动 (插件管理增强)。
2025-05-26 23:13:18,374-INFO-logger-log_info-[GENERAL] 关闭应用程序，正在停止后台线程...
2025-05-26 23:13:18,375-INFO-logger-log_info-[GENERAL] DataProcessor: Stop requested.
2025-05-26 23:13:18,435-INFO-logger-log_info-[GENERAL] DataProcessor thread stopped. Processed: 0, Errors: 0.
2025-05-26 23:13:18,437-WARNING-logger-log_warning-[WARNING] 无效的波特率输入: '115200', 使用默认值 115200
2025-05-26 23:13:18,437-WARNING-logger-log_warning-[WARNING] 无效的停止位输入: '1'，使用默认值 1
2025-05-26 23:13:18,439-INFO-logger-log_info-[GENERAL] 配置已保存到 'serial_debugger_config_v2.json'。
2025-05-26 23:13:18,440-INFO-logger-log_info-[GENERAL] 配置已自动保存。应用程序退出。
2025-05-26 23:15:13,044-INFO-logger-log_info-[GENERAL] Registered panel type: 'core_parse_panel' (数据解析面板) from class AdaptedParsePanelWidget in module __main__
2025-05-26 23:15:13,044-INFO-logger-log_info-[GENERAL] Registered panel type: 'core_send_panel' (数据发送面板) from class AdaptedSendPanelWidget in module __main__
2025-05-26 23:15:13,044-INFO-logger-log_info-[GENERAL] Registered panel type: 'core_plot_widget_panel' (波形图面板) from class AdaptedPlotWidgetPanel in module __main__
2025-05-26 23:15:13,055-INFO-logger-log_info-[GENERAL] DataProcessor thread started.
2025-05-26 23:15:13,070-INFO-logger-log_info-[GENERAL] 配置已从 'serial_debugger_config_v2.json' 加载。
2025-05-26 23:15:13,079-INFO-logger-log_info-[GENERAL] 主题已应用: light
2025-05-26 23:15:13,084-INFO-logger-log_info-[GENERAL] [CONFIG] 配置已加载并应用到UI。
2025-05-26 23:15:13,084-INFO-logger-log_info-[GENERAL] PluginManager: Enabled plugins list updated: set()
2025-05-26 23:15:13,085-INFO-logger-log_info-[GENERAL] 插件目录 'E:\MY_projects\panel_plugins' 未找到。
2025-05-26 23:15:13,096-INFO-logger-log_info-[GENERAL] 应用程序启动 (插件管理增强)。
2025-05-26 23:15:28,904-INFO-logger-log_info-[GENERAL] 关闭应用程序，正在停止后台线程...
2025-05-26 23:15:28,904-INFO-logger-log_info-[GENERAL] DataProcessor: Stop requested.
2025-05-26 23:15:28,905-INFO-logger-log_info-[GENERAL] DataProcessor thread stopped. Processed: 0, Errors: 0.
2025-05-26 23:15:28,906-WARNING-logger-log_warning-[WARNING] 无效的波特率输入: '115200', 使用默认值 115200
2025-05-26 23:15:28,906-WARNING-logger-log_warning-[WARNING] 无效的停止位输入: '1'，使用默认值 1
2025-05-26 23:15:28,907-INFO-logger-log_info-[GENERAL] 配置已保存到 'serial_debugger_config_v2.json'。
2025-05-26 23:15:28,908-INFO-logger-log_info-[GENERAL] 配置已自动保存。应用程序退出。
2025-05-26 23:20:39,641-INFO-logger-log_info-[GENERAL] Registered panel type: 'core_parse_panel' (数据解析面板) from class AdaptedParsePanelWidget in module __main__
2025-05-26 23:20:39,642-INFO-logger-log_info-[GENERAL] Registered panel type: 'core_send_panel' (数据发送面板) from class AdaptedSendPanelWidget in module __main__
2025-05-26 23:20:39,642-INFO-logger-log_info-[GENERAL] Registered panel type: 'core_plot_widget_panel' (波形图面板) from class AdaptedPlotWidgetPanel in module __main__
2025-05-26 23:20:39,652-INFO-logger-log_info-[GENERAL] DataProcessor thread started.
2025-05-26 23:20:39,671-INFO-logger-log_info-[GENERAL] 配置已从 'serial_debugger_config_v2.json' 加载。
2025-05-26 23:20:39,680-INFO-logger-log_info-[GENERAL] 主题已应用: light
2025-05-26 23:20:39,687-INFO-logger-log_info-[GENERAL] [CONFIG] 配置已加载并应用到UI。
2025-05-26 23:20:39,687-INFO-logger-log_info-[GENERAL] PluginManager: Enabled plugins list updated: set()
2025-05-26 23:20:39,688-INFO-logger-log_info-[GENERAL] 插件目录 'E:\MY_projects\panel_plugins' 未找到。
2025-05-26 23:20:39,700-INFO-logger-log_info-[GENERAL] 应用程序启动 (插件管理增强)。
2025-05-26 23:20:53,336-INFO-logger-log_info-[GENERAL] 关闭应用程序，正在停止后台线程...
2025-05-26 23:20:53,336-INFO-logger-log_info-[GENERAL] DataProcessor: Stop requested.
2025-05-26 23:20:53,341-INFO-logger-log_info-[GENERAL] DataProcessor thread stopped. Processed: 0, Errors: 0.
2025-05-26 23:20:53,343-WARNING-logger-log_warning-[WARNING] 无效的波特率输入: '115200', 使用默认值 115200
2025-05-26 23:20:53,343-WARNING-logger-log_warning-[WARNING] 无效的停止位输入: '1'，使用默认值 1
2025-05-26 23:20:53,344-INFO-logger-log_info-[GENERAL] 配置已保存到 'serial_debugger_config_v2.json'。
2025-05-26 23:20:53,345-INFO-logger-log_info-[GENERAL] 配置已自动保存。应用程序退出。
2025-05-26 23:23:42,755-INFO-logger-log_info-[GENERAL] Registered panel type: 'core_parse_panel' (数据解析面板) from class AdaptedParsePanelWidget in module __main__
2025-05-26 23:23:42,755-INFO-logger-log_info-[GENERAL] Registered panel type: 'core_send_panel' (数据发送面板) from class AdaptedSendPanelWidget in module __main__
2025-05-26 23:23:42,755-INFO-logger-log_info-[GENERAL] Registered panel type: 'core_plot_widget_panel' (波形图面板) from class AdaptedPlotWidgetPanel in module __main__
2025-05-26 23:23:42,765-INFO-logger-log_info-[GENERAL] DataProcessor thread started.
2025-05-26 23:23:42,778-INFO-logger-log_info-[GENERAL] 配置已从 'serial_debugger_config_v2.json' 加载。
2025-05-26 23:23:42,786-INFO-logger-log_info-[GENERAL] 主题已应用: light
2025-05-26 23:23:42,791-INFO-logger-log_info-[GENERAL] [CONFIG] 配置已加载并应用到UI。
2025-05-26 23:23:42,791-INFO-logger-log_info-[GENERAL] PluginManager: Enabled plugins list updated: set()
2025-05-26 23:23:42,792-INFO-logger-log_info-[GENERAL] 插件目录 'E:\MY_projects\panel_plugins' 未找到。
2025-05-26 23:23:42,803-INFO-logger-log_info-[GENERAL] 应用程序启动 (插件管理增强)。
2025-05-26 23:24:53,987-INFO-logger-log_info-[GENERAL] 关闭应用程序，正在停止后台线程...
2025-05-26 23:24:53,988-INFO-logger-log_info-[GENERAL] DataProcessor: Stop requested.
2025-05-26 23:24:54,009-INFO-logger-log_info-[GENERAL] DataProcessor thread stopped. Processed: 0, Errors: 0.
2025-05-26 23:24:54,013-WARNING-logger-log_warning-[WARNING] 无效的波特率输入: '115200', 使用默认值 115200
2025-05-26 23:24:54,014-WARNING-logger-log_warning-[WARNING] 无效的停止位输入: '1'，使用默认值 1
2025-05-26 23:24:54,015-INFO-logger-log_info-[GENERAL] 配置已保存到 'serial_debugger_config_v2.json'。
2025-05-26 23:24:54,017-INFO-logger-log_info-[GENERAL] 配置已自动保存。应用程序退出。
2025-05-26 23:25:06,745-INFO-logger-log_info-[GENERAL] Registered panel type: 'core_parse_panel' (数据解析面板) from class AdaptedParsePanelWidget in module __main__
2025-05-26 23:25:06,745-INFO-logger-log_info-[GENERAL] Registered panel type: 'core_send_panel' (数据发送面板) from class AdaptedSendPanelWidget in module __main__
2025-05-26 23:25:06,745-INFO-logger-log_info-[GENERAL] Registered panel type: 'core_plot_widget_panel' (波形图面板) from class AdaptedPlotWidgetPanel in module __main__
2025-05-26 23:25:06,756-INFO-logger-log_info-[GENERAL] DataProcessor thread started.
2025-05-26 23:25:06,770-INFO-logger-log_info-[GENERAL] 配置已从 'serial_debugger_config_v2.json' 加载。
2025-05-26 23:25:06,778-INFO-logger-log_info-[GENERAL] 主题已应用: light
2025-05-26 23:25:06,784-INFO-logger-log_info-[GENERAL] [CONFIG] 配置已加载并应用到UI。
2025-05-26 23:25:06,784-INFO-logger-log_info-[GENERAL] PluginManager: Enabled plugins list updated: set()
2025-05-26 23:25:06,784-INFO-logger-log_info-[GENERAL] 插件目录 'E:\MY_projects\panel_plugins' 未找到。
2025-05-26 23:25:06,796-INFO-logger-log_info-[GENERAL] 应用程序启动 (插件管理增强)。
2025-05-26 23:25:15,594-INFO-logger-log_info-[PLUGIN_MGMT] 模块 'panel_plugins.example_custom_panel' 已标记为启用。
2025-05-26 23:25:15,594-INFO-logger-log_info-[GENERAL] PluginManager: Enabled plugins list updated: {'panel_plugins.example_custom_panel'}
2025-05-26 23:25:15,595-INFO-logger-log_info-[GENERAL] 配置已从 'serial_debugger_config_v2.json' 加载。
2025-05-26 23:25:15,596-INFO-logger-log_info-[GENERAL] 配置已保存到 'serial_debugger_config_v2.json'。
2025-05-26 23:25:15,596-INFO-logger-log_info-[PLUGIN_MGMT] 插件管理器请求更新模块 'panel_plugins.example_custom_panel' 状态为 'enabled'。
2025-05-26 23:25:22,342-INFO-logger-log_info-[GENERAL] 开始插件热重载流程...
2025-05-26 23:25:22,342-INFO-logger-log_info-[PLUGIN_MANAGER] Stored configs for 0 active panels before reload.
2025-05-26 23:25:22,342-INFO-logger-log_info-[GENERAL] PluginManager: Enabled plugins list updated: {'panel_plugins.example_custom_panel'}
2025-05-26 23:25:22,342-INFO-logger-log_info-[GENERAL] 正在重新扫描和加载插件模块...
2025-05-26 23:25:22,343-INFO-logger-log_info-[GENERAL] 插件目录 'E:\MY_projects\panel_plugins' 未找到。
2025-05-26 23:25:22,343-INFO-logger-log_info-[GENERAL] 插件模块扫描/重载完毕。活动类型: ['core_parse_panel', 'core_send_panel', 'core_plot_widget_panel']
2025-05-26 23:25:22,344-INFO-logger-log_info-[GENERAL] “添加面板”菜单已更新。
2025-05-26 23:25:22,344-INFO-logger-log_info-[GENERAL] 正在尝试恢复之前活动的面板...
2025-05-26 23:25:22,344-INFO-logger-log_info-[GENERAL] 插件热重载流程完毕。成功恢复 0 个面板实例。
2025-05-26 23:25:35,481-INFO-logger-log_info-[GENERAL] 开始插件热重载流程...
2025-05-26 23:25:35,483-INFO-logger-log_info-[GENERAL] PluginManager: Enabled plugins list updated: {'panel_plugins.example_custom_panel'}
2025-05-26 23:25:35,483-INFO-logger-log_info-[GENERAL] 正在重新扫描和加载插件模块...
2025-05-26 23:25:35,484-INFO-logger-log_info-[GENERAL] 插件目录 'E:\MY_projects\panel_plugins' 未找到。
2025-05-26 23:25:35,484-INFO-logger-log_info-[GENERAL] 插件模块扫描/重载完毕。活动类型: ['core_parse_panel', 'core_send_panel', 'core_plot_widget_panel']
2025-05-26 23:25:35,484-INFO-logger-log_info-[GENERAL] “添加面板”菜单已更新。
2025-05-26 23:25:35,484-INFO-logger-log_info-[GENERAL] 插件热重载流程完毕。成功恢复 0 个面板实例。
2025-05-26 23:25:45,317-INFO-logger-log_info-[PLUGIN_MGMT] 模块 'panel_plugins.example_custom_panel' 已标记为启用。
2025-05-26 23:25:45,317-INFO-logger-log_info-[GENERAL] PluginManager: Enabled plugins list updated: {'panel_plugins.example_custom_panel'}
2025-05-26 23:25:45,318-INFO-logger-log_info-[GENERAL] 配置已从 'serial_debugger_config_v2.json' 加载。
2025-05-26 23:25:45,318-INFO-logger-log_info-[GENERAL] 配置已保存到 'serial_debugger_config_v2.json'。
2025-05-26 23:25:45,318-INFO-logger-log_info-[PLUGIN_MGMT] 插件管理器请求更新模块 'panel_plugins.example_custom_panel' 状态为 'enabled'。
2025-05-26 23:25:53,972-INFO-logger-log_info-[GENERAL] 开始插件热重载流程...
2025-05-26 23:25:53,972-INFO-logger-log_info-[PLUGIN_MANAGER] Stored configs for 0 active panels before reload.
2025-05-26 23:25:53,972-INFO-logger-log_info-[GENERAL] PluginManager: Enabled plugins list updated: {'panel_plugins.example_custom_panel'}
2025-05-26 23:25:53,972-INFO-logger-log_info-[GENERAL] 正在重新扫描和加载插件模块...
2025-05-26 23:25:53,973-INFO-logger-log_info-[GENERAL] 插件目录 'E:\MY_projects\panel_plugins' 未找到。
2025-05-26 23:25:53,973-INFO-logger-log_info-[GENERAL] 插件模块扫描/重载完毕。活动类型: ['core_parse_panel', 'core_send_panel', 'core_plot_widget_panel']
2025-05-26 23:25:53,973-INFO-logger-log_info-[GENERAL] “添加面板”菜单已更新。
2025-05-26 23:25:53,973-INFO-logger-log_info-[GENERAL] 正在尝试恢复之前活动的面板...
2025-05-26 23:25:53,973-INFO-logger-log_info-[GENERAL] 插件热重载流程完毕。成功恢复 0 个面板实例。
2025-05-26 23:25:58,854-INFO-logger-log_info-[GENERAL] 开始插件热重载流程...
2025-05-26 23:25:58,854-INFO-logger-log_info-[GENERAL] PluginManager: Enabled plugins list updated: {'panel_plugins.example_custom_panel'}
2025-05-26 23:25:58,854-INFO-logger-log_info-[GENERAL] 正在重新扫描和加载插件模块...
2025-05-26 23:25:58,854-INFO-logger-log_info-[GENERAL] 插件目录 'E:\MY_projects\panel_plugins' 未找到。
2025-05-26 23:25:58,854-INFO-logger-log_info-[GENERAL] 插件模块扫描/重载完毕。活动类型: ['core_parse_panel', 'core_send_panel', 'core_plot_widget_panel']
2025-05-26 23:25:58,854-INFO-logger-log_info-[GENERAL] “添加面板”菜单已更新。
2025-05-26 23:25:58,855-INFO-logger-log_info-[GENERAL] 插件热重载流程完毕。成功恢复 0 个面板实例。
2025-05-26 23:26:02,804-INFO-logger-log_info-[GENERAL] 开始插件热重载流程...
2025-05-26 23:26:02,804-INFO-logger-log_info-[GENERAL] PluginManager: Enabled plugins list updated: {'panel_plugins.example_custom_panel'}
2025-05-26 23:26:02,804-INFO-logger-log_info-[GENERAL] 正在重新扫描和加载插件模块...
2025-05-26 23:26:02,804-INFO-logger-log_info-[GENERAL] 插件目录 'E:\MY_projects\panel_plugins' 未找到。
2025-05-26 23:26:02,804-INFO-logger-log_info-[GENERAL] 插件模块扫描/重载完毕。活动类型: ['core_parse_panel', 'core_send_panel', 'core_plot_widget_panel']
2025-05-26 23:26:02,805-INFO-logger-log_info-[GENERAL] “添加面板”菜单已更新。
2025-05-26 23:26:02,805-INFO-logger-log_info-[GENERAL] 插件热重载流程完毕。成功恢复 0 个面板实例。
2025-05-26 23:27:24,717-INFO-logger-log_info-[PLUGIN_MGMT] 模块 'panel_plugins.example_custom_panel' 已标记为禁用。
2025-05-26 23:27:24,717-INFO-logger-log_info-[GENERAL] PluginManager: Enabled plugins list updated: set()
2025-05-26 23:27:24,718-INFO-logger-log_info-[GENERAL] 配置已从 'serial_debugger_config_v2.json' 加载。
2025-05-26 23:27:24,718-INFO-logger-log_info-[GENERAL] 配置已保存到 'serial_debugger_config_v2.json'。
2025-05-26 23:27:24,719-INFO-logger-log_info-[PLUGIN_MGMT] 插件管理器请求更新模块 'panel_plugins.example_custom_panel' 状态为 'disabled'。
2025-05-26 23:27:26,224-INFO-logger-log_info-[GENERAL] 开始插件热重载流程...
2025-05-26 23:27:26,224-INFO-logger-log_info-[PLUGIN_MANAGER] Stored configs for 0 active panels before reload.
2025-05-26 23:27:26,224-INFO-logger-log_info-[GENERAL] PluginManager: Enabled plugins list updated: set()
2025-05-26 23:27:26,224-INFO-logger-log_info-[GENERAL] 正在重新扫描和加载插件模块...
2025-05-26 23:27:26,224-INFO-logger-log_info-[GENERAL] 插件目录 'E:\MY_projects\panel_plugins' 未找到。
2025-05-26 23:27:26,225-INFO-logger-log_info-[GENERAL] 插件模块扫描/重载完毕。活动类型: ['core_parse_panel', 'core_send_panel', 'core_plot_widget_panel']
2025-05-26 23:27:26,225-INFO-logger-log_info-[GENERAL] “添加面板”菜单已更新。
2025-05-26 23:27:26,225-INFO-logger-log_info-[GENERAL] 正在尝试恢复之前活动的面板...
2025-05-26 23:27:26,225-INFO-logger-log_info-[GENERAL] 插件热重载流程完毕。成功恢复 0 个面板实例。
2025-05-26 23:27:41,592-INFO-logger-log_info-[PLUGIN_MGMT] 模块 'panel_plugins.example_custom_panel' 已标记为启用。
2025-05-26 23:27:41,592-INFO-logger-log_info-[GENERAL] PluginManager: Enabled plugins list updated: {'panel_plugins.example_custom_panel'}
2025-05-26 23:27:41,593-INFO-logger-log_info-[GENERAL] 配置已从 'serial_debugger_config_v2.json' 加载。
2025-05-26 23:27:41,593-INFO-logger-log_info-[GENERAL] 配置已保存到 'serial_debugger_config_v2.json'。
2025-05-26 23:27:41,593-INFO-logger-log_info-[PLUGIN_MGMT] 插件管理器请求更新模块 'panel_plugins.example_custom_panel' 状态为 'enabled'。
2025-05-26 23:27:42,794-INFO-logger-log_info-[GENERAL] 开始插件热重载流程...
2025-05-26 23:27:42,795-INFO-logger-log_info-[PLUGIN_MANAGER] Stored configs for 0 active panels before reload.
2025-05-26 23:27:42,795-INFO-logger-log_info-[GENERAL] PluginManager: Enabled plugins list updated: {'panel_plugins.example_custom_panel'}
2025-05-26 23:27:42,795-INFO-logger-log_info-[GENERAL] 正在重新扫描和加载插件模块...
2025-05-26 23:27:42,795-INFO-logger-log_info-[GENERAL] 插件目录 'E:\MY_projects\panel_plugins' 未找到。
2025-05-26 23:27:42,795-INFO-logger-log_info-[GENERAL] 插件模块扫描/重载完毕。活动类型: ['core_parse_panel', 'core_send_panel', 'core_plot_widget_panel']
2025-05-26 23:27:42,796-INFO-logger-log_info-[GENERAL] “添加面板”菜单已更新。
2025-05-26 23:27:42,796-INFO-logger-log_info-[GENERAL] 正在尝试恢复之前活动的面板...
2025-05-26 23:27:42,796-INFO-logger-log_info-[GENERAL] 插件热重载流程完毕。成功恢复 0 个面板实例。
2025-05-26 23:28:36,882-INFO-logger-log_info-[GENERAL] 关闭应用程序，正在停止后台线程...
2025-05-26 23:28:36,883-INFO-logger-log_info-[GENERAL] DataProcessor: Stop requested.
2025-05-26 23:28:36,927-INFO-logger-log_info-[GENERAL] DataProcessor thread stopped. Processed: 0, Errors: 0.
2025-05-26 23:28:36,929-WARNING-logger-log_warning-[WARNING] 无效的波特率输入: '115200', 使用默认值 115200
2025-05-26 23:28:36,930-WARNING-logger-log_warning-[WARNING] 无效的停止位输入: '1'，使用默认值 1
2025-05-26 23:28:36,931-INFO-logger-log_info-[GENERAL] 配置已保存到 'serial_debugger_config_v2.json'。
2025-05-26 23:28:36,933-INFO-logger-log_info-[GENERAL] 配置已自动保存。应用程序退出。
2025-05-26 23:29:10,749-INFO-logger-log_info-[GENERAL] Registered panel type: 'core_parse_panel' (数据解析面板) from class AdaptedParsePanelWidget in module __main__
2025-05-26 23:29:10,750-INFO-logger-log_info-[GENERAL] Registered panel type: 'core_send_panel' (数据发送面板) from class AdaptedSendPanelWidget in module __main__
2025-05-26 23:29:10,750-INFO-logger-log_info-[GENERAL] Registered panel type: 'core_plot_widget_panel' (波形图面板) from class AdaptedPlotWidgetPanel in module __main__
2025-05-26 23:29:10,761-INFO-logger-log_info-[GENERAL] DataProcessor thread started.
2025-05-26 23:29:10,777-INFO-logger-log_info-[GENERAL] 配置已从 'serial_debugger_config_v2.json' 加载。
2025-05-26 23:29:10,787-INFO-logger-log_info-[GENERAL] 主题已应用: light
2025-05-26 23:29:10,794-INFO-logger-log_info-[GENERAL] [CONFIG] 配置已加载并应用到UI。
2025-05-26 23:29:10,794-INFO-logger-log_info-[GENERAL] PluginManager: Enabled plugins list updated: {'panel_plugins.example_custom_panel'}
2025-05-26 23:29:10,795-INFO-logger-log_info-[GENERAL] 插件目录 'E:\MY_projects\panel_plugins' 未找到。
2025-05-26 23:29:10,807-INFO-logger-log_info-[GENERAL] 应用程序启动 (插件管理增强)。
2025-05-26 23:29:16,751-INFO-logger-log_info-[PLUGIN_MGMT] 模块 'panel_plugins.example_custom_panel' 已标记为禁用。
2025-05-26 23:29:16,752-INFO-logger-log_info-[GENERAL] PluginManager: Enabled plugins list updated: set()
2025-05-26 23:29:16,753-INFO-logger-log_info-[GENERAL] 配置已从 'serial_debugger_config_v2.json' 加载。
2025-05-26 23:29:16,754-INFO-logger-log_info-[GENERAL] 配置已保存到 'serial_debugger_config_v2.json'。
2025-05-26 23:29:16,754-INFO-logger-log_info-[PLUGIN_MGMT] 插件管理器请求更新模块 'panel_plugins.example_custom_panel' 状态为 'disabled'。
2025-05-26 23:29:17,988-INFO-logger-log_info-[GENERAL] 开始插件热重载流程...
2025-05-26 23:29:17,988-INFO-logger-log_info-[PLUGIN_MANAGER] Stored configs for 0 active panels before reload.
2025-05-26 23:29:17,988-INFO-logger-log_info-[GENERAL] PluginManager: Enabled plugins list updated: set()
2025-05-26 23:29:17,988-INFO-logger-log_info-[GENERAL] 正在重新扫描和加载插件模块...
2025-05-26 23:29:17,989-INFO-logger-log_info-[GENERAL] 插件目录 'E:\MY_projects\panel_plugins' 未找到。
2025-05-26 23:29:17,989-INFO-logger-log_info-[GENERAL] 插件模块扫描/重载完毕。活动类型: ['core_parse_panel', 'core_send_panel', 'core_plot_widget_panel']
2025-05-26 23:29:17,989-INFO-logger-log_info-[GENERAL] “添加面板”菜单已更新。
2025-05-26 23:29:17,989-INFO-logger-log_info-[GENERAL] 正在尝试恢复之前活动的面板...
2025-05-26 23:29:17,989-INFO-logger-log_info-[GENERAL] 插件热重载流程完毕。成功恢复 0 个面板实例。
2025-05-26 23:29:24,697-INFO-logger-log_info-[PLUGIN_MGMT] 模块 'panel_plugins.example_custom_panel' 已标记为启用。
2025-05-26 23:29:24,698-INFO-logger-log_info-[GENERAL] PluginManager: Enabled plugins list updated: {'panel_plugins.example_custom_panel'}
2025-05-26 23:29:24,698-INFO-logger-log_info-[GENERAL] 配置已从 'serial_debugger_config_v2.json' 加载。
2025-05-26 23:29:24,700-INFO-logger-log_info-[GENERAL] 配置已保存到 'serial_debugger_config_v2.json'。
2025-05-26 23:29:24,700-INFO-logger-log_info-[PLUGIN_MGMT] 插件管理器请求更新模块 'panel_plugins.example_custom_panel' 状态为 'enabled'。
2025-05-26 23:29:27,470-INFO-logger-log_info-[GENERAL] 开始插件热重载流程...
2025-05-26 23:29:27,471-INFO-logger-log_info-[PLUGIN_MANAGER] Stored configs for 0 active panels before reload.
2025-05-26 23:29:27,471-INFO-logger-log_info-[GENERAL] PluginManager: Enabled plugins list updated: {'panel_plugins.example_custom_panel'}
2025-05-26 23:29:27,471-INFO-logger-log_info-[GENERAL] 正在重新扫描和加载插件模块...
2025-05-26 23:29:27,471-INFO-logger-log_info-[GENERAL] 插件目录 'E:\MY_projects\panel_plugins' 未找到。
2025-05-26 23:29:27,471-INFO-logger-log_info-[GENERAL] 插件模块扫描/重载完毕。活动类型: ['core_parse_panel', 'core_send_panel', 'core_plot_widget_panel']
2025-05-26 23:29:27,471-INFO-logger-log_info-[GENERAL] “添加面板”菜单已更新。
2025-05-26 23:29:27,471-INFO-logger-log_info-[GENERAL] 正在尝试恢复之前活动的面板...
2025-05-26 23:29:27,471-INFO-logger-log_info-[GENERAL] 插件热重载流程完毕。成功恢复 0 个面板实例。
2025-05-26 23:31:05,553-INFO-logger-log_info-[GENERAL] 关闭应用程序，正在停止后台线程...
2025-05-26 23:31:05,553-INFO-logger-log_info-[GENERAL] DataProcessor: Stop requested.
2025-05-26 23:31:05,575-INFO-logger-log_info-[GENERAL] DataProcessor thread stopped. Processed: 0, Errors: 0.
2025-05-26 23:31:05,579-WARNING-logger-log_warning-[WARNING] 无效的波特率输入: '115200', 使用默认值 115200
2025-05-26 23:31:05,579-WARNING-logger-log_warning-[WARNING] 无效的停止位输入: '1'，使用默认值 1
2025-05-26 23:31:05,581-INFO-logger-log_info-[GENERAL] 配置已保存到 'serial_debugger_config_v2.json'。
2025-05-26 23:31:05,582-INFO-logger-log_info-[GENERAL] 配置已自动保存。应用程序退出。
2025-05-26 23:31:23,933-INFO-logger-log_info-[GENERAL] Registered panel type: 'core_parse_panel' (数据解析面板) from class AdaptedParsePanelWidget in module __main__
2025-05-26 23:31:23,933-INFO-logger-log_info-[GENERAL] Registered panel type: 'core_send_panel' (数据发送面板) from class AdaptedSendPanelWidget in module __main__
2025-05-26 23:31:23,934-INFO-logger-log_info-[GENERAL] Registered panel type: 'core_plot_widget_panel' (波形图面板) from class AdaptedPlotWidgetPanel in module __main__
2025-05-26 23:31:23,952-INFO-logger-log_info-[GENERAL] DataProcessor thread started.
2025-05-26 23:31:23,971-INFO-logger-log_info-[GENERAL] 配置已从 'serial_debugger_config_v2.json' 加载。
2025-05-26 23:31:23,980-INFO-logger-log_info-[GENERAL] 主题已应用: light
2025-05-26 23:31:23,984-INFO-logger-log_info-[GENERAL] [CONFIG] 配置已加载并应用到UI。
2025-05-26 23:31:23,985-INFO-logger-log_info-[GENERAL] PluginManager: Enabled plugins list updated: {'panel_plugins.example_custom_panel'}
2025-05-26 23:31:23,985-INFO-logger-log_info-[GENERAL] 插件目录 'E:\MY_projects\panel_plugins' 未找到。
2025-05-26 23:31:23,997-INFO-logger-log_info-[GENERAL] 应用程序启动 (插件管理增强)。
2025-05-26 23:31:47,097-INFO-logger-log_info-[PLUGIN_MGMT] 模块 'panel_plugins.example_custom_panel' 已标记为启用。
2025-05-26 23:31:47,097-INFO-logger-log_info-[GENERAL] PluginManager: Enabled plugins list updated: {'panel_plugins.example_custom_panel'}
2025-05-26 23:31:47,098-INFO-logger-log_info-[GENERAL] 配置已从 'serial_debugger_config_v2.json' 加载。
2025-05-26 23:31:47,099-INFO-logger-log_info-[GENERAL] 配置已保存到 'serial_debugger_config_v2.json'。
2025-05-26 23:31:47,099-INFO-logger-log_info-[PLUGIN_MGMT] 插件管理器请求更新模块 'panel_plugins.example_custom_panel' 状态为 'enabled'。
2025-05-26 23:31:48,464-INFO-logger-log_info-[GENERAL] 开始插件热重载流程...
2025-05-26 23:31:48,464-INFO-logger-log_info-[PLUGIN_MANAGER] Stored configs for 0 active panels before reload.
2025-05-26 23:31:48,464-INFO-logger-log_info-[GENERAL] PluginManager: Enabled plugins list updated: {'panel_plugins.example_custom_panel'}
2025-05-26 23:31:48,464-INFO-logger-log_info-[GENERAL] 正在重新扫描和加载插件模块...
2025-05-26 23:31:48,464-INFO-logger-log_info-[GENERAL] 插件目录 'E:\MY_projects\panel_plugins' 未找到。
2025-05-26 23:31:48,464-INFO-logger-log_info-[GENERAL] 插件模块扫描/重载完毕。活动类型: ['core_parse_panel', 'core_send_panel', 'core_plot_widget_panel']
2025-05-26 23:31:48,464-INFO-logger-log_info-[GENERAL] “添加面板”菜单已更新。
2025-05-26 23:31:48,466-INFO-logger-log_info-[GENERAL] 正在尝试恢复之前活动的面板...
2025-05-26 23:31:48,466-INFO-logger-log_info-[GENERAL] 插件热重载流程完毕。成功恢复 0 个面板实例。
2025-05-26 23:31:54,805-INFO-logger-log_info-[GENERAL] 关闭应用程序，正在停止后台线程...
2025-05-26 23:31:54,805-INFO-logger-log_info-[GENERAL] DataProcessor: Stop requested.
2025-05-26 23:31:54,828-INFO-logger-log_info-[GENERAL] DataProcessor thread stopped. Processed: 0, Errors: 0.
2025-05-26 23:31:54,833-WARNING-logger-log_warning-[WARNING] 无效的波特率输入: '115200', 使用默认值 115200
2025-05-26 23:31:54,833-WARNING-logger-log_warning-[WARNING] 无效的停止位输入: '1'，使用默认值 1
2025-05-26 23:31:54,836-INFO-logger-log_info-[GENERAL] 配置已保存到 'serial_debugger_config_v2.json'。
2025-05-26 23:31:54,838-INFO-logger-log_info-[GENERAL] 配置已自动保存。应用程序退出。
2025-05-26 23:36:56,472-INFO-logger-log_info-[GENERAL] Registered panel type: 'core_parse_panel' (数据解析面板) from class AdaptedParsePanelWidget in module __main__
2025-05-26 23:36:56,472-INFO-logger-log_info-[GENERAL] Registered panel type: 'core_send_panel' (数据发送面板) from class AdaptedSendPanelWidget in module __main__
2025-05-26 23:36:56,472-INFO-logger-log_info-[GENERAL] Registered panel type: 'core_plot_widget_panel' (波形图面板) from class AdaptedPlotWidgetPanel in module __main__
2025-05-26 23:36:56,491-INFO-logger-log_info-[GENERAL] DataProcessor thread started.
2025-05-26 23:36:56,542-INFO-logger-log_info-[GENERAL] 配置已从 'serial_debugger_config_v2.json' 加载。
2025-05-26 23:36:56,555-INFO-logger-log_info-[GENERAL] 主题已应用: light
2025-05-26 23:36:56,562-INFO-logger-log_info-[GENERAL] [CONFIG] 配置已加载并应用到UI。
2025-05-26 23:36:56,562-INFO-logger-log_info-[GENERAL] PluginManager: Enabled plugins list updated: {'panel_plugins.example_custom_panel'}
2025-05-26 23:36:56,563-INFO-logger-log_info-[GENERAL] 插件目录 'E:\MY_projects\panel_plugins' 未找到。
2025-05-26 23:36:56,574-INFO-logger-log_info-[GENERAL] 应用程序启动 (插件管理增强)。
2025-05-26 23:37:05,585-INFO-logger-log_info-[PLUGIN_MGMT] 模块 'panel_plugins.example_custom_panel' 已标记为禁用。
2025-05-26 23:37:05,586-INFO-logger-log_info-[GENERAL] PluginManager: Enabled plugins list updated: set()
2025-05-26 23:37:05,586-INFO-logger-log_info-[GENERAL] 配置已从 'serial_debugger_config_v2.json' 加载。
2025-05-26 23:37:05,587-INFO-logger-log_info-[GENERAL] 配置已保存到 'serial_debugger_config_v2.json'。
2025-05-26 23:37:05,587-INFO-logger-log_info-[PLUGIN_MGMT] 插件管理器请求更新模块 'panel_plugins.example_custom_panel' 状态为 'disabled'。
2025-05-26 23:37:09,485-INFO-logger-log_info-[GENERAL] 开始插件热重载流程...
2025-05-26 23:37:09,486-INFO-logger-log_info-[PLUGIN_MANAGER] Stored configs for 0 active panels before reload.
2025-05-26 23:37:09,486-INFO-logger-log_info-[GENERAL] PluginManager: Enabled plugins list updated: set()
2025-05-26 23:37:09,486-INFO-logger-log_info-[GENERAL] 正在重新扫描和加载插件模块...
2025-05-26 23:37:09,486-INFO-logger-log_info-[GENERAL] 插件目录 'E:\MY_projects\panel_plugins' 未找到。
2025-05-26 23:37:09,486-INFO-logger-log_info-[GENERAL] 插件模块扫描/重载完毕。活动类型: ['core_parse_panel', 'core_send_panel', 'core_plot_widget_panel']
2025-05-26 23:37:09,486-INFO-logger-log_info-[GENERAL] “添加面板”菜单已更新。
2025-05-26 23:37:09,486-INFO-logger-log_info-[GENERAL] 正在尝试恢复之前活动的面板...
2025-05-26 23:37:09,487-INFO-logger-log_info-[GENERAL] 插件热重载流程完毕。成功恢复 0 个面板实例。
2025-05-26 23:37:12,543-INFO-logger-log_info-[PLUGIN_MGMT] 模块 'panel_plugins.example_custom_panel' 已标记为启用。
2025-05-26 23:37:12,543-INFO-logger-log_info-[GENERAL] PluginManager: Enabled plugins list updated: {'panel_plugins.example_custom_panel'}
2025-05-26 23:37:12,545-INFO-logger-log_info-[GENERAL] 配置已从 'serial_debugger_config_v2.json' 加载。
2025-05-26 23:37:12,546-INFO-logger-log_info-[GENERAL] 配置已保存到 'serial_debugger_config_v2.json'。
2025-05-26 23:37:12,546-INFO-logger-log_info-[PLUGIN_MGMT] 插件管理器请求更新模块 'panel_plugins.example_custom_panel' 状态为 'enabled'。
2025-05-26 23:37:14,855-INFO-logger-log_info-[GENERAL] 开始插件热重载流程...
2025-05-26 23:37:14,855-INFO-logger-log_info-[PLUGIN_MANAGER] Stored configs for 0 active panels before reload.
2025-05-26 23:37:14,855-INFO-logger-log_info-[GENERAL] PluginManager: Enabled plugins list updated: {'panel_plugins.example_custom_panel'}
2025-05-26 23:37:14,855-INFO-logger-log_info-[GENERAL] 正在重新扫描和加载插件模块...
2025-05-26 23:37:14,855-INFO-logger-log_info-[GENERAL] 插件目录 'E:\MY_projects\panel_plugins' 未找到。
2025-05-26 23:37:14,855-INFO-logger-log_info-[GENERAL] 插件模块扫描/重载完毕。活动类型: ['core_parse_panel', 'core_send_panel', 'core_plot_widget_panel']
2025-05-26 23:37:14,855-INFO-logger-log_info-[GENERAL] “添加面板”菜单已更新。
2025-05-26 23:37:14,855-INFO-logger-log_info-[GENERAL] 正在尝试恢复之前活动的面板...
2025-05-26 23:37:14,856-INFO-logger-log_info-[GENERAL] 插件热重载流程完毕。成功恢复 0 个面板实例。
2025-05-26 23:37:19,553-INFO-logger-log_info-[GENERAL] 关闭应用程序，正在停止后台线程...
2025-05-26 23:37:19,553-INFO-logger-log_info-[GENERAL] DataProcessor: Stop requested.
2025-05-26 23:37:19,609-INFO-logger-log_info-[GENERAL] DataProcessor thread stopped. Processed: 0, Errors: 0.
2025-05-26 23:37:19,610-WARNING-logger-log_warning-[WARNING] 无效的波特率输入: '115200', 使用默认值 115200
2025-05-26 23:37:19,610-WARNING-logger-log_warning-[WARNING] 无效的停止位输入: '1'，使用默认值 1
2025-05-26 23:37:19,612-INFO-logger-log_info-[GENERAL] 配置已保存到 'serial_debugger_config_v2.json'。
2025-05-26 23:37:19,613-INFO-logger-log_info-[GENERAL] 配置已自动保存。应用程序退出。
2025-05-26 23:42:20,295-INFO-logger-log_info-[GENERAL] Registered panel type: 'core_parse_panel' (数据解析面板) from class AdaptedParsePanelWidget in module __main__
2025-05-26 23:42:20,295-INFO-logger-log_info-[GENERAL] Registered panel type: 'core_send_panel' (数据发送面板) from class AdaptedSendPanelWidget in module __main__
2025-05-26 23:42:20,296-INFO-logger-log_info-[GENERAL] Registered panel type: 'core_plot_widget_panel' (波形图面板) from class AdaptedPlotWidgetPanel in module __main__
2025-05-26 23:42:20,315-INFO-logger-log_info-[GENERAL] DataProcessor thread started.
2025-05-26 23:42:20,365-INFO-logger-log_info-[GENERAL] 配置已从 'serial_debugger_config_v2.json' 加载。
2025-05-26 23:42:20,376-INFO-logger-log_info-[GENERAL] 主题已应用: light
2025-05-26 23:42:20,384-INFO-logger-log_info-[GENERAL] [CONFIG] 配置已加载并应用到UI。
2025-05-26 23:42:20,384-INFO-logger-log_info-[GENERAL] PluginManager: Enabled plugins list updated: {'panel_plugins.example_custom_panel'}
2025-05-26 23:42:20,384-INFO-logger-log_info-[GENERAL] 插件目录 'E:\MY_projects\panel_plugins' 未找到。
2025-05-26 23:42:20,396-INFO-logger-log_info-[GENERAL] 应用程序启动 (插件管理增强)。
2025-05-26 23:42:28,984-INFO-logger-log_info-[PLUGIN_MGMT] 模块 'panel_plugins.example_custom_panel' 已标记为禁用。
2025-05-26 23:42:28,985-INFO-logger-log_info-[GENERAL] PluginManager: Enabled plugins list updated: set()
2025-05-26 23:42:28,985-INFO-logger-log_info-[GENERAL] 配置已从 'serial_debugger_config_v2.json' 加载。
2025-05-26 23:42:28,986-INFO-logger-log_info-[GENERAL] 配置已保存到 'serial_debugger_config_v2.json'。
2025-05-26 23:42:28,986-INFO-logger-log_info-[PLUGIN_MGMT] 插件管理器请求更新模块 'panel_plugins.example_custom_panel' 状态为 'disabled'。
2025-05-26 23:42:30,782-INFO-logger-log_info-[GENERAL] 开始插件热重载流程...
2025-05-26 23:42:30,784-INFO-logger-log_info-[PLUGIN_MANAGER] Stored configs for 0 active panels before reload.
2025-05-26 23:42:30,784-INFO-logger-log_info-[GENERAL] PluginManager: Enabled plugins list updated: set()
2025-05-26 23:42:30,784-INFO-logger-log_info-[GENERAL] 正在重新扫描和加载插件模块...
2025-05-26 23:42:30,784-INFO-logger-log_info-[GENERAL] 插件目录 'E:\MY_projects\panel_plugins' 未找到。
2025-05-26 23:42:30,784-INFO-logger-log_info-[GENERAL] 插件模块扫描/重载完毕。活动类型: ['core_parse_panel', 'core_send_panel', 'core_plot_widget_panel']
2025-05-26 23:42:30,784-INFO-logger-log_info-[GENERAL] “添加面板”菜单已更新。
2025-05-26 23:42:30,784-INFO-logger-log_info-[GENERAL] 正在尝试恢复之前活动的面板...
2025-05-26 23:42:30,784-INFO-logger-log_info-[GENERAL] 插件热重载流程完毕。成功恢复 0 个面板实例。
2025-05-26 23:42:33,128-INFO-logger-log_info-[PLUGIN_MGMT] 模块 'panel_plugins.example_custom_panel' 已标记为启用。
2025-05-26 23:42:33,128-INFO-logger-log_info-[GENERAL] PluginManager: Enabled plugins list updated: {'panel_plugins.example_custom_panel'}
2025-05-26 23:42:33,129-INFO-logger-log_info-[GENERAL] 配置已从 'serial_debugger_config_v2.json' 加载。
2025-05-26 23:42:33,129-INFO-logger-log_info-[GENERAL] 配置已保存到 'serial_debugger_config_v2.json'。
2025-05-26 23:42:33,129-INFO-logger-log_info-[PLUGIN_MGMT] 插件管理器请求更新模块 'panel_plugins.example_custom_panel' 状态为 'enabled'。
2025-05-26 23:42:34,489-INFO-logger-log_info-[GENERAL] 开始插件热重载流程...
2025-05-26 23:42:34,489-INFO-logger-log_info-[PLUGIN_MANAGER] Stored configs for 0 active panels before reload.
2025-05-26 23:42:34,489-INFO-logger-log_info-[GENERAL] PluginManager: Enabled plugins list updated: {'panel_plugins.example_custom_panel'}
2025-05-26 23:42:34,489-INFO-logger-log_info-[GENERAL] 正在重新扫描和加载插件模块...
2025-05-26 23:42:34,489-INFO-logger-log_info-[GENERAL] 插件目录 'E:\MY_projects\panel_plugins' 未找到。
2025-05-26 23:42:34,489-INFO-logger-log_info-[GENERAL] 插件模块扫描/重载完毕。活动类型: ['core_parse_panel', 'core_send_panel', 'core_plot_widget_panel']
2025-05-26 23:42:34,491-INFO-logger-log_info-[GENERAL] “添加面板”菜单已更新。
2025-05-26 23:42:34,491-INFO-logger-log_info-[GENERAL] 正在尝试恢复之前活动的面板...
2025-05-26 23:42:34,491-INFO-logger-log_info-[GENERAL] 插件热重载流程完毕。成功恢复 0 个面板实例。
2025-05-26 23:42:45,442-INFO-logger-log_info-[GENERAL] 关闭应用程序，正在停止后台线程...
2025-05-26 23:42:45,442-INFO-logger-log_info-[GENERAL] DataProcessor: Stop requested.
2025-05-26 23:42:45,504-INFO-logger-log_info-[GENERAL] DataProcessor thread stopped. Processed: 0, Errors: 0.
2025-05-26 23:42:45,505-WARNING-logger-log_warning-[WARNING] 无效的波特率输入: '115200', 使用默认值 115200
2025-05-26 23:42:45,505-WARNING-logger-log_warning-[WARNING] 无效的停止位输入: '1'，使用默认值 1
2025-05-26 23:42:45,506-INFO-logger-log_info-[GENERAL] 配置已保存到 'serial_debugger_config_v2.json'。
2025-05-26 23:42:45,507-INFO-logger-log_info-[GENERAL] 配置已自动保存。应用程序退出。
2025-05-26 23:50:59,287-INFO-logger-log_info-[GENERAL] DataProcessor thread started.
2025-05-26 23:56:18,685-INFO-logger-log_info-[GENERAL] Registered panel type: 'core_parse_panel' (数据解析面板) from class AdaptedParsePanelWidget in module __main__
2025-05-26 23:56:18,685-INFO-logger-log_info-[GENERAL] Registered panel type: 'core_send_panel' (数据发送面板) from class AdaptedSendPanelWidget in module __main__
2025-05-26 23:56:18,685-INFO-logger-log_info-[GENERAL] Registered panel type: 'core_plot_widget_panel' (波形图面板) from class AdaptedPlotWidgetPanel in module __main__
2025-05-26 23:56:18,698-INFO-logger-log_info-[GENERAL] DataProcessor thread started.
2025-05-26 23:56:18,853-INFO-logger-log_info-[GENERAL] 配置已从 'serial_debugger_config_v2.json' 加载。
2025-05-26 23:56:18,879-INFO-logger-log_info-[GENERAL] 主题已应用: light
2025-05-26 23:56:18,896-INFO-logger-log_info-[GENERAL] [CONFIG] 配置已加载并应用到UI。
2025-05-26 23:56:18,896-INFO-logger-log_info-[GENERAL] PluginManager: Enabled plugins list updated: {'panel_plugins.example_custom_panel'}
2025-05-26 23:56:18,897-INFO-logger-log_info-[GENERAL] 插件目录 'E:\MY_projects\panel_plugins' 未找到。
2025-05-26 23:56:18,923-INFO-logger-log_info-[GENERAL] 应用程序启动 (插件管理增强)。
2025-05-26 23:56:39,728-INFO-logger-log_info-[GENERAL] 关闭应用程序，正在停止后台线程...
2025-05-26 23:56:39,729-INFO-logger-log_info-[GENERAL] DataProcessor: Stop requested.
2025-05-26 23:56:39,775-INFO-logger-log_info-[GENERAL] DataProcessor thread stopped. Processed: 0, Errors: 0.
2025-05-26 23:56:39,777-WARNING-logger-log_warning-[WARNING] 无效的波特率输入: '115200', 使用默认值 115200
2025-05-26 23:56:39,777-WARNING-logger-log_warning-[WARNING] 无效的停止位输入: '1'，使用默认值 1
2025-05-26 23:56:39,778-INFO-logger-log_info-[GENERAL] 配置已保存到 'serial_debugger_config_v2.json'。
2025-05-26 23:56:39,780-INFO-logger-log_info-[GENERAL] 配置已自动保存。应用程序退出。
